number,value,datetime_start,datetime_complete,duration,params_alpha,params_initial_temperature,params_mutation_ratio,params_no_generations,params_population_size,params_var,state,population_size,no_generations,mutation_ratio,var,initial_temperature,alpha,best_value,record_type
479.0,-988.512544981942,2024-04-26 04:44:46.166599,2024-04-26 04:44:49.612058,0 days 00:00:03.445459,0.8784867019789979,633.0,0.4433009235235873,591.0,456.0,2.0,COMPLETE,,,,,,,,
480.0,-989.1022119193375,2024-04-26 04:44:49.613159,2024-04-26 04:44:53.057522,0 days 00:00:03.444363,0.8706039983672166,423.0,0.3893074530564651,575.0,472.0,2.0,COMPLETE,,,,,,,,
481.0,-988.137400449683,2024-04-26 04:44:53.059501,2024-04-26 04:44:56.546494,0 days 00:00:03.486993,0.8939496323330074,647.0,0.4040960357547554,596.0,457.0,1.0,COMPLETE,,,,,,,,
482.0,-989.2997247066689,2024-04-26 04:44:56.548475,2024-04-26 04:44:59.790520,0 days 00:00:03.242045,0.8754413617943287,625.0,0.41502698681457606,581.0,440.0,2.0,COMPLETE,,,,,,,,
483.0,-989.555403883485,2024-04-26 04:44:59.791520,2024-04-26 04:45:03.176789,0 days 00:00:03.385269,0.8864647638757458,654.0,0.4362266339639318,597.0,440.0,1.0,COMPLETE,,,,,,,,
484.0,-988.7768655057511,2024-04-26 04:45:03.178791,2024-04-26 04:45:06.437681,0 days 00:00:03.258890,0.8983413125152973,120.0,0.4276660772479894,591.0,435.0,2.0,COMPLETE,,,,,,,,
485.0,-989.615239843648,2024-04-26 04:45:06.439682,2024-04-26 04:45:09.785284,0 days 00:00:03.345602,0.8652520990216798,606.0,0.4553384750400227,591.0,443.0,2.0,COMPLETE,,,,,,,,
486.0,-989.4165893022637,2024-04-26 04:45:09.786286,2024-04-26 04:45:13.067671,0 days 00:00:03.281385,0.8441292784190393,670.0,0.40606704188279774,569.0,449.0,1.0,COMPLETE,,,,,,,,
487.0,-989.1987375835758,2024-04-26 04:45:13.069331,2024-04-26 04:45:16.276984,0 days 00:00:03.207653,0.8047636513522268,580.0,0.42552200459270073,583.0,431.0,2.0,COMPLETE,,,,,,,,
488.0,-989.3973016846879,2024-04-26 04:45:16.277961,2024-04-26 04:45:18.949831,0 days 00:00:02.671870,0.8795907995919682,699.0,0.6389516393786637,579.0,346.0,1.0,COMPLETE,,,,,,,,
489.0,-988.3529795462389,2024-04-26 04:45:18.950831,2024-04-26 04:45:22.482618,0 days 00:00:03.531787,0.7690286151017118,653.0,0.45324922093077147,600.0,460.0,2.0,COMPLETE,,,,,,,,
490.0,-989.0334917666991,2024-04-26 04:45:22.484598,2024-04-26 04:45:24.858411,0 days 00:00:02.373813,0.8502279247304655,540.0,0.4437747785619487,572.0,322.0,1.0,COMPLETE,,,,,,,,
491.0,-989.0063981087446,2024-04-26 04:45:24.859405,2024-04-26 04:45:27.314889,0 days 00:00:02.455484,0.3200943145220536,725.0,0.40958417842669725,586.0,331.0,2.0,COMPLETE,,,,,,,,
492.0,-989.64611623141,2024-04-26 04:45:27.316891,2024-04-26 04:45:29.513471,0 days 00:00:02.196580,0.8998133440383939,531.0,0.3914383419651065,564.0,306.0,2.0,COMPLETE,,,,,,,,
493.0,-986.9390667927419,2024-04-26 04:45:29.514473,2024-04-26 04:45:32.989728,0 days 00:00:03.475255,0.8635729969833912,517.0,0.4683943836575316,574.0,466.0,1.0,COMPLETE,,,,,,,,
494.0,-985.983448661955,2024-04-26 04:45:32.991745,2024-04-26 04:45:35.496410,0 days 00:00:02.504665,0.5910503366014171,617.0,0.6612951437829462,562.0,339.0,2.0,COMPLETE,,,,,,,,
495.0,-989.6165143211372,2024-04-26 04:45:35.498433,2024-04-26 04:45:38.708194,0 days 00:00:03.209761,0.8283221065310297,612.0,0.3568272799078401,587.0,427.0,2.0,COMPLETE,,,,,,,,
496.0,-988.8158198911631,2024-04-26 04:45:38.710197,2024-04-26 04:45:41.654979,0 days 00:00:02.944782,0.8769039628441286,639.0,0.4603852781509474,572.0,395.0,1.0,COMPLETE,,,,,,,,
497.0,-989.4579700239741,2024-04-26 04:45:41.656978,2024-04-26 04:45:44.468400,0 days 00:00:02.811422,0.8551769237384645,575.0,0.605771043312366,552.0,384.0,2.0,COMPLETE,,,,,,,,
498.0,-987.9222921103344,2024-04-26 04:45:44.469421,2024-04-26 04:45:47.266967,0 days 00:00:02.797546,0.6711296593604579,236.0,0.7097096123346326,583.0,354.0,1.0,COMPLETE,,,,,,,,
499.0,-988.931055096095,2024-04-26 04:45:47.268968,2024-04-26 04:45:50.424971,0 days 00:00:03.156003,0.8997580414632083,605.0,0.4225068960335805,566.0,436.0,2.0,COMPLETE,,,,,,,,
,,,,,,,,,,,,580.0,740.0,0.48892934832621465,2.0,1000.0,0.5658195961924428,-989.7273170125493,best_result
