number,value,datetime_start,datetime_complete,duration,params_mutation_ratio,params_no_generations,params_population_size,params_var,state,population_size,mutation_ratio,no_generations,var,best_value,record_type
0.0,0.0019833252757917056,2024-04-26 00:33:34.239918,2024-04-26 00:33:34.560045,0 days 00:00:00.320127,1.0,260.0,150.0,2.0,COMPLETE,,,,,,
1.0,0.005436119503512395,2024-04-26 00:33:34.561045,2024-04-26 00:33:34.921213,0 days 00:00:00.360168,0.1,860.0,70.0,2.0,COMPLETE,,,,,,
2.0,0.1532525536007818,2024-04-26 00:33:34.922215,2024-04-26 00:33:34.943284,0 days 00:00:00.021069,0.5,220.0,10.0,2.0,COMPLETE,,,,,,
3.0,0.00019560206699780765,2024-04-26 00:33:34.944287,2024-04-26 00:33:35.879721,0 days 00:00:00.935434,0.8,660.0,190.0,1.0,COMPLETE,,,,,,
4.0,0.004985004448342487,2024-04-26 00:33:35.880719,2024-04-26 00:33:36.227720,0 days 00:00:00.347001,1.0,140.0,310.0,2.0,COMPLETE,,,,,,
5.0,0.01433714462177365,2024-04-26 00:33:36.228719,2024-04-26 00:33:36.674701,0 days 00:00:00.445982,0.7000000000000001,700.0,90.0,2.0,COMPLETE,,,,,,
6.0,0.0001603116855440342,2024-04-26 00:33:36.675721,2024-04-26 00:33:36.859722,0 days 00:00:00.184001,0.9,140.0,170.0,1.0,COMPLETE,,,,,,
7.0,0.024979826573827434,2024-04-26 00:33:36.860720,2024-04-26 00:33:36.977701,0 days 00:00:00.116981,0.5,340.0,50.0,2.0,COMPLETE,,,,,,
8.0,0.005903874143640221,2024-04-26 00:33:36.978725,2024-04-26 00:33:38.576355,0 days 00:00:01.597630,0.6,660.0,330.0,1.0,COMPLETE,,,,,,
9.0,0.01138884359628456,2024-04-26 00:33:38.577331,2024-04-26 00:33:39.502352,0 days 00:00:00.925021,0.7000000000000001,380.0,330.0,1.0,COMPLETE,,,,,,
10.0,0.002215523850453375,2024-04-26 00:33:39.503353,2024-04-26 00:33:39.593355,0 days 00:00:00.090002,0.2,20.0,450.0,1.0,COMPLETE,,,,,,
11.0,0.002219999085422313,2024-04-26 00:33:39.595331,2024-04-26 00:33:40.387144,0 days 00:00:00.791813,0.8,540.0,190.0,1.0,COMPLETE,,,,,,
12.0,0.0010843017608814201,2024-04-26 00:33:40.388144,2024-04-26 00:33:42.049995,0 days 00:00:01.661851,0.9,980.0,210.0,1.0,COMPLETE,,,,,,
13.0,7.849597699881381e-05,2024-04-26 00:33:42.050994,2024-04-26 00:33:43.093995,0 days 00:00:01.043001,0.8,500.0,270.0,1.0,COMPLETE,,,,,,
14.0,0.006608065014992147,2024-04-26 00:33:43.095995,2024-04-26 00:33:43.928995,0 days 00:00:00.833000,0.30000000000000004,460.0,270.0,1.0,COMPLETE,,,,,,
15.0,0.13964530582063206,2024-04-26 00:33:43.929994,2024-04-26 00:33:44.028096,0 days 00:00:00.098102,0.9,20.0,410.0,1.0,COMPLETE,,,,,,
16.0,0.0016537463690519528,2024-04-26 00:33:44.029097,2024-04-26 00:33:44.572292,0 days 00:00:00.543195,0.8,540.0,130.0,1.0,COMPLETE,,,,,,
17.0,0.00872831843892395,2024-04-26 00:33:44.574276,2024-04-26 00:33:44.854302,0 days 00:00:00.280026,0.4,140.0,270.0,1.0,COMPLETE,,,,,,
18.0,0.0009081589570374463,2024-04-26 00:33:44.855294,2024-04-26 00:33:46.284666,0 days 00:00:01.429372,0.7000000000000001,820.0,230.0,1.0,COMPLETE,,,,,,
19.0,0.0008499046731856495,2024-04-26 00:33:46.285679,2024-04-26 00:33:47.595464,0 days 00:00:01.309785,0.9,420.0,390.0,1.0,COMPLETE,,,,,,
20.0,0.001940364491555439,2024-04-26 00:33:47.597464,2024-04-26 00:33:48.132468,0 days 00:00:00.535004,0.6,140.0,490.0,1.0,COMPLETE,,,,,,
21.0,0.012580300399280736,2024-04-26 00:33:48.134441,2024-04-26 00:33:48.995043,0 days 00:00:00.860602,0.8,660.0,170.0,1.0,COMPLETE,,,,,,
22.0,0.0009360314476973674,2024-04-26 00:33:48.996043,2024-04-26 00:33:50.580003,0 days 00:00:01.583960,1.0,780.0,250.0,1.0,COMPLETE,,,,,,
23.0,0.007112875820884631,2024-04-26 00:33:50.582005,2024-04-26 00:33:51.078140,0 days 00:00:00.496135,0.8,580.0,110.0,1.0,COMPLETE,,,,,,
24.0,0.0022958847377913677,2024-04-26 00:33:51.079140,2024-04-26 00:33:52.386886,0 days 00:00:01.307746,0.7000000000000001,940.0,190.0,1.0,COMPLETE,,,,,,
25.0,0.0011429567757941963,2024-04-26 00:33:52.387910,2024-04-26 00:33:53.135707,0 days 00:00:00.747797,0.9,620.0,150.0,1.0,COMPLETE,,,,,,
26.0,0.0011554230187253304,2024-04-26 00:33:53.136701,2024-04-26 00:33:53.864733,0 days 00:00:00.728032,0.6,340.0,290.0,1.0,COMPLETE,,,,,,
27.0,0.001962687073448497,2024-04-26 00:33:53.866701,2024-04-26 00:33:56.073575,0 days 00:00:02.206874,0.9,740.0,370.0,1.0,COMPLETE,,,,,,
28.0,0.0006122943510936407,2024-04-26 00:33:56.075608,2024-04-26 00:33:56.548598,0 days 00:00:00.472990,0.8,260.0,230.0,1.0,COMPLETE,,,,,,
29.0,0.002799148991561775,2024-04-26 00:33:56.549600,2024-04-26 00:33:57.142992,0 days 00:00:00.593392,1.0,500.0,150.0,2.0,COMPLETE,,,,,,
30.0,0.01138381181611637,2024-04-26 00:33:57.144995,2024-04-26 00:33:57.594143,0 days 00:00:00.449148,1.0,260.0,210.0,1.0,COMPLETE,,,,,,
31.0,0.0019662740552495866,2024-04-26 00:33:57.595142,2024-04-26 00:33:58.104120,0 days 00:00:00.508978,0.8,260.0,250.0,1.0,COMPLETE,,,,,,
32.0,0.0575111065565821,2024-04-26 00:33:58.105120,2024-04-26 00:33:58.299144,0 days 00:00:00.194024,0.7000000000000001,100.0,230.0,1.0,COMPLETE,,,,,,
33.0,0.002052271772596576,2024-04-26 00:33:58.300143,2024-04-26 00:33:58.555142,0 days 00:00:00.254999,0.8,180.0,170.0,1.0,COMPLETE,,,,,,
34.0,0.012685030344327209,2024-04-26 00:33:58.556144,2024-04-26 00:33:59.238333,0 days 00:00:00.682189,0.9,300.0,290.0,2.0,COMPLETE,,,,,,
35.0,0.005137940729308425,2024-04-26 00:33:59.239333,2024-04-26 00:33:59.318333,0 days 00:00:00.079000,1.0,60.0,110.0,1.0,COMPLETE,,,,,,
36.0,0.031858535974324226,2024-04-26 00:33:59.319334,2024-04-26 00:33:59.449335,0 days 00:00:00.130001,0.5,220.0,70.0,2.0,COMPLETE,,,,,,
37.0,0.047675458084502687,2024-04-26 00:33:59.450335,2024-04-26 00:33:59.510309,0 days 00:00:00.059974,0.1,420.0,10.0,1.0,COMPLETE,,,,,,
38.0,0.0002841297064099068,2024-04-26 00:33:59.511316,2024-04-26 00:34:00.090333,0 days 00:00:00.579017,0.6,220.0,350.0,1.0,COMPLETE,,,,,,
39.0,0.001256434625205215,2024-04-26 00:34:00.091334,2024-04-26 00:34:02.082264,0 days 00:00:01.990930,0.4,900.0,330.0,2.0,COMPLETE,,,,,,
40.0,0.0003194441963093988,2024-04-26 00:34:02.083240,2024-04-26 00:34:04.016327,0 days 00:00:01.933087,0.6,700.0,370.0,1.0,COMPLETE,,,,,,
41.0,0.0007309994912266443,2024-04-26 00:34:04.019327,2024-04-26 00:34:05.928498,0 days 00:00:01.909171,0.6,700.0,370.0,1.0,COMPLETE,,,,,,
42.0,0.00043703314859254677,2024-04-26 00:34:05.929499,2024-04-26 00:34:08.004166,0 days 00:00:02.074667,0.5,820.0,350.0,1.0,COMPLETE,,,,,,
43.0,0.002384381606145289,2024-04-26 00:34:08.005164,2024-04-26 00:34:10.230202,0 days 00:00:02.225038,0.7000000000000001,660.0,430.0,1.0,COMPLETE,,,,,,
44.0,0.00022246322505067184,2024-04-26 00:34:10.232234,2024-04-26 00:34:11.853373,0 days 00:00:01.621139,0.4,740.0,310.0,1.0,COMPLETE,,,,,,
45.0,0.0010725000933158072,2024-04-26 00:34:11.854517,2024-04-26 00:34:13.059317,0 days 00:00:01.204800,0.4,580.0,290.0,1.0,COMPLETE,,,,,,
46.0,9.709980756187934e-06,2024-04-26 00:34:13.060316,2024-04-26 00:34:14.831895,0 days 00:00:01.771579,0.30000000000000004,860.0,310.0,1.0,COMPLETE,,,,,,
47.0,4.272332688548163e-05,2024-04-26 00:34:14.832872,2024-04-26 00:34:16.712570,0 days 00:00:01.879698,0.4,860.0,310.0,1.0,COMPLETE,,,,,,
48.0,0.0015000230236534044,2024-04-26 00:34:16.713568,2024-04-26 00:34:18.356071,0 days 00:00:01.642503,0.30000000000000004,900.0,270.0,1.0,COMPLETE,,,,,,
49.0,0.0004954484955016615,2024-04-26 00:34:18.357070,2024-04-26 00:34:20.035107,0 days 00:00:01.678037,0.30000000000000004,820.0,310.0,1.0,COMPLETE,,,,,,
50.0,0.0004953224009189923,2024-04-26 00:34:20.036106,2024-04-26 00:34:21.219151,0 days 00:00:01.183045,0.2,860.0,210.0,1.0,COMPLETE,,,,,,
51.0,0.0008974982562954524,2024-04-26 00:34:21.221149,2024-04-26 00:34:23.164239,0 days 00:00:01.943090,0.2,980.0,310.0,1.0,COMPLETE,,,,,,
52.0,0.0024125863304987737,2024-04-26 00:34:23.165240,2024-04-26 00:34:24.531217,0 days 00:00:01.365977,0.4,780.0,250.0,1.0,COMPLETE,,,,,,
53.0,0.004701769392622427,2024-04-26 00:34:24.532241,2024-04-26 00:34:26.077167,0 days 00:00:01.544926,0.30000000000000004,740.0,310.0,1.0,COMPLETE,,,,,,
54.0,0.0007670185520897758,2024-04-26 00:34:26.078189,2024-04-26 00:34:27.326653,0 days 00:00:01.248464,0.5,900.0,190.0,1.0,COMPLETE,,,,,,
55.0,0.0010298523330562156,2024-04-26 00:34:27.327641,2024-04-26 00:34:29.094048,0 days 00:00:01.766407,0.4,780.0,330.0,1.0,COMPLETE,,,,,,
56.0,0.00019441607400997674,2024-04-26 00:34:29.096026,2024-04-26 00:34:30.667025,0 days 00:00:01.570999,0.30000000000000004,860.0,270.0,1.0,COMPLETE,,,,,,
57.0,4.255388852552065e-05,2024-04-26 00:34:30.668050,2024-04-26 00:34:32.087319,0 days 00:00:01.419269,0.1,860.0,270.0,1.0,COMPLETE,,,,,,
58.0,0.0009292277446343624,2024-04-26 00:34:32.088295,2024-04-26 00:34:33.675700,0 days 00:00:01.587405,0.1,940.0,270.0,1.0,COMPLETE,,,,,,
59.0,0.008725716691774743,2024-04-26 00:34:33.676699,2024-04-26 00:34:35.177699,0 days 00:00:01.501000,0.2,860.0,270.0,1.0,COMPLETE,,,,,,
60.0,8.088940990090733e-07,2024-04-26 00:34:35.178698,2024-04-26 00:34:36.583528,0 days 00:00:01.404830,0.1,940.0,230.0,1.0,COMPLETE,,,,,,
61.0,0.00010983846198024452,2024-04-26 00:34:36.584505,2024-04-26 00:34:37.920570,0 days 00:00:01.336065,0.1,940.0,230.0,1.0,COMPLETE,,,,,,
62.0,0.00026102537498269655,2024-04-26 00:34:37.921571,2024-04-26 00:34:39.278571,0 days 00:00:01.357000,0.1,940.0,230.0,1.0,COMPLETE,,,,,,
63.0,3.9040223646871156e-05,2024-04-26 00:34:39.279571,2024-04-26 00:34:40.532322,0 days 00:00:01.252751,0.1,980.0,210.0,1.0,COMPLETE,,,,,,
64.0,0.004141480980949548,2024-04-26 00:34:40.533324,2024-04-26 00:34:41.796355,0 days 00:00:01.263031,0.1,980.0,210.0,1.0,COMPLETE,,,,,,
65.0,0.00023093936503139624,2024-04-26 00:34:41.797331,2024-04-26 00:34:43.458981,0 days 00:00:01.661650,0.1,900.0,290.0,1.0,COMPLETE,,,,,,
66.0,0.0021094085195398227,2024-04-26 00:34:43.459982,2024-04-26 00:34:44.993184,0 days 00:00:01.533202,0.2,940.0,250.0,1.0,COMPLETE,,,,,,
67.0,0.0012215214641389486,2024-04-26 00:34:44.995184,2024-04-26 00:34:46.545320,0 days 00:00:01.550136,0.2,980.0,250.0,1.0,COMPLETE,,,,,,
68.0,0.00034205839383091407,2024-04-26 00:34:46.547328,2024-04-26 00:34:47.593424,0 days 00:00:01.046096,0.1,820.0,210.0,1.0,COMPLETE,,,,,,
69.0,0.004794066227641458,2024-04-26 00:34:47.595410,2024-04-26 00:34:48.646859,0 days 00:00:01.051449,0.2,860.0,190.0,1.0,COMPLETE,,,,,,
70.0,0.000555471883579083,2024-04-26 00:34:48.648885,2024-04-26 00:34:50.001883,0 days 00:00:01.352998,0.1,940.0,230.0,1.0,COMPLETE,,,,,,
71.0,0.0003684750632352862,2024-04-26 00:34:50.003883,2024-04-26 00:34:51.024652,0 days 00:00:01.020769,0.1,980.0,170.0,1.0,COMPLETE,,,,,,
72.0,0.0008933697021439748,2024-04-26 00:34:51.025651,2024-04-26 00:34:51.808652,0 days 00:00:00.783001,0.2,900.0,130.0,1.0,COMPLETE,,,,,,
73.0,0.0065152459697611215,2024-04-26 00:34:51.810650,2024-04-26 00:34:52.347651,0 days 00:00:00.537001,0.1,500.0,170.0,1.0,COMPLETE,,,,,,
74.0,0.0001860041027194423,2024-04-26 00:34:52.348660,2024-04-26 00:34:53.835083,0 days 00:00:01.486423,0.2,940.0,250.0,1.0,COMPLETE,,,,,,
75.0,0.0020530324426565206,2024-04-26 00:34:53.837060,2024-04-26 00:34:54.632094,0 days 00:00:00.795034,0.9,340.0,290.0,1.0,COMPLETE,,,,,,
76.0,0.0010111500506896469,2024-04-26 00:34:54.633094,2024-04-26 00:34:56.445707,0 days 00:00:01.812613,0.1,860.0,330.0,1.0,COMPLETE,,,,,,
77.0,0.00010762605951863441,2024-04-26 00:34:56.447682,2024-04-26 00:34:57.401848,0 days 00:00:00.954166,0.1,820.0,190.0,1.0,COMPLETE,,,,,,
78.0,0.004218833344426558,2024-04-26 00:34:57.403394,2024-04-26 00:34:58.589064,0 days 00:00:01.185670,0.2,820.0,230.0,1.0,COMPLETE,,,,,,
79.0,0.00026032532739055943,2024-04-26 00:34:58.590080,2024-04-26 00:34:59.739916,0 days 00:00:01.149836,0.1,900.0,210.0,1.0,COMPLETE,,,,,,
80.0,0.0052233966256454096,2024-04-26 00:34:59.741936,2024-04-26 00:35:00.321137,0 days 00:00:00.579201,0.30000000000000004,460.0,190.0,2.0,COMPLETE,,,,,,
81.0,0.0034870638210966346,2024-04-26 00:35:00.323136,2024-04-26 00:35:00.949690,0 days 00:00:00.626554,0.1,780.0,130.0,1.0,COMPLETE,,,,,,
82.0,0.00016023898535625446,2024-04-26 00:35:00.950693,2024-04-26 00:35:01.850912,0 days 00:00:00.900219,0.1,980.0,150.0,1.0,COMPLETE,,,,,,
83.0,6.216017146887362e-05,2024-04-26 00:35:01.851917,2024-04-26 00:35:02.749933,0 days 00:00:00.898016,0.1,980.0,150.0,1.0,COMPLETE,,,,,,
84.0,0.0026932620551023603,2024-04-26 00:35:02.750935,2024-04-26 00:35:04.351569,0 days 00:00:01.600634,0.1,940.0,270.0,1.0,COMPLETE,,,,,,
85.0,0.0019348027944576895,2024-04-26 00:35:04.352571,2024-04-26 00:35:05.038569,0 days 00:00:00.685998,0.2,980.0,110.0,1.0,COMPLETE,,,,,,
86.0,0.00023396060568269125,2024-04-26 00:35:05.039569,2024-04-26 00:35:06.990260,0 days 00:00:01.950691,0.1,900.0,350.0,1.0,COMPLETE,,,,,,
87.0,0.00759002327585088,2024-04-26 00:35:06.991263,2024-04-26 00:35:07.515488,0 days 00:00:00.524225,0.2,540.0,150.0,1.0,COMPLETE,,,,,,
88.0,0.005274161750023825,2024-04-26 00:35:07.517136,2024-04-26 00:35:08.392762,0 days 00:00:00.875626,0.1,620.0,230.0,1.0,COMPLETE,,,,,,
89.0,0.001616940952816838,2024-04-26 00:35:08.393765,2024-04-26 00:35:09.504741,0 days 00:00:01.110976,0.30000000000000004,860.0,190.0,1.0,COMPLETE,,,,,,
90.0,0.0005079157593955687,2024-04-26 00:35:09.506740,2024-04-26 00:35:11.239806,0 days 00:00:01.733066,0.2,940.0,290.0,1.0,COMPLETE,,,,,,
91.0,0.0013988774788998445,2024-04-26 00:35:11.240828,2024-04-26 00:35:12.141902,0 days 00:00:00.901074,0.1,980.0,150.0,1.0,COMPLETE,,,,,,
92.0,0.001855532394299844,2024-04-26 00:35:12.142903,2024-04-26 00:35:12.696904,0 days 00:00:00.554001,0.1,980.0,90.0,1.0,COMPLETE,,,,,,
93.0,0.00010419484654512568,2024-04-26 00:35:12.697903,2024-04-26 00:35:13.417902,0 days 00:00:00.719999,0.1,900.0,130.0,1.0,COMPLETE,,,,,,
94.0,0.0003681652105158403,2024-04-26 00:35:13.418902,2024-04-26 00:35:14.272726,0 days 00:00:00.853824,0.1,820.0,170.0,1.0,COMPLETE,,,,,,
95.0,0.003543908385291532,2024-04-26 00:35:14.273754,2024-04-26 00:35:15.880749,0 days 00:00:01.606995,0.5,900.0,250.0,1.0,COMPLETE,,,,,,
96.0,0.0002819449228219509,2024-04-26 00:35:15.881732,2024-04-26 00:35:17.017440,0 days 00:00:01.135708,0.2,860.0,210.0,1.0,COMPLETE,,,,,,
97.0,6.457839853592277e-05,2024-04-26 00:35:17.018439,2024-04-26 00:35:17.546440,0 days 00:00:00.528001,0.1,940.0,90.0,1.0,COMPLETE,,,,,,
98.0,0.015181041575741959,2024-04-26 00:35:17.548417,2024-04-26 00:35:17.813438,0 days 00:00:00.265021,0.1,780.0,50.0,1.0,COMPLETE,,,,,,
99.0,0.0017088038361446204,2024-04-26 00:35:17.814438,2024-04-26 00:35:18.232840,0 days 00:00:00.418402,0.2,900.0,70.0,1.0,COMPLETE,,,,,,
100.0,0.0019010234261879584,2024-04-26 00:35:18.234022,2024-04-26 00:35:18.488801,0 days 00:00:00.254779,0.1,420.0,90.0,1.0,COMPLETE,,,,,,
101.0,0.002780798220615014,2024-04-26 00:35:18.489807,2024-04-26 00:35:19.239800,0 days 00:00:00.749993,0.1,940.0,130.0,1.0,COMPLETE,,,,,,
102.0,0.002153538502814973,2024-04-26 00:35:19.240778,2024-04-26 00:35:19.543803,0 days 00:00:00.303025,0.1,900.0,50.0,1.0,COMPLETE,,,,,,
103.0,0.001827736864519345,2024-04-26 00:35:19.544777,2024-04-26 00:35:20.181799,0 days 00:00:00.637022,0.1,940.0,110.0,1.0,COMPLETE,,,,,,
104.0,0.0005381306684844665,2024-04-26 00:35:20.182802,2024-04-26 00:35:22.046482,0 days 00:00:01.863680,0.2,860.0,330.0,1.0,COMPLETE,,,,,,
105.0,0.00015210907738614138,2024-04-26 00:35:22.047482,2024-04-26 00:35:23.611313,0 days 00:00:01.563831,0.1,820.0,310.0,1.0,COMPLETE,,,,,,
106.0,0.0042107668399885,2024-04-26 00:35:23.612314,2024-04-26 00:35:24.751689,0 days 00:00:01.139375,0.1,940.0,190.0,1.0,COMPLETE,,,,,,
107.0,0.011035015530307129,2024-04-26 00:35:24.753690,2024-04-26 00:35:25.281712,0 days 00:00:00.528022,0.2,900.0,90.0,1.0,COMPLETE,,,,,,
108.0,0.0006291730143013033,2024-04-26 00:35:25.282713,2024-04-26 00:35:26.895012,0 days 00:00:01.612299,0.1,980.0,270.0,1.0,COMPLETE,,,,,,
109.0,0.0006408454037735519,2024-04-26 00:35:26.896018,2024-04-26 00:35:28.075990,0 days 00:00:01.179972,0.4,740.0,230.0,1.0,COMPLETE,,,,,,
110.0,0.0008024358600065725,2024-04-26 00:35:28.077990,2024-04-26 00:35:29.236125,0 days 00:00:01.158135,0.1,820.0,230.0,1.0,COMPLETE,,,,,,
111.0,0.0013927761744048223,2024-04-26 00:35:29.237134,2024-04-26 00:35:30.850630,0 days 00:00:01.613496,0.1,820.0,310.0,1.0,COMPLETE,,,,,,
112.0,0.0016879294540644704,2024-04-26 00:35:30.851610,2024-04-26 00:35:32.518217,0 days 00:00:01.666607,0.1,940.0,290.0,1.0,COMPLETE,,,,,,
113.0,0.002123788408219902,2024-04-26 00:35:32.519216,2024-04-26 00:35:33.860312,0 days 00:00:01.341096,0.1,860.0,250.0,1.0,COMPLETE,,,,,,
114.0,0.0033472169718214394,2024-04-26 00:35:33.861310,2024-04-26 00:35:35.350984,0 days 00:00:01.489674,0.1,780.0,310.0,1.0,COMPLETE,,,,,,
115.0,0.004117577768622138,2024-04-26 00:35:35.352135,2024-04-26 00:35:37.118594,0 days 00:00:01.766459,0.2,860.0,310.0,1.0,COMPLETE,,,,,,
116.0,0.0007621060940895537,2024-04-26 00:35:37.119594,2024-04-26 00:35:38.598154,0 days 00:00:01.478560,0.1,900.0,270.0,1.0,COMPLETE,,,,,,
117.0,0.006078168051987363,2024-04-26 00:35:38.600158,2024-04-26 00:35:39.542153,0 days 00:00:00.941995,0.30000000000000004,980.0,150.0,2.0,COMPLETE,,,,,,
118.0,0.0022389083495490836,2024-04-26 00:35:39.543154,2024-04-26 00:35:40.732430,0 days 00:00:01.189276,0.7000000000000001,460.0,330.0,1.0,COMPLETE,,,,,,
119.0,0.005538208835002481,2024-04-26 00:35:40.734431,2024-04-26 00:35:42.046975,0 days 00:00:01.312544,0.2,580.0,350.0,1.0,COMPLETE,,,,,,
120.0,0.004538935974256305,2024-04-26 00:35:42.048999,2024-04-26 00:35:42.951971,0 days 00:00:00.902972,0.1,500.0,290.0,1.0,COMPLETE,,,,,,
121.0,0.00044003017815346133,2024-04-26 00:35:42.952972,2024-04-26 00:35:43.983388,0 days 00:00:01.030416,0.1,980.0,170.0,1.0,COMPLETE,,,,,,
122.0,0.0028674981090587737,2024-04-26 00:35:43.984366,2024-04-26 00:35:44.776389,0 days 00:00:00.792023,0.1,940.0,130.0,1.0,COMPLETE,,,,,,
123.0,0.0014325248028727914,2024-04-26 00:35:44.778390,2024-04-26 00:35:45.677387,0 days 00:00:00.898997,0.1,980.0,150.0,1.0,COMPLETE,,,,,,
124.0,0.001212727406087679,2024-04-26 00:35:45.679389,2024-04-26 00:35:46.831186,0 days 00:00:01.151797,0.1,900.0,210.0,1.0,COMPLETE,,,,,,
125.0,0.00029507527911800573,2024-04-26 00:35:46.832187,2024-04-26 00:35:47.953165,0 days 00:00:01.120978,0.1,940.0,190.0,1.0,COMPLETE,,,,,,
126.0,0.002671867454517129,2024-04-26 00:35:47.954165,2024-04-26 00:35:48.553010,0 days 00:00:00.598845,0.2,820.0,110.0,1.0,COMPLETE,,,,,,
127.0,0.00011161502942268162,2024-04-26 00:35:48.554009,2024-04-26 00:35:49.446046,0 days 00:00:00.892037,0.1,980.0,150.0,1.0,COMPLETE,,,,,,
128.0,0.0004354123973508801,2024-04-26 00:35:49.447045,2024-04-26 00:35:50.750674,0 days 00:00:01.303629,0.1,860.0,250.0,1.0,COMPLETE,,,,,,
129.0,0.0020365603638240392,2024-04-26 00:35:50.752676,2024-04-26 00:35:51.768653,0 days 00:00:01.015977,0.2,940.0,170.0,1.0,COMPLETE,,,,,,
130.0,0.001160995940725104,2024-04-26 00:35:51.769673,2024-04-26 00:35:53.099805,0 days 00:00:01.330132,0.5,900.0,210.0,1.0,COMPLETE,,,,,,
131.0,0.004424417642859963,2024-04-26 00:35:53.100806,2024-04-26 00:35:53.882808,0 days 00:00:00.782002,0.1,980.0,130.0,1.0,COMPLETE,,,,,,
132.0,0.0020043462683144476,2024-04-26 00:35:53.883806,2024-04-26 00:35:54.784350,0 days 00:00:00.900544,0.1,980.0,150.0,1.0,COMPLETE,,,,,,
133.0,0.0016716122441679058,2024-04-26 00:35:54.786357,2024-04-26 00:35:55.357349,0 days 00:00:00.570992,0.1,540.0,170.0,1.0,COMPLETE,,,,,,
134.0,9.178469726085547e-05,2024-04-26 00:35:55.358349,2024-04-26 00:35:55.996350,0 days 00:00:00.638001,0.1,940.0,110.0,1.0,COMPLETE,,,,,,
135.0,0.00290945263900417,2024-04-26 00:35:55.997349,2024-04-26 00:35:56.420347,0 days 00:00:00.422998,0.1,940.0,70.0,1.0,COMPLETE,,,,,,
136.0,0.008304384925151917,2024-04-26 00:35:56.421348,2024-04-26 00:35:57.135797,0 days 00:00:00.714449,0.6,900.0,110.0,1.0,COMPLETE,,,,,,
137.0,0.0005553647383134864,2024-04-26 00:35:57.136797,2024-04-26 00:35:57.721149,0 days 00:00:00.584352,0.1,860.0,110.0,1.0,COMPLETE,,,,,,
138.0,0.0009659885296679448,2024-04-26 00:35:57.722168,2024-04-26 00:35:58.268145,0 days 00:00:00.545977,0.2,940.0,90.0,1.0,COMPLETE,,,,,,
139.0,0.003363339835198777,2024-04-26 00:35:58.269168,2024-04-26 00:35:58.926617,0 days 00:00:00.657449,0.1,820.0,130.0,1.0,COMPLETE,,,,,,
140.0,0.000623005169126652,2024-04-26 00:35:58.927619,2024-04-26 00:36:00.432618,0 days 00:00:01.504999,0.1,900.0,270.0,1.0,COMPLETE,,,,,,
141.0,0.00040452897127924174,2024-04-26 00:36:00.434601,2024-04-26 00:36:01.334480,0 days 00:00:00.899879,0.1,980.0,150.0,1.0,COMPLETE,,,,,,
142.0,0.00033615548042867014,2024-04-26 00:36:01.335503,2024-04-26 00:36:02.112504,0 days 00:00:00.777001,0.1,980.0,130.0,1.0,COMPLETE,,,,,,
143.0,0.00175746451481655,2024-04-26 00:36:02.114481,2024-04-26 00:36:04.902597,0 days 00:00:02.788116,0.1,940.0,470.0,1.0,COMPLETE,,,,,,
144.0,0.004146594203585218,2024-04-26 00:36:04.903597,2024-04-26 00:36:06.435626,0 days 00:00:01.532029,0.4,980.0,230.0,1.0,COMPLETE,,,,,,
145.0,0.0010968396112451297,2024-04-26 00:36:06.437604,2024-04-26 00:36:07.521335,0 days 00:00:01.083731,0.1,940.0,190.0,1.0,COMPLETE,,,,,,
146.0,0.0012545171559414587,2024-04-26 00:36:07.522336,2024-04-26 00:36:08.871482,0 days 00:00:01.349146,0.1,860.0,250.0,1.0,COMPLETE,,,,,,
147.0,0.004938818226206083,2024-04-26 00:36:08.872461,2024-04-26 00:36:09.405461,0 days 00:00:00.533000,0.2,900.0,90.0,1.0,COMPLETE,,,,,,
148.0,0.0019279123122764264,2024-04-26 00:36:09.407462,2024-04-26 00:36:11.084864,0 days 00:00:01.677402,0.1,940.0,290.0,1.0,COMPLETE,,,,,,
149.0,0.0009367121086817688,2024-04-26 00:36:11.085843,2024-04-26 00:36:12.868133,0 days 00:00:01.782290,0.1,980.0,290.0,1.0,COMPLETE,,,,,,
150.0,0.0003272936061672347,2024-04-26 00:36:12.869153,2024-04-26 00:36:13.590152,0 days 00:00:00.720999,0.1,900.0,130.0,1.0,COMPLETE,,,,,,
151.0,0.00263293870960166,2024-04-26 00:36:13.591151,2024-04-26 00:36:13.910263,0 days 00:00:00.319112,0.9,220.0,170.0,1.0,COMPLETE,,,,,,
