number,value,datetime_start,datetime_complete,duration,params_alpha,params_initial_temperature,params_mutation_ratio,params_no_generations,params_population_size,params_var,state,population_size,no_generations,mutation_ratio,var,initial_temperature,alpha,best_value,record_type
353.0,0.0006273448440477732,2024-04-26 04:15:38.051055,2024-04-26 04:15:38.429073,0 days 00:00:00.378018,0.8322745808112619,747.0,0.3999577032147825,214.0,221.0,2.0,COMPLETE,,,,,,,,
354.0,0.00042143821178202014,2024-04-26 04:15:38.431076,2024-04-26 04:15:38.896793,0 days 00:00:00.465717,0.7232078329767592,714.0,0.8573160196148003,226.0,238.0,2.0,COMPLETE,,,,,,,,
355.0,0.0007827274737677901,2024-04-26 04:15:38.898793,2024-04-26 04:15:39.847793,0 days 00:00:00.949000,0.7667468490038029,778.0,0.5113917569937141,535.0,248.0,2.0,COMPLETE,,,,,,,,
356.0,4.715104559613327e-06,2024-04-26 04:15:39.849793,2024-04-26 04:15:41.144180,0 days 00:00:01.294387,0.6820801658700174,179.0,0.46210674340923297,565.0,322.0,2.0,COMPLETE,,,,,,,,
357.0,0.0006143476723716354,2024-04-26 04:15:41.146180,2024-04-26 04:15:41.975180,0 days 00:00:00.829000,0.7231251079656777,142.0,0.46260518095574465,338.0,335.0,2.0,COMPLETE,,,,,,,,
358.0,0.00677921891463501,2024-04-26 04:15:41.976181,2024-04-26 04:15:42.949806,0 days 00:00:00.973625,0.6870249888633453,156.0,0.4723664581558593,594.0,230.0,2.0,COMPLETE,,,,,,,,
359.0,0.0022039967914839606,2024-04-26 04:15:42.950785,2024-04-26 04:15:44.285788,0 days 00:00:01.335003,0.6710144668901119,103.0,0.442600044015282,585.0,322.0,2.0,COMPLETE,,,,,,,,
360.0,0.0003197357902638366,2024-04-26 04:15:44.286785,2024-04-26 04:15:45.553326,0 days 00:00:01.266541,0.6825204227050449,732.0,0.46449602479063734,559.0,316.0,2.0,COMPLETE,,,,,,,,
361.0,0.005169747911083194,2024-04-26 04:15:45.556327,2024-04-26 04:15:46.136326,0 days 00:00:00.579999,0.6976980594822211,111.0,0.4497431435371377,233.0,325.0,2.0,COMPLETE,,,,,,,,
362.0,0.0004504221330260655,2024-04-26 04:15:46.137309,2024-04-26 04:15:46.953786,0 days 00:00:00.816477,0.7453456465129553,77.0,0.42254735667037374,448.0,254.0,2.0,COMPLETE,,,,,,,,
363.0,0.0003046463151328694,2024-04-26 04:15:46.955788,2024-04-26 04:15:48.310089,0 days 00:00:01.354301,0.7029602374421957,176.0,0.4867646638039048,572.0,329.0,2.0,COMPLETE,,,,,,,,
364.0,7.267700289773389e-05,2024-04-26 04:15:48.311069,2024-04-26 04:15:49.621657,0 days 00:00:01.310588,0.807927858719622,231.0,0.4310525106801135,598.0,310.0,2.0,COMPLETE,,,,,,,,
365.0,0.0004348322148266076,2024-04-26 04:15:49.622656,2024-04-26 04:15:50.102657,0 days 00:00:00.480001,0.7925692933774223,701.0,0.49472386407655444,252.0,240.0,2.0,COMPLETE,,,,,,,,
366.0,3.413021213136782e-05,2024-04-26 04:15:50.103655,2024-04-26 04:15:51.565421,0 days 00:00:01.461766,0.7137187399374343,814.0,0.7468073596074105,578.0,331.0,2.0,COMPLETE,,,,,,,,
367.0,0.00031317298290758666,2024-04-26 04:15:51.566421,2024-04-26 04:15:53.110398,0 days 00:00:01.543977,0.6731839556005218,810.0,0.7943111026899785,588.0,343.0,2.0,COMPLETE,,,,,,,,
368.0,0.0004216605872372917,2024-04-26 04:15:53.112395,2024-04-26 04:15:54.584312,0 days 00:00:01.471917,0.6881099886246272,835.0,0.7655710020956368,586.0,327.0,2.0,COMPLETE,,,,,,,,
369.0,0.00024667365426556446,2024-04-26 04:15:54.585313,2024-04-26 04:15:56.087324,0 days 00:00:01.502011,0.7099356165561643,794.0,0.7450450853101662,563.0,351.0,2.0,COMPLETE,,,,,,,,
370.0,0.00022052565900005822,2024-04-26 04:15:56.089325,2024-04-26 04:15:57.554587,0 days 00:00:01.465262,0.7099835475050712,762.0,0.8258554313318478,571.0,333.0,2.0,COMPLETE,,,,,,,,
371.0,0.003898028451796754,2024-04-26 04:15:57.555588,2024-04-26 04:15:58.974252,0 days 00:00:01.418664,0.723012848641465,820.0,0.4535327877679711,591.0,336.0,2.0,COMPLETE,,,,,,,,
372.0,5.0679831502773625e-05,2024-04-26 04:15:58.975254,2024-04-26 04:16:00.229180,0 days 00:00:01.253926,0.8294418708326569,838.0,0.24084124894866044,577.0,322.0,2.0,COMPLETE,,,,,,,,
373.0,0.002195719785595044,2024-04-26 04:16:00.231180,2024-04-26 04:16:01.676318,0 days 00:00:01.445138,0.6715337414398618,776.0,0.8452852687229897,577.0,319.0,2.0,COMPLETE,,,,,,,,
374.0,0.0013316479096384943,2024-04-26 04:16:01.677320,2024-04-26 04:16:02.935182,0 days 00:00:01.257862,0.6887813769457881,808.0,0.7411734498896341,546.0,302.0,2.0,COMPLETE,,,,,,,,
375.0,0.0007369125524284591,2024-04-26 04:16:02.937163,2024-04-26 04:16:03.974910,0 days 00:00:01.037747,0.8255557589374766,676.0,0.7109959712792338,597.0,231.0,2.0,COMPLETE,,,,,,,,
376.0,0.0003204895838730105,2024-04-26 04:16:03.975907,2024-04-26 04:16:04.649711,0 days 00:00:00.673804,0.7306223430788934,854.0,0.47724176989536066,401.0,221.0,2.0,COMPLETE,,,,,,,,
377.0,0.0003250908686280814,2024-04-26 04:16:04.650710,2024-04-26 04:16:05.734486,0 days 00:00:01.083776,0.6582781180598308,882.0,0.5191172011454641,579.0,259.0,2.0,COMPLETE,,,,,,,,
378.0,2.685299612382762e-05,2024-04-26 04:16:05.735486,2024-04-26 04:16:06.339106,0 days 00:00:00.603620,0.8463225031273331,50.0,0.501254241736728,315.0,249.0,2.0,COMPLETE,,,,,,,,
379.0,0.00010511407070886283,2024-04-26 04:16:06.340108,2024-04-26 04:16:06.933110,0 days 00:00:00.593002,0.8430258882281623,793.0,0.5301160888804096,310.0,249.0,2.0,COMPLETE,,,,,,,,
380.0,8.504900976727116e-05,2024-04-26 04:16:06.934108,2024-04-26 04:16:07.591110,0 days 00:00:00.657002,0.8596048455034164,821.0,0.5042417488279657,311.0,278.0,2.0,COMPLETE,,,,,,,,
381.0,0.00022808989569693885,2024-04-26 04:16:07.593113,2024-04-26 04:16:08.243300,0 days 00:00:00.650187,0.8506427689137235,58.0,0.48129398340708485,319.0,263.0,1.0,COMPLETE,,,,,,,,
382.0,0.0037572287156573854,2024-04-26 04:16:08.244318,2024-04-26 04:16:08.985714,0 days 00:00:00.741396,0.6970982767707475,241.0,0.4949594749030469,320.0,309.0,2.0,COMPLETE,,,,,,,,
383.0,0.001628218052003438,2024-04-26 04:16:08.986715,2024-04-26 04:16:09.906715,0 days 00:00:00.920000,0.7433990237077003,754.0,0.8763682883884897,330.0,343.0,2.0,COMPLETE,,,,,,,,
384.0,0.0008741405811432767,2024-04-26 04:16:09.908220,2024-04-26 04:16:11.313242,0 days 00:00:01.405022,0.7117691979100902,211.0,0.7217964132470354,521.0,357.0,2.0,COMPLETE,,,,,,,,
385.0,4.167375220749264e-05,2024-04-26 04:16:11.314223,2024-04-26 04:16:11.958241,0 days 00:00:00.644018,0.8706908169740969,849.0,0.8071507028840426,315.0,244.0,2.0,COMPLETE,,,,,,,,
386.0,0.0005225195960270595,2024-04-26 04:16:11.960241,2024-04-26 04:16:12.594887,0 days 00:00:00.634646,0.8442843562238471,785.0,0.5135484290265508,332.0,250.0,2.0,COMPLETE,,,,,,,,
387.0,0.00037768985053327625,2024-04-26 04:16:12.595910,2024-04-26 04:16:13.680462,0 days 00:00:01.084552,0.8737651364750836,189.0,0.5422835148687055,566.0,262.0,2.0,COMPLETE,,,,,,,,
388.0,0.005734523145484714,2024-04-26 04:16:13.681462,2024-04-26 04:16:14.265013,0 days 00:00:00.583551,0.4309758143744987,835.0,0.49912415539052696,308.0,242.0,2.0,COMPLETE,,,,,,,,
389.0,0.0005120850696998917,2024-04-26 04:16:14.266015,2024-04-26 04:16:14.993846,0 days 00:00:00.727831,0.8591452383533078,99.0,0.5343963539421095,325.0,295.0,2.0,COMPLETE,,,,,,,,
390.0,0.0008605867569450929,2024-04-26 04:16:14.995846,2024-04-26 04:16:15.567829,0 days 00:00:00.571983,0.7361684825138283,877.0,0.8637823958893804,300.0,226.0,2.0,COMPLETE,,,,,,,,
391.0,0.00027351218211296474,2024-04-26 04:16:15.568827,2024-04-26 04:16:16.382549,0 days 00:00:00.813722,0.8831106403149221,568.0,0.4626841295801798,431.0,258.0,2.0,COMPLETE,,,,,,,,
392.0,8.857927617560347e-05,2024-04-26 04:16:16.383549,2024-04-26 04:16:17.346658,0 days 00:00:00.963109,0.7158092412468251,805.0,0.758104268129704,504.0,249.0,2.0,COMPLETE,,,,,,,,
393.0,0.0001767898640007587,2024-04-26 04:16:17.348659,2024-04-26 04:16:18.207657,0 days 00:00:00.858998,0.840120919834443,770.0,0.8351265184978579,462.0,235.0,2.0,COMPLETE,,,,,,,,
394.0,0.0006022104059832505,2024-04-26 04:16:18.208659,2024-04-26 04:16:19.126337,0 days 00:00:00.917678,0.6981795939660712,734.0,0.5242149654026926,582.0,216.0,2.0,COMPLETE,,,,,,,,
395.0,0.0007840955249826938,2024-04-26 04:16:19.128320,2024-04-26 04:16:19.937318,0 days 00:00:00.808998,0.8603782099700368,828.0,0.47133432575225953,440.0,253.0,2.0,COMPLETE,,,,,,,,
396.0,5.986366685474002e-05,2024-04-26 04:16:19.938338,2024-04-26 04:16:20.377338,0 days 00:00:00.439000,0.8818759158126546,863.0,0.6019780164733824,218.0,238.0,2.0,COMPLETE,,,,,,,,
397.0,0.0006629675160093659,2024-04-26 04:16:20.378339,2024-04-26 04:16:20.853269,0 days 00:00:00.474930,0.7551639046113341,813.0,0.7023284122721875,200.0,276.0,2.0,COMPLETE,,,,,,,,
398.0,0.00035255146575536396,2024-04-26 04:16:20.854270,2024-04-26 04:16:22.883489,0 days 00:00:02.029219,0.6751794120824197,887.0,0.4892098639885145,599.0,472.0,2.0,COMPLETE,,,,,,,,
399.0,0.0002923114668817733,2024-04-26 04:16:22.885485,2024-04-26 04:16:23.566245,0 days 00:00:00.680760,0.8988031797252093,85.0,0.5447633682166705,263.0,333.0,2.0,COMPLETE,,,,,,,,
400.0,0.0014530797603913724,2024-04-26 04:16:23.567247,2024-04-26 04:16:23.999246,0 days 00:00:00.431999,0.8685275041926411,454.0,0.6385670894529822,224.0,227.0,2.0,COMPLETE,,,,,,,,
401.0,0.0011063748396641158,2024-04-26 04:16:24.000247,2024-04-26 04:16:24.759245,0 days 00:00:00.758998,0.6586509119088674,752.0,0.5922966782726132,415.0,243.0,2.0,COMPLETE,,,,,,,,
402.0,0.00046325923142285065,2024-04-26 04:16:24.760247,2024-04-26 04:16:25.591187,0 days 00:00:00.830940,0.7304814444716933,849.0,0.1852194977959012,425.0,287.0,2.0,COMPLETE,,,,,,,,
403.0,0.0009978126617322621,2024-04-26 04:16:25.592187,2024-04-26 04:16:26.561207,0 days 00:00:00.969020,0.8401214756974714,299.0,0.4564381788265551,514.0,264.0,2.0,COMPLETE,,,,,,,,
404.0,4.3155728044722066e-05,2024-04-26 04:16:26.562208,2024-04-26 04:16:27.092431,0 days 00:00:00.530223,0.8820663904300011,792.0,0.5059280465503952,305.0,223.0,2.0,COMPLETE,,,,,,,,
405.0,1.90080664746154e-05,2024-04-26 04:16:27.094431,2024-04-26 04:16:28.022672,0 days 00:00:00.928241,0.8643614977378551,868.0,0.7803360281032563,234.0,486.0,2.0,COMPLETE,,,,,,,,
406.0,0.00040121591177840106,2024-04-26 04:16:28.024650,2024-04-26 04:16:28.944672,0 days 00:00:00.920022,0.8555891092976572,900.0,0.8542470335507839,234.0,475.0,2.0,COMPLETE,,,,,,,,
407.0,0.001406024821145122,2024-04-26 04:16:28.945672,2024-04-26 04:16:29.797882,0 days 00:00:00.852210,0.8701804365857938,873.0,0.7943046710532947,214.0,483.0,2.0,COMPLETE,,,,,,,,
408.0,0.0002721146162656212,2024-04-26 04:16:29.798883,2024-04-26 04:16:30.527883,0 days 00:00:00.729000,0.846970049509443,868.0,0.8165483790720128,228.0,385.0,2.0,COMPLETE,,,,,,,,
409.0,3.852435976892922e-05,2024-04-26 04:16:30.529890,2024-04-26 04:16:31.485931,0 days 00:00:00.956041,0.8273893211130395,888.0,0.6200838832374822,250.0,490.0,2.0,COMPLETE,,,,,,,,
410.0,0.00031992818261730656,2024-04-26 04:16:31.486910,2024-04-26 04:16:32.501486,0 days 00:00:01.014576,0.8834421337024498,724.0,0.7828717173051083,259.0,485.0,2.0,COMPLETE,,,,,,,,
411.0,0.00019158985391792916,2024-04-26 04:16:32.502471,2024-04-26 04:16:33.507239,0 days 00:00:01.004768,0.8618898242827794,922.0,0.8746138499803554,535.0,234.0,2.0,COMPLETE,,,,,,,,
412.0,0.0032220802023291526,2024-04-26 04:16:33.508240,2024-04-26 04:16:33.911239,0 days 00:00:00.402999,0.8745363681498113,864.0,0.5589891355546491,222.0,210.0,2.0,COMPLETE,,,,,,,,
413.0,5.614358569516947e-05,2024-04-26 04:16:33.912241,2024-04-26 04:16:34.809605,0 days 00:00:00.897364,0.8992547248217606,611.0,0.4789222940215368,237.0,496.0,2.0,COMPLETE,,,,,,,,
414.0,0.00036754702625097657,2024-04-26 04:16:34.811627,2024-04-26 04:16:36.486544,0 days 00:00:01.674917,0.827716854825671,852.0,0.582385990595359,469.0,480.0,2.0,COMPLETE,,,,,,,,
415.0,0.00019508807993265324,2024-04-26 04:16:36.487545,2024-04-26 04:16:37.887127,0 days 00:00:01.399582,0.8554224583741936,739.0,0.8319971956936122,347.0,500.0,2.0,COMPLETE,,,,,,,,
416.0,0.00017679004604780505,2024-04-26 04:16:37.888129,2024-04-26 04:16:38.736562,0 days 00:00:00.848433,0.7847212375998681,836.0,0.60749397533222,231.0,463.0,2.0,COMPLETE,,,,,,,,
417.0,0.0010462630189811974,2024-04-26 04:16:38.738537,2024-04-26 04:16:39.276558,0 days 00:00:00.538021,0.8155155482261323,704.0,0.8887876711828461,246.0,254.0,2.0,COMPLETE,,,,,,,,
418.0,9.62783029858608e-05,2024-04-26 04:16:39.277560,2024-04-26 04:16:40.099142,0 days 00:00:00.821582,0.8729134063432202,772.0,0.5317144946105741,456.0,245.0,2.0,COMPLETE,,,,,,,,
419.0,0.001458358891063185,2024-04-26 04:16:40.100140,2024-04-26 04:16:40.641254,0 days 00:00:00.541114,0.8476141610141452,899.0,0.51661504194,314.0,219.0,2.0,COMPLETE,,,,,,,,
420.0,0.0005485750849385195,2024-04-26 04:16:40.642253,2024-04-26 04:16:41.163254,0 days 00:00:00.521001,0.8837112523095427,883.0,0.5708320012405347,237.0,272.0,2.0,COMPLETE,,,,,,,,
421.0,0.00046304334403428235,2024-04-26 04:16:41.164253,2024-04-26 04:16:42.255688,0 days 00:00:01.091435,0.8652091951219516,837.0,0.4699428824280402,298.0,488.0,2.0,COMPLETE,,,,,,,,
422.0,0.0030011378135032184,2024-04-26 04:16:42.257688,2024-04-26 04:16:42.748974,0 days 00:00:00.491286,0.7735860706019749,52.0,0.5926680345156793,255.0,232.0,2.0,COMPLETE,,,,,,,,
423.0,0.0003566159281180037,2024-04-26 04:16:42.749974,2024-04-26 04:16:43.868950,0 days 00:00:01.118976,0.8874784942988467,849.0,0.44929758107141377,323.0,469.0,2.0,COMPLETE,,,,,,,,
424.0,6.478515873903889e-05,2024-04-26 04:16:43.869951,2024-04-26 04:16:44.334693,0 days 00:00:00.464742,0.7974093525518838,180.0,0.5538241217462043,225.0,241.0,1.0,COMPLETE,,,,,,,,
425.0,0.00015914276883517416,2024-04-26 04:16:44.336693,2024-04-26 04:16:44.833019,0 days 00:00:00.496326,0.8365310844113846,746.0,0.49416483897668606,244.0,255.0,2.0,COMPLETE,,,,,,,,
426.0,0.006121013816671976,2024-04-26 04:16:44.834017,2024-04-26 04:16:45.779017,0 days 00:00:00.945000,0.3849076086733768,868.0,0.6477347929210769,553.0,229.0,2.0,COMPLETE,,,,,,,,
427.0,0.0002544415455941429,2024-04-26 04:16:45.779999,2024-04-26 04:16:46.253608,0 days 00:00:00.473609,0.8988586132363536,767.0,0.579775340961709,262.0,218.0,2.0,COMPLETE,,,,,,,,
428.0,0.00031711766029183277,2024-04-26 04:16:46.254609,2024-04-26 04:16:46.723621,0 days 00:00:00.469012,0.8651177548017159,911.0,0.8575587591231749,213.0,248.0,2.0,COMPLETE,,,,,,,,
429.0,0.0008341535874491912,2024-04-26 04:16:46.724769,2024-04-26 04:16:47.783971,0 days 00:00:01.059202,0.687079403415798,717.0,0.6173290433154676,541.0,265.0,2.0,COMPLETE,,,,,,,,
430.0,0.0005048312886535835,2024-04-26 04:16:47.785972,2024-04-26 04:16:48.284947,0 days 00:00:00.498975,0.8507413034466973,796.0,0.6703593677682327,234.0,238.0,2.0,COMPLETE,,,,,,,,
431.0,0.0012337457100215024,2024-04-26 04:16:48.286666,2024-04-26 04:16:49.374483,0 days 00:00:01.087817,0.8854585679574879,846.0,0.511308590300646,529.0,280.0,2.0,COMPLETE,,,,,,,,
432.0,0.0003376035236700583,2024-04-26 04:16:49.377483,2024-04-26 04:16:50.151503,0 days 00:00:00.774020,0.811290845714929,821.0,0.5414817630175468,447.0,230.0,2.0,COMPLETE,,,,,,,,
433.0,8.465124651925714e-05,2024-04-26 04:16:50.153505,2024-04-26 04:16:50.578669,0 days 00:00:00.425164,0.7514364590094225,890.0,0.4444362157023723,249.0,211.0,2.0,COMPLETE,,,,,,,,
434.0,1.4183549186591853e-05,2024-04-26 04:16:50.580670,2024-04-26 04:16:51.020097,0 days 00:00:00.439427,0.4783740097744087,970.0,0.5629422311939499,208.0,254.0,2.0,COMPLETE,,,,,,,,
435.0,0.0011003657018746893,2024-04-26 04:16:51.021747,2024-04-26 04:16:51.494146,0 days 00:00:00.472399,0.6470291416521184,938.0,0.8453455977198566,205.0,261.0,2.0,COMPLETE,,,,,,,,
436.0,0.00024529786445505073,2024-04-26 04:16:51.495158,2024-04-26 04:16:51.979146,0 days 00:00:00.483988,0.8389149773910191,995.0,0.5275674036127835,221.0,271.0,2.0,COMPLETE,,,,,,,,
437.0,0.0006594646884921258,2024-04-26 04:16:51.980146,2024-04-26 04:16:52.429127,0 days 00:00:00.448981,0.44883375646631357,967.0,0.47238794921323146,217.0,255.0,2.0,COMPLETE,,,,,,,,
438.0,0.0014737973131170022,2024-04-26 04:16:52.430146,2024-04-26 04:16:52.859911,0 days 00:00:00.429765,0.41706584096705224,790.0,0.4842989827162614,212.0,247.0,2.0,COMPLETE,,,,,,,,
439.0,0.003177863915735869,2024-04-26 04:16:52.860913,2024-04-26 04:16:53.397741,0 days 00:00:00.536828,0.47884455957689054,967.0,0.5918847078889355,225.0,293.0,2.0,COMPLETE,,,,,,,,
440.0,0.0006184365618913778,2024-04-26 04:16:53.399719,2024-04-26 04:16:54.235742,0 days 00:00:00.836023,0.5065334912609841,372.0,0.5571623070322831,501.0,224.0,2.0,COMPLETE,,,,,,,,
441.0,0.00010169406730661812,2024-04-26 04:16:54.236742,2024-04-26 04:16:54.717010,0 days 00:00:00.480268,0.4512924374131553,704.0,0.8858764157505962,210.0,257.0,2.0,COMPLETE,,,,,,,,
442.0,0.0027191350841500633,2024-04-26 04:16:54.718129,2024-04-26 04:16:56.099300,0 days 00:00:01.381171,0.491414707443085,965.0,0.5724964763216674,371.0,493.0,2.0,COMPLETE,,,,,,,,
443.0,0.0002707692847413731,2024-04-26 04:16:56.100299,2024-04-26 04:16:56.565300,0 days 00:00:00.465001,0.5428386322283594,760.0,0.631201186091212,204.0,266.0,2.0,COMPLETE,,,,,,,,
444.0,0.000346926787991131,2024-04-26 04:16:56.566300,2024-04-26 04:16:57.394353,0 days 00:00:00.828053,0.48405485209705146,730.0,0.43765531972625465,481.0,239.0,2.0,COMPLETE,,,,,,,,
445.0,0.0006878417504939617,2024-04-26 04:16:57.396010,2024-04-26 04:16:57.673834,0 days 00:00:00.277824,0.4661288740814715,954.0,0.6068756135395177,232.0,121.0,2.0,COMPLETE,,,,,,,,
446.0,0.0008434497855286909,2024-04-26 04:16:57.674834,2024-04-26 04:16:58.048836,0 days 00:00:00.374002,0.6690995678616686,802.0,0.4584744383493915,200.0,218.0,2.0,COMPLETE,,,,,,,,
447.0,0.003453957717680458,2024-04-26 04:16:58.049836,2024-04-26 04:16:58.773834,0 days 00:00:00.723998,0.5204722902861464,823.0,0.498993593053695,388.0,249.0,2.0,COMPLETE,,,,,,,,
448.0,0.00019555276787804903,2024-04-26 04:16:58.774820,2024-04-26 04:16:59.417733,0 days 00:00:00.642913,0.7716837148947248,777.0,0.8990802835074551,248.0,303.0,2.0,COMPLETE,,,,,,,,
449.0,8.48436527237445e-06,2024-04-26 04:16:59.419736,2024-04-26 04:16:59.868508,0 days 00:00:00.448772,0.7900579051911588,984.0,0.8156605280689124,240.0,209.0,2.0,COMPLETE,,,,,,,,
450.0,0.0012048998728632538,2024-04-26 04:16:59.869509,2024-04-26 04:17:00.320510,0 days 00:00:00.451001,0.7823296360283895,973.0,0.8030434809241033,243.0,208.0,2.0,COMPLETE,,,,,,,,
451.0,0.0014503648153581924,2024-04-26 04:17:00.321487,2024-04-26 04:17:00.758510,0 days 00:00:00.437023,0.759895615037129,990.0,0.8138326546608791,236.0,206.0,2.0,COMPLETE,,,,,,,,
452.0,0.0002655858137028275,2024-04-26 04:17:00.759508,2024-04-26 04:17:01.204874,0 days 00:00:00.445366,0.7938675312637341,983.0,0.8155831527759597,231.0,214.0,2.0,COMPLETE,,,,,,,,
453.0,0.007064181101763286,2024-04-26 04:17:01.205874,2024-04-26 04:17:01.728654,0 days 00:00:00.522780,0.35970701725742715,983.0,0.8271374670729109,258.0,225.0,1.0,COMPLETE,,,,,,,,
454.0,0.008612430721023745,2024-04-26 04:17:01.730655,2024-04-26 04:17:02.220654,0 days 00:00:00.489999,0.49855906323159205,947.0,0.8402926571238604,241.0,232.0,2.0,COMPLETE,,,,,,,,
455.0,0.0013239277120901222,2024-04-26 04:17:02.221654,2024-04-26 04:17:03.207959,0 days 00:00:00.986305,0.7925445404299447,943.0,0.7936618516647423,254.0,477.0,2.0,COMPLETE,,,,,,,,
456.0,0.005956235827345772,2024-04-26 04:17:03.209656,2024-04-26 04:17:03.860450,0 days 00:00:00.650794,0.4639555435676652,922.0,0.8203903791886021,356.0,219.0,2.0,COMPLETE,,,,,,,,
457.0,0.00017852426104429932,2024-04-26 04:17:03.862450,2024-04-26 04:17:04.300451,0 days 00:00:00.438001,0.7402318301931973,830.0,0.7737605378150161,240.0,207.0,2.0,COMPLETE,,,,,,,,
458.0,0.0006505859235360477,2024-04-26 04:17:04.302432,2024-04-26 04:17:04.922431,0 days 00:00:00.619999,0.7730351802560818,972.0,0.8591259349300135,230.0,315.0,2.0,COMPLETE,,,,,,,,
459.0,0.002145844263520265,2024-04-26 04:17:04.923450,2024-04-26 04:17:05.441805,0 days 00:00:00.518355,0.7010834279227947,802.0,0.8414504211016861,266.0,224.0,2.0,COMPLETE,,,,,,,,
460.0,0.0009947756111371355,2024-04-26 04:17:05.442784,2024-04-26 04:17:05.867805,0 days 00:00:00.425021,0.6815670797493981,849.0,0.40439017800537397,222.0,237.0,2.0,COMPLETE,,,,,,,,
461.0,0.0002528044373977746,2024-04-26 04:17:05.869809,2024-04-26 04:17:06.348753,0 days 00:00:00.478944,0.8181974041223663,999.0,0.8658847399111874,250.0,215.0,2.0,COMPLETE,,,,,,,,
462.0,0.00022793404206891693,2024-04-26 04:17:06.349752,2024-04-26 04:17:06.775754,0 days 00:00:00.426002,0.7623594390166178,276.0,0.5735094751425179,220.0,229.0,2.0,COMPLETE,,,,,,,,
463.0,0.00027903353190144046,2024-04-26 04:17:06.777751,2024-04-26 04:17:07.930633,0 days 00:00:01.152882,0.8092394406396696,784.0,0.42532295056647695,340.0,460.0,2.0,COMPLETE,,,,,,,,
464.0,0.00155435435309644,2024-04-26 04:17:07.931633,2024-04-26 04:17:08.460401,0 days 00:00:00.528768,0.7208959936926803,880.0,0.5914111528975733,327.0,199.0,2.0,COMPLETE,,,,,,,,
465.0,0.001069181710222767,2024-04-26 04:17:08.461401,2024-04-26 04:17:08.950420,0 days 00:00:00.489019,0.6960889451513664,921.0,0.6548866586812518,240.0,242.0,2.0,COMPLETE,,,,,,,,
466.0,1.5066835604760691e-05,2024-04-26 04:17:08.951422,2024-04-26 04:17:10.797699,0 days 00:00:01.846277,0.7884733613550234,476.0,0.549681609910959,515.0,486.0,2.0,COMPLETE,,,,,,,,
467.0,0.00038855511854831327,2024-04-26 04:17:10.798700,2024-04-26 04:17:12.628020,0 days 00:00:01.829320,0.7971778157072299,483.0,0.5480318463573095,515.0,484.0,2.0,COMPLETE,,,,,,,,
468.0,0.00016113586173917434,2024-04-26 04:17:12.630020,2024-04-26 04:17:14.527615,0 days 00:00:01.897595,0.8299512317404297,417.0,0.5562983156189514,509.0,500.0,2.0,COMPLETE,,,,,,,,
469.0,1.3041371404001921e-05,2024-04-26 04:17:14.528614,2024-04-26 04:17:16.393823,0 days 00:00:01.865209,0.875458824628401,956.0,0.5388618311021569,519.0,489.0,2.0,COMPLETE,,,,,,,,
470.0,0.00022765024109956997,2024-04-26 04:17:16.394859,2024-04-26 04:17:18.237729,0 days 00:00:01.842870,0.8717192258265241,956.0,0.5392180755716601,521.0,480.0,2.0,COMPLETE,,,,,,,,
