number,value,datetime_start,datetime_complete,duration,params_alpha,params_initial_temperature,params_mutation_ratio,params_no_generations,params_population_size,params_var,state,population_size,no_generations,mutation_ratio,var,initial_temperature,alpha,best_value,record_type
235.0,4.596196966874763e-05,2024-04-26 04:14:37.890138,2024-04-26 04:14:38.419691,0 days 00:00:00.529553,0.8968543709248998,860.0,0.5750715890603992,286.0,239.0,2.0,COMPLETE,,,,,,,,
236.0,5.598054121410202e-05,2024-04-26 04:14:38.420668,2024-04-26 04:14:38.904017,0 days 00:00:00.483349,0.8939803457490056,922.0,0.5758232204465701,260.0,236.0,2.0,COMPLETE,,,,,,,,
237.0,0.0002831282574604684,2024-04-26 04:14:38.905118,2024-04-26 04:14:39.348093,0 days 00:00:00.442975,0.8951677918476575,928.0,0.600141435363786,254.0,216.0,2.0,COMPLETE,,,,,,,,
238.0,6.132975123289945e-05,2024-04-26 04:14:39.349075,2024-04-26 04:14:39.840094,0 days 00:00:00.491019,0.8996916558565239,894.0,0.5657919043316645,268.0,234.0,2.0,COMPLETE,,,,,,,,
239.0,0.0005688069528841835,2024-04-26 04:14:39.841094,2024-04-26 04:14:40.321093,0 days 00:00:00.479999,0.8605320257329219,964.0,0.5813037622889528,272.0,224.0,2.0,COMPLETE,,,,,,,,
240.0,0.00025580599935788037,2024-04-26 04:14:40.323071,2024-04-26 04:14:40.853943,0 days 00:00:00.530872,0.8880668556787518,909.0,0.5983706177674702,283.0,241.0,2.0,COMPLETE,,,,,,,,
241.0,6.957121169107226e-06,2024-04-26 04:14:40.854945,2024-04-26 04:14:41.330167,0 days 00:00:00.475222,0.8953798725922222,882.0,0.5689677447381014,255.0,236.0,2.0,COMPLETE,,,,,,,,
242.0,2.664025427178714e-05,2024-04-26 04:14:41.332169,2024-04-26 04:14:41.765167,0 days 00:00:00.432998,0.8828704228947492,870.0,0.5492055709272713,240.0,226.0,2.0,COMPLETE,,,,,,,,
243.0,0.0001359278444592067,2024-04-26 04:14:41.766172,2024-04-26 04:14:42.246150,0 days 00:00:00.479978,0.8786582231360656,876.0,0.5725185636799557,266.0,230.0,2.0,COMPLETE,,,,,,,,
244.0,0.00011290872196136786,2024-04-26 04:14:42.247148,2024-04-26 04:14:42.625331,0 days 00:00:00.378183,0.8820005862034145,859.0,0.5430898045904056,227.0,203.0,2.0,COMPLETE,,,,,,,,
245.0,0.0003677744000753102,2024-04-26 04:14:42.626374,2024-04-26 04:14:43.052388,0 days 00:00:00.426014,0.8735771126585239,917.0,0.5692965471322275,237.0,223.0,2.0,COMPLETE,,,,,,,,
246.0,0.00073297186001479,2024-04-26 04:14:43.053388,2024-04-26 04:14:43.535026,0 days 00:00:00.481638,0.8598307818777998,882.0,0.5894624607891701,254.0,239.0,2.0,COMPLETE,,,,,,,,
247.0,7.438169611672025e-05,2024-04-26 04:14:43.536030,2024-04-26 04:14:44.022008,0 days 00:00:00.485978,0.8977307063439861,856.0,0.5511938096782023,263.0,236.0,2.0,COMPLETE,,,,,,,,
248.0,0.0004182702310111986,2024-04-26 04:14:44.023030,2024-04-26 04:14:44.469029,0 days 00:00:00.445999,0.8845138999737487,850.0,0.5785915565178078,246.0,228.0,2.0,COMPLETE,,,,,,,,
249.0,5.466640303810241e-05,2024-04-26 04:14:44.470030,2024-04-26 04:14:44.917717,0 days 00:00:00.447687,0.8404537675099388,872.0,0.5629377840836477,261.0,214.0,2.0,COMPLETE,,,,,,,,
250.0,0.0004077333140777847,2024-04-26 04:14:44.918717,2024-04-26 04:14:45.343709,0 days 00:00:00.424992,0.84486297669734,892.0,0.5524365165235897,243.0,217.0,2.0,COMPLETE,,,,,,,,
251.0,4.7752041467648345e-05,2024-04-26 04:14:45.345688,2024-04-26 04:14:45.773709,0 days 00:00:00.428021,0.8641729269607725,869.0,0.5287021933581781,262.0,206.0,2.0,COMPLETE,,,,,,,,
252.0,0.002760329897330356,2024-04-26 04:14:45.774710,2024-04-26 04:14:46.235692,0 days 00:00:00.460982,0.8543150155783757,864.0,0.5319934000987421,284.0,209.0,2.0,COMPLETE,,,,,,,,
253.0,0.00015972121691936917,2024-04-26 04:14:46.237690,2024-04-26 04:14:46.685710,0 days 00:00:00.448020,0.8731423150471079,844.0,0.5371377770131306,274.0,208.0,2.0,COMPLETE,,,,,,,,
254.0,0.00033321561400012916,2024-04-26 04:14:46.686710,2024-04-26 04:14:47.176133,0 days 00:00:00.489423,0.834009457177524,870.0,0.6111766660142001,281.0,220.0,2.0,COMPLETE,,,,,,,,
255.0,0.0016789931927698146,2024-04-26 04:14:47.178131,2024-04-26 04:14:47.568116,0 days 00:00:00.389985,0.8610394384872386,839.0,0.5181726059943288,256.0,187.0,2.0,COMPLETE,,,,,,,,
256.0,0.0002645570199106644,2024-04-26 04:14:47.569119,2024-04-26 04:14:47.972114,0 days 00:00:00.402995,0.8449266888744569,875.0,0.5627471532917592,259.0,192.0,2.0,COMPLETE,,,,,,,,
257.0,0.0003619386812717822,2024-04-26 04:14:47.974115,2024-04-26 04:14:48.530116,0 days 00:00:00.556001,0.8999636045931306,841.0,0.542221577893568,289.0,253.0,2.0,COMPLETE,,,,,,,,
258.0,3.8306027169486064e-05,2024-04-26 04:14:48.531115,2024-04-26 04:14:48.929239,0 days 00:00:00.398124,0.8697539469386417,907.0,0.5610265501806379,241.0,202.0,2.0,COMPLETE,,,,,,,,
259.0,0.0004906317109646686,2024-04-26 04:14:48.930934,2024-04-26 04:14:49.317890,0 days 00:00:00.386956,0.8641493558028153,900.0,0.5238724173551244,233.0,205.0,2.0,COMPLETE,,,,,,,,
260.0,5.767514760483887e-06,2024-04-26 04:14:49.318889,2024-04-26 04:14:49.742718,0 days 00:00:00.423829,0.8831202045179175,903.0,0.5905713171688564,248.0,211.0,2.0,COMPLETE,,,,,,,,
261.0,0.00015811197974124162,2024-04-26 04:14:49.744722,2024-04-26 04:14:50.135719,0 days 00:00:00.390997,0.8827358992160995,901.0,0.6039345631238194,242.0,197.0,2.0,COMPLETE,,,,,,,,
262.0,9.930856155686196e-05,2024-04-26 04:14:50.137700,2024-04-26 04:14:50.596719,0 days 00:00:00.459019,0.8791165418055645,918.0,0.5876069546951507,294.0,196.0,2.0,COMPLETE,,,,,,,,
263.0,8.442260689657973e-05,2024-04-26 04:14:50.597718,2024-04-26 04:14:51.081759,0 days 00:00:00.484041,0.8679391441077555,889.0,0.8805364509476336,249.0,229.0,2.0,COMPLETE,,,,,,,,
264.0,0.0006366601940320984,2024-04-26 04:14:51.083378,2024-04-26 04:14:51.581147,0 days 00:00:00.497769,0.8797518266198242,853.0,0.5933799661225594,251.0,244.0,2.0,COMPLETE,,,,,,,,
265.0,2.326393327026951e-05,2024-04-26 04:14:51.582147,2024-04-26 04:14:52.053266,0 days 00:00:00.471119,0.8645327651003353,827.0,0.545328626416244,238.0,248.0,2.0,COMPLETE,,,,,,,,
266.0,0.00033348661365333477,2024-04-26 04:14:52.054265,2024-04-26 04:14:52.488264,0 days 00:00:00.433999,0.8615442690242894,824.0,0.5542255807839113,220.0,246.0,2.0,COMPLETE,,,,,,,,
267.0,0.00011733762618012052,2024-04-26 04:14:52.489244,2024-04-26 04:14:52.841265,0 days 00:00:00.352021,0.855357205663347,835.0,0.5259871393885431,230.0,183.0,2.0,COMPLETE,,,,,,,,
268.0,0.0006276158094071702,2024-04-26 04:14:52.842265,2024-04-26 04:14:53.227815,0 days 00:00:00.385550,0.89961497925656,858.0,0.5333667522672382,223.0,213.0,2.0,COMPLETE,,,,,,,,
269.0,0.0004185519642814807,2024-04-26 04:14:53.229458,2024-04-26 04:14:53.693052,0 days 00:00:00.463594,0.8829994722181143,937.0,0.5106418318878309,236.0,250.0,2.0,COMPLETE,,,,,,,,
270.0,0.00012310367251222273,2024-04-26 04:14:53.694052,2024-04-26 04:14:54.128238,0 days 00:00:00.434186,0.8712236548478188,902.0,0.570534253713005,244.0,220.0,2.0,COMPLETE,,,,,,,,
271.0,8.564790030684961e-05,2024-04-26 04:14:54.129239,2024-04-26 04:14:54.538219,0 days 00:00:00.408980,0.8527099919657354,806.0,0.5530128471348267,217.0,233.0,2.0,COMPLETE,,,,,,,,
272.0,1.7182710348125694e-05,2024-04-26 04:14:54.539222,2024-04-26 04:14:55.003237,0 days 00:00:00.464015,0.8298321320111688,878.0,0.6121747726608318,238.0,243.0,2.0,COMPLETE,,,,,,,,
273.0,0.00033884570012818064,2024-04-26 04:14:55.004240,2024-04-26 04:14:55.458544,0 days 00:00:00.454304,0.8252136572855485,876.0,0.5946975604185039,237.0,238.0,2.0,COMPLETE,,,,,,,,
274.0,0.001829883291411114,2024-04-26 04:14:55.459564,2024-04-26 04:14:55.936580,0 days 00:00:00.477016,0.8373771183429646,951.0,0.603497664243138,242.0,247.0,2.0,COMPLETE,,,,,,,,
275.0,6.584517106895003e-05,2024-04-26 04:14:55.937726,2024-04-26 04:14:56.448741,0 days 00:00:00.511015,0.8832547347815952,857.0,0.6133190479769237,252.0,257.0,2.0,COMPLETE,,,,,,,,
276.0,0.000198280526168041,2024-04-26 04:14:56.449718,2024-04-26 04:14:56.916740,0 days 00:00:00.467022,0.8563286721252386,885.0,0.8966759162750029,273.0,200.0,2.0,COMPLETE,,,,,,,,
277.0,0.00030032757842465195,2024-04-26 04:14:56.917741,2024-04-26 04:14:57.306740,0 days 00:00:00.388999,0.8996755767918023,915.0,0.6274346265918407,205.0,227.0,2.0,COMPLETE,,,,,,,,
278.0,0.0006481559173384824,2024-04-26 04:14:57.307740,2024-04-26 04:14:57.842341,0 days 00:00:00.534601,0.8686685965727817,842.0,0.578342586414422,283.0,242.0,2.0,COMPLETE,,,,,,,,
279.0,0.0005242652586376252,2024-04-26 04:14:57.843342,2024-04-26 04:14:58.367072,0 days 00:00:00.523730,0.883024327283475,888.0,0.852085246781047,301.0,208.0,2.0,COMPLETE,,,,,,,,
280.0,0.0005479720956136804,2024-04-26 04:14:58.369076,2024-04-26 04:14:58.811073,0 days 00:00:00.441997,0.8433994707697524,864.0,0.39203158191883786,229.0,252.0,2.0,COMPLETE,,,,,,,,
281.0,0.0006368176001216184,2024-04-26 04:14:58.813079,2024-04-26 04:14:59.231074,0 days 00:00:00.417995,0.8743119277527913,336.0,0.6182071676415015,214.0,236.0,2.0,COMPLETE,,,,,,,,
282.0,0.00014279342325969577,2024-04-26 04:14:59.232077,2024-04-26 04:14:59.689848,0 days 00:00:00.457771,0.8177731439397035,811.0,0.5816546955924662,258.0,223.0,2.0,COMPLETE,,,,,,,,
283.0,0.0003332709459270453,2024-04-26 04:14:59.690845,2024-04-26 04:15:00.201501,0 days 00:00:00.510656,0.8869257807533344,837.0,0.5479808073924587,266.0,246.0,2.0,COMPLETE,,,,,,,,
284.0,0.0001791864106418495,2024-04-26 04:15:00.202039,2024-04-26 04:15:01.360148,0 days 00:00:01.158109,0.8996881407683102,898.0,0.8310384102657847,585.0,257.0,2.0,COMPLETE,,,,,,,,
285.0,0.0018062232311298549,2024-04-26 04:15:01.361146,2024-04-26 04:15:01.808881,0 days 00:00:00.447735,0.865764373297211,865.0,0.5962836431937109,239.0,233.0,2.0,COMPLETE,,,,,,,,
286.0,4.708262750036449e-05,2024-04-26 04:15:01.809884,2024-04-26 04:15:02.282882,0 days 00:00:00.472998,0.8538758656239162,656.0,0.5666924362106349,276.0,217.0,2.0,COMPLETE,,,,,,,,
287.0,0.000864784649129205,2024-04-26 04:15:02.283882,2024-04-26 04:15:02.788500,0 days 00:00:00.504618,0.4923714797543399,646.0,0.5752691434391745,290.0,220.0,2.0,COMPLETE,,,,,,,,
288.0,0.00022358238479641815,2024-04-26 04:15:02.789500,2024-04-26 04:15:03.536500,0 days 00:00:00.747000,0.8474099613752529,684.0,0.6101866678101108,276.0,352.0,2.0,COMPLETE,,,,,,,,
289.0,0.00016735690811897432,2024-04-26 04:15:03.537500,2024-04-26 04:15:04.039728,0 days 00:00:00.502228,0.1660615583241139,665.0,0.565829945002024,282.0,228.0,2.0,COMPLETE,,,,,,,,
290.0,0.00028360748047940985,2024-04-26 04:15:04.040729,2024-04-26 04:15:04.620505,0 days 00:00:00.579776,0.7316451263696996,655.0,0.8670469361412944,292.0,240.0,2.0,COMPLETE,,,,,,,,
291.0,8.653544053019374e-05,2024-04-26 04:15:04.622508,2024-04-26 04:15:05.214525,0 days 00:00:00.592017,0.8838370637313661,702.0,0.5902857552203516,308.0,251.0,2.0,COMPLETE,,,,,,,,
292.0,0.00010177714958360201,2024-04-26 04:15:05.215524,2024-04-26 04:15:05.643525,0 days 00:00:00.428001,0.8366364590894926,807.0,0.5620432868567524,248.0,215.0,2.0,COMPLETE,,,,,,,,
293.0,0.0004587218537274423,2024-04-26 04:15:05.645530,2024-04-26 04:15:06.253597,0 days 00:00:00.608067,0.7115446622944906,830.0,0.6272604425816668,302.0,260.0,2.0,COMPLETE,,,,,,,,
294.0,0.00017965151102717497,2024-04-26 04:15:06.255598,2024-04-26 04:15:06.960890,0 days 00:00:00.705292,0.8703601961556733,686.0,0.5836206736259989,393.0,240.0,2.0,COMPLETE,,,,,,,,
295.0,0.0003527034784866018,2024-04-26 04:15:06.961888,2024-04-26 04:15:07.392890,0 days 00:00:00.431002,0.8849198347979823,814.0,0.6089867401285445,232.0,229.0,2.0,COMPLETE,,,,,,,,
296.0,0.0005524102617311625,2024-04-26 04:15:07.393890,2024-04-26 04:15:07.953890,0 days 00:00:00.560000,0.8999455599258587,636.0,0.55090225029188,296.0,247.0,2.0,COMPLETE,,,,,,,,
297.0,0.00014809272179339112,2024-04-26 04:15:07.955894,2024-04-26 04:15:08.450762,0 days 00:00:00.494868,0.852517427050521,853.0,0.569133173819542,271.0,233.0,2.0,COMPLETE,,,,,,,,
298.0,0.0005843251173952012,2024-04-26 04:15:08.451764,2024-04-26 04:15:08.979566,0 days 00:00:00.527802,0.82562265426468,716.0,0.4126087708323197,280.0,252.0,2.0,COMPLETE,,,,,,,,
299.0,0.00012269943571077991,2024-04-26 04:15:08.980565,2024-04-26 04:15:09.479565,0 days 00:00:00.499000,0.864147076507872,907.0,0.5910285754428721,288.0,221.0,2.0,COMPLETE,,,,,,,,
300.0,0.0008553049077728154,2024-04-26 04:15:09.480574,2024-04-26 04:15:09.973565,0 days 00:00:00.492991,0.507981498809494,831.0,0.773018915551631,250.0,239.0,2.0,COMPLETE,,,,,,,,
301.0,0.0005651026170226315,2024-04-26 04:15:09.974566,2024-04-26 04:15:10.447515,0 days 00:00:00.472949,0.13182262503961667,934.0,0.5440744938578931,280.0,215.0,2.0,COMPLETE,,,,,,,,
302.0,0.0005592239520417501,2024-04-26 04:15:10.449514,2024-04-26 04:15:11.169746,0 days 00:00:00.720232,0.4701574999493549,880.0,0.6289747482182492,365.0,261.0,2.0,COMPLETE,,,,,,,,
303.0,0.0002588495411733712,2024-04-26 04:15:11.170744,2024-04-26 04:15:11.868744,0 days 00:00:00.698000,0.8825341773186403,665.0,0.6019633153889071,379.0,245.0,2.0,COMPLETE,,,,,,,,
304.0,0.00015685072940791096,2024-04-26 04:15:11.869745,2024-04-26 04:15:12.303725,0 days 00:00:00.433980,0.8526473772935673,819.0,0.576577309630716,238.0,227.0,2.0,COMPLETE,,,,,,,,
305.0,0.0004995217211751727,2024-04-26 04:15:12.305727,2024-04-26 04:15:12.795430,0 days 00:00:00.489703,0.7000326145809151,801.0,0.8128683847280999,225.0,259.0,2.0,COMPLETE,,,,,,,,
306.0,6.249996573784264e-05,2024-04-26 04:15:12.797429,2024-04-26 04:15:13.882498,0 days 00:00:01.085069,0.877546518311756,260.0,0.5008606210269675,319.0,454.0,2.0,COMPLETE,,,,,,,,
307.0,0.0007119990683216388,2024-04-26 04:15:13.884496,2024-04-26 04:15:14.442514,0 days 00:00:00.558018,0.8846397589606413,847.0,0.5640067555582834,303.0,236.0,2.0,COMPLETE,,,,,,,,
308.0,8.558737135777398e-05,2024-04-26 04:15:14.444495,2024-04-26 04:15:15.338032,0 days 00:00:00.893537,0.8652657331115733,748.0,0.872669381107013,544.0,208.0,2.0,COMPLETE,,,,,,,,
309.0,0.00049289973661682,2024-04-26 04:15:15.339031,2024-04-26 04:15:16.366052,0 days 00:00:01.027021,0.8995729166248726,706.0,0.5845512634744516,294.0,462.0,2.0,COMPLETE,,,,,,,,
310.0,0.00010536970208412615,2024-04-26 04:15:16.367052,2024-04-26 04:15:16.949422,0 days 00:00:00.582370,0.8388074064997526,849.0,0.8459241637322348,275.0,251.0,2.0,COMPLETE,,,,,,,,
311.0,0.00043100901465710387,2024-04-26 04:15:16.950424,2024-04-26 04:15:17.795013,0 days 00:00:00.844589,0.5263501222456601,883.0,0.6121517290948089,245.0,444.0,2.0,COMPLETE,,,,,,,,
312.0,5.305442404795427e-05,2024-04-26 04:15:17.797013,2024-04-26 04:15:18.633011,0 days 00:00:00.835998,0.8729097857219229,791.0,0.5588042305904736,574.0,201.0,2.0,COMPLETE,,,,,,,,
313.0,0.0017715108054603623,2024-04-26 04:15:18.634013,2024-04-26 04:15:19.133844,0 days 00:00:00.499831,0.718646099734565,911.0,0.5923573888116045,258.0,245.0,2.0,COMPLETE,,,,,,,,
314.0,0.000579855155788699,2024-04-26 04:15:19.135843,2024-04-26 04:15:19.550167,0 days 00:00:00.414324,0.851378712411622,821.0,0.5461729132834484,286.0,179.0,2.0,COMPLETE,,,,,,,,
315.0,0.0002609922160952132,2024-04-26 04:15:19.551148,2024-04-26 04:15:20.024167,0 days 00:00:00.473019,0.8860114008669783,738.0,0.5141903661492526,270.0,224.0,2.0,COMPLETE,,,,,,,,
316.0,3.800493188866413e-05,2024-04-26 04:15:20.026168,2024-04-26 04:15:20.468167,0 days 00:00:00.441999,0.8118422117742176,685.0,0.4371521345076638,243.0,235.0,2.0,COMPLETE,,,,,,,,
317.0,1.5920807049168898e-05,2024-04-26 04:15:20.470167,2024-04-26 04:15:20.894106,0 days 00:00:00.423939,0.7738341591414463,866.0,0.48733907514964236,234.0,229.0,2.0,COMPLETE,,,,,,,,
318.0,0.00097658953601819,2024-04-26 04:15:20.895250,2024-04-26 04:15:21.320647,0 days 00:00:00.425397,0.8048220208319627,872.0,0.43753047307627563,230.0,235.0,2.0,COMPLETE,,,,,,,,
319.0,4.783162711182355e-05,2024-04-26 04:15:21.321648,2024-04-26 04:15:21.756019,0 days 00:00:00.434371,0.8164116454698526,891.0,0.49022287388064695,236.0,233.0,2.0,COMPLETE,,,,,,,,
320.0,0.00018893175318615888,2024-04-26 04:15:21.758020,2024-04-26 04:15:22.219019,0 days 00:00:00.460999,0.7550570021231225,837.0,0.46109316284962387,246.0,243.0,2.0,COMPLETE,,,,,,,,
321.0,0.00010016960644597381,2024-04-26 04:15:22.220021,2024-04-26 04:15:22.661021,0 days 00:00:00.441000,0.7366657511430454,863.0,0.4467893244955876,223.0,255.0,2.0,COMPLETE,,,,,,,,
322.0,1.1946495598256753e-05,2024-04-26 04:15:22.662021,2024-04-26 04:15:23.080843,0 days 00:00:00.418822,0.7899366202207624,763.0,0.44726385660618223,231.0,228.0,2.0,COMPLETE,,,,,,,,
323.0,0.0002768928055851455,2024-04-26 04:15:23.082439,2024-04-26 04:15:23.494461,0 days 00:00:00.412022,0.7803256380357136,773.0,0.4186304826612678,232.0,227.0,2.0,COMPLETE,,,,,,,,
324.0,0.00040567821560774815,2024-04-26 04:15:23.495462,2024-04-26 04:15:23.936027,0 days 00:00:00.440565,0.8010308552487846,762.0,0.42822855486272965,243.0,231.0,2.0,COMPLETE,,,,,,,,
325.0,0.0006155665266238502,2024-04-26 04:15:23.937026,2024-04-26 04:15:24.430025,0 days 00:00:00.492999,0.7853354693346769,797.0,0.4363895309378437,219.0,293.0,2.0,COMPLETE,,,,,,,,
326.0,9.689158637532836e-06,2024-04-26 04:15:24.432030,2024-04-26 04:15:25.066004,0 days 00:00:00.633974,0.7763773381860979,724.0,0.4502873076245364,253.0,334.0,2.0,COMPLETE,,,,,,,,
327.0,0.0014365285870253264,2024-04-26 04:15:25.067004,2024-04-26 04:15:25.689645,0 days 00:00:00.622641,0.756962184817454,727.0,0.45827585111750224,250.0,328.0,2.0,COMPLETE,,,,,,,,
328.0,0.0008002221598788855,2024-04-26 04:15:25.690623,2024-04-26 04:15:26.303189,0 days 00:00:00.612566,0.7553504261030125,736.0,0.39777604295309327,236.0,346.0,2.0,COMPLETE,,,,,,,,
329.0,8.288673528098546e-05,2024-04-26 04:15:26.305188,2024-04-26 04:15:26.970187,0 days 00:00:00.664999,0.7779271729774216,751.0,0.4763150844175856,242.0,365.0,2.0,COMPLETE,,,,,,,,
330.0,0.0007394404913498318,2024-04-26 04:15:26.972187,2024-04-26 04:15:27.449559,0 days 00:00:00.477372,0.6913730549968286,761.0,0.44885153999875504,213.0,286.0,2.0,COMPLETE,,,,,,,,
331.0,0.0005756911054767323,2024-04-26 04:15:27.450547,2024-04-26 04:15:28.107936,0 days 00:00:00.657389,0.8000149003283844,783.0,0.48229110790583046,257.0,338.0,2.0,COMPLETE,,,,,,,,
332.0,2.838326182195164e-05,2024-04-26 04:15:28.108935,2024-04-26 04:15:28.507938,0 days 00:00:00.399003,0.7676915575624672,718.0,0.41797831304073696,229.0,220.0,2.0,COMPLETE,,,,,,,,
333.0,0.0007926602852443633,2024-04-26 04:15:28.508935,2024-04-26 04:15:28.891917,0 days 00:00:00.382982,0.7961447624811225,712.0,0.40031042308108583,225.0,214.0,2.0,COMPLETE,,,,,,,,
334.0,0.00026662542886607074,2024-04-26 04:15:28.892938,2024-04-26 04:15:29.265934,0 days 00:00:00.372996,0.768916959476834,720.0,0.43437353262817163,208.0,222.0,2.0,COMPLETE,,,,,,,,
335.0,0.000171328309720738,2024-04-26 04:15:29.266939,2024-04-26 04:15:29.819964,0 days 00:00:00.553025,0.7789235452415931,697.0,0.4522361516823049,230.0,314.0,2.0,COMPLETE,,,,,,,,
336.0,0.0006658431076913761,2024-04-26 04:15:29.821966,2024-04-26 04:15:30.364291,0 days 00:00:00.542325,0.821664527119995,743.0,0.4378849990300041,236.0,300.0,2.0,COMPLETE,,,,,,,,
337.0,3.825765863961995e-05,2024-04-26 04:15:30.366285,2024-04-26 04:15:30.741307,0 days 00:00:00.375022,0.7655876876811274,136.0,0.4147927950016048,240.0,194.0,2.0,COMPLETE,,,,,,,,
338.0,0.0003935113674562859,2024-04-26 04:15:30.742307,2024-04-26 04:15:31.131306,0 days 00:00:00.388999,0.766794516191595,145.0,0.3931760468142832,228.0,214.0,2.0,COMPLETE,,,,,,,,
339.0,0.0003591386248179859,2024-04-26 04:15:31.133306,2024-04-26 04:15:31.515308,0 days 00:00:00.382002,0.7862899690131065,396.0,0.41344591064483227,239.0,200.0,2.0,COMPLETE,,,,,,,,
340.0,0.0013373264610323393,2024-04-26 04:15:31.516307,2024-04-26 04:15:31.870195,0 days 00:00:00.353888,0.7460979315240149,124.0,0.41935226950018506,248.0,172.0,2.0,COMPLETE,,,,,,,,
341.0,0.0010906026266257888,2024-04-26 04:15:31.871199,2024-04-26 04:15:32.247863,0 days 00:00:00.376664,0.8120182785464364,690.0,0.38073656984296245,223.0,201.0,2.0,COMPLETE,,,,,,,,
342.0,0.00018983311055032577,2024-04-26 04:15:32.248861,2024-04-26 04:15:32.595862,0 days 00:00:00.347001,0.7282182080723869,715.0,0.4077415657312767,218.0,195.0,2.0,COMPLETE,,,,,,,,
343.0,0.0003681097216052483,2024-04-26 04:15:32.596862,2024-04-26 04:15:32.969863,0 days 00:00:00.373001,0.7889834734956925,299.0,0.4147384257794956,239.0,192.0,2.0,COMPLETE,,,,,,,,
344.0,0.00039770877742427256,2024-04-26 04:15:32.970863,2024-04-26 04:15:33.352861,0 days 00:00:00.381998,0.7622159230360208,364.0,0.4193469478404576,253.0,186.0,2.0,COMPLETE,,,,,,,,
345.0,0.00012881182128879722,2024-04-26 04:15:33.353844,2024-04-26 04:15:33.775120,0 days 00:00:00.421276,0.7748206282033703,728.0,0.8989372521453485,230.0,205.0,2.0,COMPLETE,,,,,,,,
346.0,0.0012634849925192205,2024-04-26 04:15:33.776121,2024-04-26 04:15:34.604373,0 days 00:00:00.828252,0.8276461118091613,995.0,0.3793113881710565,528.0,224.0,2.0,COMPLETE,,,,,,,,
347.0,0.0001548859059903062,2024-04-26 04:15:34.605392,2024-04-26 04:15:35.297377,0 days 00:00:00.691985,0.7523558376442699,922.0,0.4366082782038009,247.0,374.0,2.0,COMPLETE,,,,,,,,
348.0,0.0001043614079534484,2024-04-26 04:15:35.298376,2024-04-26 04:15:35.714376,0 days 00:00:00.416000,0.7380085614534938,427.0,0.49984465252923227,240.0,214.0,2.0,COMPLETE,,,,,,,,
349.0,0.0003498182056396576,2024-04-26 04:15:35.715375,2024-04-26 04:15:36.132568,0 days 00:00:00.417193,0.8095962019343905,901.0,0.42741440508601075,232.0,227.0,2.0,COMPLETE,,,,,,,,
350.0,0.00014346971884714475,2024-04-26 04:15:36.133569,2024-04-26 04:15:36.582276,0 days 00:00:00.448707,0.7092350990404723,688.0,0.48465768687314187,244.0,233.0,2.0,COMPLETE,,,,,,,,
351.0,0.001338693489915952,2024-04-26 04:15:36.583278,2024-04-26 04:15:37.615278,0 days 00:00:01.032000,0.7994982715448328,943.0,0.88153781095212,555.0,239.0,2.0,COMPLETE,,,,,,,,
352.0,0.00011285043913382612,2024-04-26 04:15:37.617279,2024-04-26 04:15:38.050055,0 days 00:00:00.432776,0.7790054627928861,800.0,0.36596582660078947,254.0,208.0,2.0,COMPLETE,,,,,,,,
