number,value,datetime_start,datetime_complete,duration,params_alpha,params_initial_temperature,params_mutation_ratio,params_no_generations,params_population_size,params_var,state,population_size,no_generations,mutation_ratio,var,initial_temperature,alpha,best_value,record_type
471.0,0.0009927428765690559,2024-04-26 04:17:18.238708,2024-04-26 04:17:20.045621,0 days 00:00:01.806913,0.8789918441601593,550.0,0.5645357612809497,521.0,471.0,2.0,COMPLETE,,,,,,,,
472.0,3.4280950182614045e-05,2024-04-26 04:17:20.047600,2024-04-26 04:17:21.868097,0 days 00:00:01.820497,0.8860911226813751,980.0,0.5423746707681458,495.0,496.0,2.0,COMPLETE,,,,,,,,
473.0,9.577142027510987e-05,2024-04-26 04:17:21.870065,2024-04-26 04:17:23.701673,0 days 00:00:01.831608,0.6659381255950535,955.0,0.5831203263442428,507.0,486.0,2.0,COMPLETE,,,,,,,,
474.0,0.00013205151915172126,2024-04-26 04:17:23.703674,2024-04-26 04:17:25.608796,0 days 00:00:01.905122,0.8996456913678605,936.0,0.5270870105563807,518.0,500.0,2.0,COMPLETE,,,,,,,,
475.0,0.00017119977609647447,2024-04-26 04:17:25.609796,2024-04-26 04:17:27.424542,0 days 00:00:01.814746,0.7838869094679892,948.0,0.5559367213341527,512.0,479.0,2.0,COMPLETE,,,,,,,,
476.0,0.000264910623280057,2024-04-26 04:17:27.425542,2024-04-26 04:17:29.233451,0 days 00:00:01.807909,0.8639369590659889,980.0,0.572486276188424,497.0,488.0,2.0,COMPLETE,,,,,,,,
477.0,0.0009601419948643718,2024-04-26 04:17:29.234452,2024-04-26 04:17:30.863711,0 days 00:00:01.629259,0.873522064761916,902.0,0.11236196896368661,524.0,473.0,2.0,COMPLETE,,,,,,,,
478.0,0.0004765536606708227,2024-04-26 04:17:30.864714,2024-04-26 04:17:32.812252,0 days 00:00:01.947538,0.6804810343432114,924.0,0.6062091624622924,531.0,490.0,2.0,COMPLETE,,,,,,,,
479.0,0.00024185692266045667,2024-04-26 04:17:32.814250,2024-04-26 04:17:34.553781,0 days 00:00:01.739531,0.8073744441396653,999.0,0.5458960746317514,507.0,467.0,2.0,COMPLETE,,,,,,,,
480.0,0.0006742764281294953,2024-04-26 04:17:34.555781,2024-04-26 04:17:36.478961,0 days 00:00:01.923180,0.44103884915702113,590.0,0.564050879633702,528.0,489.0,2.0,COMPLETE,,,,,,,,
481.0,0.003973973306275287,2024-04-26 04:17:36.479962,2024-04-26 04:17:38.424582,0 days 00:00:01.944620,0.6465741767448819,964.0,0.8312029598593083,513.0,482.0,2.0,COMPLETE,,,,,,,,
482.0,0.000456735527921143,2024-04-26 04:17:38.425583,2024-04-26 04:17:40.252900,0 days 00:00:01.827317,0.8867333438031788,831.0,0.6883685865936785,500.0,477.0,2.0,COMPLETE,,,,,,,,
483.0,9.116740091744295e-05,2024-04-26 04:17:40.253898,2024-04-26 04:17:42.220642,0 days 00:00:01.966744,0.8635995671828937,811.0,0.5296810132493931,548.0,491.0,2.0,COMPLETE,,,,,,,,
484.0,0.0001802600620319655,2024-04-26 04:17:42.221643,2024-04-26 04:17:43.162641,0 days 00:00:00.940998,0.7132847786324212,859.0,0.5857802932831775,266.0,456.0,2.0,COMPLETE,,,,,,,,
485.0,0.00037410452737910794,2024-04-26 04:17:43.164624,2024-04-26 04:17:45.109358,0 days 00:00:01.944734,0.7455469970738409,904.0,0.5542556333016924,539.0,490.0,2.0,COMPLETE,,,,,,,,
486.0,0.00023326906386732102,2024-04-26 04:17:45.110337,2024-04-26 04:17:46.971854,0 days 00:00:01.861517,0.40719283631550623,884.0,0.7313213179602787,502.0,482.0,2.0,COMPLETE,,,,,,,,
487.0,0.0004887481310052282,2024-04-26 04:17:46.973854,2024-04-26 04:17:47.993045,0 days 00:00:01.019191,0.47694402915749545,846.0,0.7843228520328372,254.0,494.0,2.0,COMPLETE,,,,,,,,
488.0,0.0007381127454092395,2024-04-26 04:17:47.994716,2024-04-26 04:17:49.130286,0 days 00:00:01.135570,0.8994373029074278,870.0,0.6036810072998394,473.0,318.0,2.0,COMPLETE,,,,,,,,
489.0,0.00047610734621338313,2024-04-26 04:17:49.132286,2024-04-26 04:17:49.618307,0 days 00:00:00.486021,0.8792714158713988,816.0,0.63945661792815,247.0,233.0,2.0,COMPLETE,,,,,,,,
490.0,0.000326292011969938,2024-04-26 04:17:49.619291,2024-04-26 04:17:50.626443,0 days 00:00:01.007152,0.8545530225364494,307.0,0.8514845499572293,256.0,476.0,2.0,COMPLETE,,,,,,,,
491.0,0.006075449439172423,2024-04-26 04:17:50.628440,2024-04-26 04:17:51.938820,0 days 00:00:01.310380,0.5246033928215238,928.0,0.5756278505844284,488.0,360.0,2.0,COMPLETE,,,,,,,,
492.0,0.0004893787419874304,2024-04-26 04:17:51.940820,2024-04-26 04:17:53.211408,0 days 00:00:01.270588,0.8174429054795128,345.0,0.6216926666298224,518.0,326.0,2.0,COMPLETE,,,,,,,,
493.0,9.458969836437979e-05,2024-04-26 04:17:53.212410,2024-04-26 04:17:54.940308,0 days 00:00:01.727898,0.871691330724219,505.0,0.6753404639052342,489.0,464.0,2.0,COMPLETE,,,,,,,,
494.0,0.0018464064665830822,2024-04-26 04:17:54.941423,2024-04-26 04:17:55.423321,0 days 00:00:00.481898,0.7944828159203072,787.0,0.5211536167575864,245.0,241.0,2.0,COMPLETE,,,,,,,,
495.0,0.0003047606021754425,2024-04-26 04:17:55.424299,2024-04-26 04:17:56.108320,0 days 00:00:00.684021,0.6966582877394444,759.0,0.8784664686885795,263.0,306.0,2.0,COMPLETE,,,,,,,,
496.0,0.0019511701937446199,2024-04-26 04:17:56.109320,2024-04-26 04:17:57.035454,0 days 00:00:00.926134,0.7291016378710516,833.0,0.8026398908880881,561.0,211.0,2.0,COMPLETE,,,,,,,,
497.0,6.75830133318711e-05,2024-04-26 04:17:57.036609,2024-04-26 04:17:58.898600,0 days 00:00:01.861991,0.7823257886557577,858.0,0.538636675324083,504.0,500.0,2.0,COMPLETE,,,,,,,,
498.0,0.0001716152967658867,2024-04-26 04:17:58.899598,2024-04-26 04:17:59.309859,0 days 00:00:00.410261,0.888904053981987,806.0,0.585475226568354,236.0,192.0,1.0,COMPLETE,,,,,,,,
499.0,0.00040332800796786486,2024-04-26 04:17:59.310837,2024-04-26 04:17:59.790859,0 days 00:00:00.480022,0.8999663639915026,965.0,0.5612096110740202,248.0,235.0,2.0,COMPLETE,,,,,,,,
,,,,,,,,,,,,230.0,940.0,0.4068684690395901,1.0,280.0,0.6761536755251693,4.65874183888278e-06,best_result
