number,value,datetime_start,datetime_complete,duration,params_alpha,params_initial_temperature,params_mutation_ratio,params_no_generations,params_population_size,params_var,state,population_size,no_generations,mutation_ratio,var,initial_temperature,alpha,best_value,record_type
475.0,0.06873558794188384,2024-04-26 03:53:24.471150,2024-04-26 03:53:26.612551,0 days 00:00:02.141401,0.8829238888168165,157.0,0.32085844112612777,495.0,461.0,2.0,COMPLETE,,,,,,,,
476.0,0.009538281069422894,2024-04-26 03:53:26.613550,2024-04-26 03:53:27.988177,0 days 00:00:01.374627,0.8822237724003477,147.0,0.3106199808556895,496.0,293.0,2.0,COMPLETE,,,,,,,,
477.0,0.0075063829767607615,2024-04-26 03:53:27.990197,2024-04-26 03:53:30.108925,0 days 00:00:02.118728,0.8609311314639145,177.0,0.31691847394920225,476.0,467.0,1.0,COMPLETE,,,,,,,,
478.0,0.002503991223134605,2024-04-26 03:53:30.109925,2024-04-26 03:53:31.912384,0 days 00:00:01.802459,0.8720334348353398,168.0,0.33007450305669017,488.0,393.0,2.0,COMPLETE,,,,,,,,
479.0,0.0386864592771996,2024-04-26 03:53:31.914389,2024-04-26 03:53:34.187829,0 days 00:00:02.273440,0.3498078699257825,152.0,0.3677720412932898,499.0,479.0,2.0,COMPLETE,,,,,,,,
480.0,0.04181159238415866,2024-04-26 03:53:34.188992,2024-04-26 03:53:36.060005,0 days 00:00:01.871013,0.8864740838905955,143.0,0.321919000826059,483.0,410.0,2.0,COMPLETE,,,,,,,,
481.0,0.016899607021571228,2024-04-26 03:53:36.061028,2024-04-26 03:53:38.035832,0 days 00:00:01.974804,0.8511334406245407,153.0,0.4113603907227496,470.0,438.0,2.0,COMPLETE,,,,,,,,
482.0,0.015718009727068605,2024-04-26 03:53:38.036811,2024-04-26 03:53:39.294711,0 days 00:00:01.257900,0.8988450838909383,65.0,0.3408429479061124,291.0,442.0,2.0,COMPLETE,,,,,,,,
483.0,0.06390556868654507,2024-04-26 03:53:39.295712,2024-04-26 03:53:41.186239,0 days 00:00:01.890527,0.8669409035910975,166.0,0.29811636147677506,506.0,398.0,2.0,COMPLETE,,,,,,,,
484.0,0.0037028772846614544,2024-04-26 03:53:41.187960,2024-04-26 03:53:43.398463,0 days 00:00:02.210503,0.8491250618730636,352.0,0.336553615979206,493.0,472.0,2.0,COMPLETE,,,,,,,,
485.0,0.005850869850055673,2024-04-26 03:53:43.399461,2024-04-26 03:53:45.407362,0 days 00:00:02.007901,0.8755633682440145,140.0,0.38681391737946835,510.0,415.0,2.0,COMPLETE,,,,,,,,
486.0,0.019410382943553017,2024-04-26 03:53:45.408533,2024-04-26 03:53:47.494521,0 days 00:00:02.085988,0.8325719233155171,50.0,0.35770687861059297,477.0,461.0,2.0,COMPLETE,,,,,,,,
487.0,0.011437668439011617,2024-04-26 03:53:47.495520,2024-04-26 03:53:49.401983,0 days 00:00:01.906463,0.8620877504811125,81.0,0.16635074588245824,484.0,430.0,2.0,COMPLETE,,,,,,,,
488.0,0.09117591317520457,2024-04-26 03:53:49.403960,2024-04-26 03:53:51.497449,0 days 00:00:02.093489,0.8422930065475334,160.0,0.2562011875300141,501.0,448.0,2.0,COMPLETE,,,,,,,,
489.0,0.006245887948024276,2024-04-26 03:53:51.498450,2024-04-26 03:53:53.350463,0 days 00:00:01.852013,0.887004276890961,92.0,0.3151645450085556,489.0,402.0,2.0,COMPLETE,,,,,,,,
490.0,0.019973500442516112,2024-04-26 03:53:53.351578,2024-04-26 03:53:55.269960,0 days 00:00:01.918382,0.8255899177779176,144.0,0.299435140273022,467.0,438.0,2.0,COMPLETE,,,,,,,,
491.0,0.032616682195092395,2024-04-26 03:53:55.271961,2024-04-26 03:53:57.088529,0 days 00:00:01.816568,0.8666017682775626,179.0,0.1362436525703556,510.0,392.0,2.0,COMPLETE,,,,,,,,
492.0,0.05518932113692543,2024-04-26 03:53:57.089530,2024-04-26 03:53:59.304019,0 days 00:00:02.214489,0.3027754038793115,135.0,0.1854016974643119,520.0,465.0,2.0,COMPLETE,,,,,,,,
493.0,0.0824032399395005,2024-04-26 03:53:59.304996,2024-04-26 03:54:00.092236,0 days 00:00:00.787240,0.8492731045803855,62.0,0.24112002821282869,496.0,166.0,2.0,COMPLETE,,,,,,,,
494.0,0.09559626371833296,2024-04-26 03:54:00.094235,2024-04-26 03:54:02.033442,0 days 00:00:01.939207,0.8321661109928015,113.0,0.37691235647414545,479.0,422.0,2.0,COMPLETE,,,,,,,,
495.0,0.021971343042110902,2024-04-26 03:54:02.034443,2024-04-26 03:54:03.064145,0 days 00:00:01.029702,0.8747797258052331,158.0,0.2715037890299674,232.0,455.0,2.0,COMPLETE,,,,,,,,
496.0,0.017513171625274992,2024-04-26 03:54:03.065143,2024-04-26 03:54:04.901624,0 days 00:00:01.836481,0.8543030555944139,149.0,0.3261724761121317,503.0,384.0,2.0,COMPLETE,,,,,,,,
497.0,0.004978201334548515,2024-04-26 03:54:04.902625,2024-04-26 03:54:06.901941,0 days 00:00:01.999316,0.8193035202728054,81.0,0.3578066879909895,470.0,445.0,2.0,COMPLETE,,,,,,,,
498.0,0.012662304081095144,2024-04-26 03:54:06.903941,2024-04-26 03:54:08.724953,0 days 00:00:01.821012,0.8380787089647777,68.0,0.20277074214761426,460.0,431.0,2.0,COMPLETE,,,,,,,,
499.0,0.005391260958131028,2024-04-26 03:54:08.726955,2024-04-26 03:54:10.602121,0 days 00:00:01.875166,0.8982398415099008,105.0,0.2911670385590987,487.0,411.0,2.0,COMPLETE,,,,,,,,
500.0,0.0484635923489698,2024-04-26 03:54:10.603107,2024-04-26 03:54:12.481183,0 days 00:00:01.878076,0.8729728589215896,310.0,0.22491085608203526,512.0,397.0,2.0,COMPLETE,,,,,,,,
501.0,0.019462981165538906,2024-04-26 03:54:12.482158,2024-04-26 03:54:14.527456,0 days 00:00:02.045298,0.8518911568794602,95.0,0.1778086335081136,496.0,450.0,2.0,COMPLETE,,,,,,,,
502.0,0.029166330522528483,2024-04-26 03:54:14.528456,2024-04-26 03:54:16.681700,0 days 00:00:02.153244,0.796066314794005,129.0,0.24320526018896968,505.0,460.0,2.0,COMPLETE,,,,,,,,
503.0,0.05756822299291464,2024-04-26 03:54:16.682700,2024-04-26 03:54:19.051029,0 days 00:00:02.368329,0.8853271375580869,56.0,0.3395607499561756,520.0,482.0,2.0,COMPLETE,,,,,,,,
504.0,0.020083713334893005,2024-04-26 03:54:19.052031,2024-04-26 03:54:20.837498,0 days 00:00:01.785467,0.8192516727340623,171.0,0.1549940183004776,479.0,406.0,2.0,COMPLETE,,,,,,,,
505.0,0.06155248761544385,2024-04-26 03:54:20.839508,2024-04-26 03:54:22.845709,0 days 00:00:02.006201,0.8615654721126745,142.0,0.20008327052615266,490.0,441.0,2.0,COMPLETE,,,,,,,,
506.0,0.0367221069370558,2024-04-26 03:54:22.847706,2024-04-26 03:54:24.647216,0 days 00:00:01.799510,0.8388693371188853,251.0,0.3031519300258339,452.0,419.0,2.0,COMPLETE,,,,,,,,
507.0,0.0026765122778744654,2024-04-26 03:54:24.649219,2024-04-26 03:54:26.717558,0 days 00:00:02.068339,0.8363069051303025,69.0,0.26480286857096214,465.0,473.0,2.0,COMPLETE,,,,,,,,
508.0,0.002904748521716627,2024-04-26 03:54:26.718555,2024-04-26 03:54:28.674526,0 days 00:00:01.955971,0.8674319934169927,160.0,0.40323024023730525,524.0,386.0,2.0,COMPLETE,,,,,,,,
509.0,0.016627091583783837,2024-04-26 03:54:28.676548,2024-04-26 03:54:30.720997,0 days 00:00:02.044449,0.8153113271861372,76.0,0.22495766340512202,503.0,436.0,2.0,COMPLETE,,,,,,,,
510.0,0.0809109246482933,2024-04-26 03:54:30.722995,2024-04-26 03:54:32.945242,0 days 00:00:02.222247,0.8493574700016782,133.0,0.3707914242094272,512.0,454.0,2.0,COMPLETE,,,,,,,,
511.0,0.04552225057241266,2024-04-26 03:54:32.947241,2024-04-26 03:54:34.956401,0 days 00:00:02.009160,0.7064577184007798,148.0,0.28614512209792897,474.0,446.0,2.0,COMPLETE,,,,,,,,
512.0,0.04163219838860677,2024-04-26 03:54:34.957400,2024-04-26 03:54:36.791236,0 days 00:00:01.833836,0.8803573594407013,88.0,0.3250404924764814,495.0,391.0,2.0,COMPLETE,,,,,,,,
513.0,0.0021311815755726826,2024-04-26 03:54:36.793218,2024-04-26 03:54:38.882839,0 days 00:00:02.089621,0.7992012645015143,241.0,0.18651831390381554,482.0,469.0,1.0,COMPLETE,,,,,,,,
514.0,0.01396414639947885,2024-04-26 03:54:38.884839,2024-04-26 03:54:40.241837,0 days 00:00:01.356998,0.8578048607088108,117.0,0.2184299073888171,515.0,283.0,2.0,COMPLETE,,,,,,,,
515.0,0.031288759366809415,2024-04-26 03:54:40.243538,2024-04-26 03:54:41.593718,0 days 00:00:01.350180,0.8236748278200356,406.0,0.549838281796057,347.0,382.0,2.0,COMPLETE,,,,,,,,
516.0,0.009148821888523173,2024-04-26 03:54:41.594721,2024-04-26 03:54:43.691370,0 days 00:00:02.096649,0.8844579328889651,57.0,0.45037905051304145,505.0,428.0,2.0,COMPLETE,,,,,,,,
517.0,0.01663847066040347,2024-04-26 03:54:43.692370,2024-04-26 03:54:45.527192,0 days 00:00:01.834822,0.3962483098406185,107.0,0.25310027192087536,486.0,404.0,2.0,COMPLETE,,,,,,,,
518.0,0.004154134291258771,2024-04-26 03:54:45.528194,2024-04-26 03:54:47.833725,0 days 00:00:02.305531,0.8391800516020131,174.0,0.3117468942978727,525.0,465.0,2.0,COMPLETE,,,,,,,,
519.0,0.07602136541655113,2024-04-26 03:54:47.835726,2024-04-26 03:54:49.707101,0 days 00:00:01.871375,0.6826829468920589,163.0,0.34955912890216345,495.0,396.0,2.0,COMPLETE,,,,,,,,
520.0,0.1505579744635437,2024-04-26 03:54:49.709103,2024-04-26 03:54:50.827102,0 days 00:00:01.117999,0.8666839685485777,138.0,0.16990676818551464,475.0,253.0,2.0,COMPLETE,,,,,,,,
521.0,0.0016544578955457467,2024-04-26 03:54:50.829103,2024-04-26 03:54:53.076335,0 days 00:00:02.247232,0.7846870398736298,126.0,0.20218441336357493,538.0,454.0,2.0,COMPLETE,,,,,,,,
522.0,0.018049147685923472,2024-04-26 03:54:53.078515,2024-04-26 03:54:55.443211,0 days 00:00:02.364696,0.7886252444148375,118.0,0.20034185689721165,559.0,460.0,2.0,COMPLETE,,,,,,,,
523.0,0.03619630886339564,2024-04-26 03:54:55.444211,2024-04-26 03:54:57.700851,0 days 00:00:02.256640,0.8560725083221341,133.0,0.20248969777023906,544.0,450.0,2.0,COMPLETE,,,,,,,,
524.0,0.06826763960174453,2024-04-26 03:54:57.701852,2024-04-26 03:55:00.119515,0 days 00:00:02.417663,0.8746967010833199,133.0,0.7540259220259722,539.0,442.0,2.0,COMPLETE,,,,,,,,
525.0,0.0077073215693808095,2024-04-26 03:55:00.120513,2024-04-26 03:55:01.314514,0 days 00:00:01.194001,0.7754937551892745,125.0,0.18315095311389462,528.0,244.0,2.0,COMPLETE,,,,,,,,
526.0,0.001401678630351455,2024-04-26 03:55:01.315515,2024-04-26 03:55:03.555601,0 days 00:00:02.240086,0.89653318894251,125.0,0.2165280833382413,534.0,455.0,2.0,COMPLETE,,,,,,,,
527.0,0.0020582110719207236,2024-04-26 03:55:03.557578,2024-04-26 03:55:05.849259,0 days 00:00:02.291681,0.8979017861683158,119.0,0.22149138397081158,542.0,458.0,2.0,COMPLETE,,,,,,,,
528.0,0.008324967600360722,2024-04-26 03:55:05.850380,2024-04-26 03:55:08.092274,0 days 00:00:02.241894,0.8984928156562455,126.0,0.21167017471380745,535.0,457.0,2.0,COMPLETE,,,,,,,,
529.0,0.01707120127056605,2024-04-26 03:55:08.093253,2024-04-26 03:55:10.438968,0 days 00:00:02.345715,0.8418454760309299,107.0,0.18937184710190536,548.0,467.0,2.0,COMPLETE,,,,,,,,
530.0,0.08830354738895885,2024-04-26 03:55:10.439968,2024-04-26 03:55:12.730715,0 days 00:00:02.290747,0.8250402037797271,124.0,0.2088506780147639,550.0,450.0,2.0,COMPLETE,,,,,,,,
531.0,0.004047036056993747,2024-04-26 03:55:12.732447,2024-04-26 03:55:15.117019,0 days 00:00:02.384572,0.8725999364823811,113.0,0.2331379907346455,539.0,478.0,2.0,COMPLETE,,,,,,,,
532.0,0.02846338485426081,2024-04-26 03:55:15.117997,2024-04-26 03:55:17.384530,0 days 00:00:02.266533,0.13753581530719672,142.0,0.1659285835085928,552.0,445.0,2.0,COMPLETE,,,,,,,,
533.0,0.004065391198484036,2024-04-26 03:55:17.385533,2024-04-26 03:55:19.599053,0 days 00:00:02.213520,0.8611627635588461,131.0,0.19433308244570302,526.0,456.0,2.0,COMPLETE,,,,,,,,
534.0,0.007896721966233144,2024-04-26 03:55:19.600051,2024-04-26 03:55:22.023175,0 days 00:00:02.423124,0.8482302519257678,115.0,0.22061293895101614,539.0,489.0,2.0,COMPLETE,,,,,,,,
535.0,0.01667359866021556,2024-04-26 03:55:22.024174,2024-04-26 03:55:24.097294,0 days 00:00:02.073120,0.8104405375035391,152.0,0.14489681753650172,521.0,438.0,2.0,COMPLETE,,,,,,,,
536.0,0.007942239977248633,2024-04-26 03:55:24.098303,2024-04-26 03:55:26.387134,0 days 00:00:02.288831,0.8858355573679509,143.0,0.23284881879956354,531.0,465.0,2.0,COMPLETE,,,,,,,,
537.0,0.04469843766180759,2024-04-26 03:55:26.388135,2024-04-26 03:55:28.991979,0 days 00:00:02.603844,0.8297379420913403,100.0,0.8956076245885418,556.0,450.0,2.0,COMPLETE,,,,,,,,
538.0,0.03506215778138433,2024-04-26 03:55:28.992980,2024-04-26 03:55:31.316107,0 days 00:00:02.323127,0.7252513688153784,129.0,0.17950536515402238,535.0,474.0,2.0,COMPLETE,,,,,,,,
539.0,0.02075469767237159,2024-04-26 03:55:31.317107,2024-04-26 03:55:33.400259,0 days 00:00:02.083152,0.8482870152628131,150.0,0.20430154068904427,520.0,435.0,2.0,COMPLETE,,,,,,,,
540.0,0.0038729229839944423,2024-04-26 03:55:33.401257,2024-04-26 03:55:35.612892,0 days 00:00:02.211635,0.867152165088807,139.0,0.10902003381230484,531.0,461.0,2.0,COMPLETE,,,,,,,,
541.0,0.0026824738217179345,2024-04-26 03:55:35.614892,2024-04-26 03:55:37.756521,0 days 00:00:02.141629,0.6404560541714467,186.0,0.21938787875301663,514.0,453.0,2.0,COMPLETE,,,,,,,,
542.0,0.02104388602294449,2024-04-26 03:55:37.757521,2024-04-26 03:55:39.135767,0 days 00:00:01.378246,0.7862110894642114,108.0,0.2452460162963164,326.0,443.0,2.0,COMPLETE,,,,,,,,
543.0,0.04280159294072128,2024-04-26 03:55:39.136767,2024-04-26 03:55:41.044712,0 days 00:00:01.907945,0.12040076054922674,123.0,0.19142046392424933,458.0,451.0,2.0,COMPLETE,,,,,,,,
544.0,0.047671235243988974,2024-04-26 03:55:41.046711,2024-04-26 03:55:43.043317,0 days 00:00:01.996606,0.10027940142912481,155.0,0.169972997207612,501.0,437.0,2.0,COMPLETE,,,,,,,,
545.0,0.10594532999341233,2024-04-26 03:55:43.044324,2024-04-26 03:55:45.324264,0 days 00:00:02.279940,0.8310187963422667,134.0,0.20303063876429675,525.0,468.0,2.0,COMPLETE,,,,,,,,
546.0,0.10248649971781099,2024-04-26 03:55:45.326264,2024-04-26 03:55:47.344850,0 days 00:00:02.018586,0.8844188265146482,439.0,0.5977809320002939,440.0,461.0,2.0,COMPLETE,,,,,,,,
547.0,0.03651574867352991,2024-04-26 03:55:47.345827,2024-04-26 03:55:49.597853,0 days 00:00:02.252026,0.8052098775210147,163.0,0.23648042877313913,544.0,448.0,2.0,COMPLETE,,,,,,,,
548.0,0.005474272990300122,2024-04-26 03:55:49.598851,2024-04-26 03:55:51.627979,0 days 00:00:02.029128,0.6634494875660771,116.0,0.21606329234273888,513.0,429.0,2.0,COMPLETE,,,,,,,,
549.0,0.0205525024770008,2024-04-26 03:55:51.629980,2024-04-26 03:55:53.462555,0 days 00:00:01.832575,0.337931582941836,142.0,0.18431983052316447,448.0,443.0,2.0,COMPLETE,,,,,,,,
550.0,0.055038763036218796,2024-04-26 03:55:53.463555,2024-04-26 03:55:54.594555,0 days 00:00:01.131000,0.8566707023384219,179.0,0.20290213459616901,261.0,455.0,2.0,COMPLETE,,,,,,,,
551.0,0.01604172164651807,2024-04-26 03:55:54.596557,2024-04-26 03:55:55.771264,0 days 00:00:01.174707,0.8999869956013016,127.0,0.22667258401954873,567.0,221.0,1.0,COMPLETE,,,,,,,,
552.0,0.04273194678585135,2024-04-26 03:55:55.772266,2024-04-26 03:55:57.977292,0 days 00:00:02.205026,0.8359592206118716,100.0,0.3321904104921926,491.0,473.0,2.0,COMPLETE,,,,,,,,
553.0,0.01421622566369507,2024-04-26 03:55:57.978290,2024-04-26 03:55:59.823360,0 days 00:00:01.845070,0.481530952126082,150.0,0.15349720227998026,464.0,434.0,2.0,COMPLETE,,,,,,,,
554.0,0.03294536450831842,2024-04-26 03:55:59.824362,2024-04-26 03:56:00.807361,0 days 00:00:00.982999,0.3686231836848215,167.0,0.24683623281342265,506.0,206.0,2.0,COMPLETE,,,,,,,,
555.0,0.030864426020514202,2024-04-26 03:56:00.808339,2024-04-26 03:56:03.014934,0 days 00:00:02.206595,0.8182786291484944,131.0,0.17844422717345118,521.0,460.0,2.0,COMPLETE,,,,,,,,
556.0,0.03277753599862976,2024-04-26 03:56:03.016934,2024-04-26 03:56:05.253310,0 days 00:00:02.236376,0.8672446402013224,95.0,0.307131597981393,534.0,447.0,2.0,COMPLETE,,,,,,,,
557.0,0.02277063832552706,2024-04-26 03:56:05.254312,2024-04-26 03:56:07.406001,0 days 00:00:02.151689,0.8441647461330924,50.0,0.21251478619634373,497.0,466.0,2.0,COMPLETE,,,,,,,,
558.0,0.004771860763442604,2024-04-26 03:56:07.407000,2024-04-26 03:56:08.832340,0 days 00:00:01.425340,0.7584577343021965,140.0,0.4795170022282267,469.0,311.0,2.0,COMPLETE,,,,,,,,
559.0,0.03538421865326136,2024-04-26 03:56:08.833341,2024-04-26 03:56:10.735482,0 days 00:00:01.902141,0.5150233446945762,114.0,0.19241032725302276,485.0,423.0,2.0,COMPLETE,,,,,,,,
560.0,0.06587454274813354,2024-04-26 03:56:10.736463,2024-04-26 03:56:13.042946,0 days 00:00:02.306483,0.2616331220695115,155.0,0.29183793410121506,510.0,480.0,2.0,COMPLETE,,,,,,,,
561.0,0.0026727900258265436,2024-04-26 03:56:13.043946,2024-04-26 03:56:14.376761,0 days 00:00:01.332815,0.8830400801886013,126.0,0.228922348058343,517.0,276.0,2.0,COMPLETE,,,,,,,,
562.0,0.005396790646253535,2024-04-26 03:56:14.377760,2024-04-26 03:56:16.434829,0 days 00:00:02.057069,0.8558144156822431,339.0,0.2631722496946096,501.0,441.0,2.0,COMPLETE,,,,,,,,
563.0,0.029111137569124423,2024-04-26 03:56:16.436830,2024-04-26 03:56:18.480731,0 days 00:00:02.043901,0.8014571008577692,145.0,0.3280130687476085,475.0,454.0,2.0,COMPLETE,,,,,,,,
564.0,0.07848905745203716,2024-04-26 03:56:18.482731,2024-04-26 03:56:20.632519,0 days 00:00:02.149788,0.8305414040492745,108.0,0.15802670353032267,545.0,432.0,2.0,COMPLETE,,,,,,,,
565.0,0.02202381876593762,2024-04-26 03:56:20.633521,2024-04-26 03:56:22.795029,0 days 00:00:02.161508,0.874278050366248,174.0,0.21021014122183104,527.0,446.0,2.0,COMPLETE,,,,,,,,
566.0,0.010151007153380576,2024-04-26 03:56:22.797030,2024-04-26 03:56:24.199300,0 days 00:00:01.402270,0.8176002464313434,160.0,0.3151309260384346,489.0,302.0,2.0,COMPLETE,,,,,,,,
567.0,0.005275640674112125,2024-04-26 03:56:24.200299,2024-04-26 03:56:26.304206,0 days 00:00:02.103907,0.8450723543369684,85.0,0.1914581811692295,496.0,458.0,2.0,COMPLETE,,,,,,,,
568.0,0.0005254072855471748,2024-04-26 03:56:26.305198,2024-04-26 03:56:28.536619,0 days 00:00:02.231421,0.7835673941191408,230.0,0.2780169805382112,507.0,470.0,2.0,COMPLETE,,,,,,,,
569.0,0.04189308439544348,2024-04-26 03:56:28.538618,2024-04-26 03:56:30.909026,0 days 00:00:02.370408,0.7721775788835927,235.0,0.2755941481340998,532.0,479.0,2.0,COMPLETE,,,,,,,,
570.0,0.0040874858507482514,2024-04-26 03:56:30.910008,2024-04-26 03:56:33.261249,0 days 00:00:02.351241,0.7896996520692429,218.0,0.2557597495605901,517.0,488.0,2.0,COMPLETE,,,,,,,,
571.0,0.01810143536676101,2024-04-26 03:56:33.263249,2024-04-26 03:56:35.254869,0 days 00:00:01.991620,0.7618128481005457,231.0,0.27544709725073435,508.0,419.0,2.0,COMPLETE,,,,,,,,
572.0,0.026032933585572238,2024-04-26 03:56:35.255868,2024-04-26 03:56:37.536713,0 days 00:00:02.280845,0.7468337012156426,243.0,0.2348972558045555,525.0,470.0,2.0,COMPLETE,,,,,,,,
573.0,0.01424953507969029,2024-04-26 03:56:37.537859,2024-04-26 03:56:39.438297,0 days 00:00:01.900438,0.7835654948186493,202.0,0.2556637704468685,515.0,399.0,2.0,COMPLETE,,,,,,,,
574.0,0.035906774132277164,2024-04-26 03:56:39.440299,2024-04-26 03:56:41.538649,0 days 00:00:02.098350,0.7896537591502467,228.0,0.2888260517687063,507.0,442.0,2.0,COMPLETE,,,,,,,,
575.0,0.08049785201357729,2024-04-26 03:56:41.539648,2024-04-26 03:56:43.471226,0 days 00:00:01.931578,0.8032829419354692,289.0,0.24063151475980235,457.0,452.0,2.0,COMPLETE,,,,,,,,
576.0,0.007137283792484794,2024-04-26 03:56:43.472226,2024-04-26 03:56:45.048290,0 days 00:00:01.576064,0.8177718421367072,185.0,0.21352419813758225,435.0,388.0,2.0,COMPLETE,,,,,,,,
577.0,0.022699659348107915,2024-04-26 03:56:45.049293,2024-04-26 03:56:47.371151,0 days 00:00:02.321858,0.7383076637390176,214.0,0.17212226761402324,538.0,473.0,2.0,COMPLETE,,,,,,,,
578.0,0.0010350751839194317,2024-04-26 03:56:47.373150,2024-04-26 03:56:49.571067,0 days 00:00:02.197917,0.804589120224895,194.0,0.26581871283155317,555.0,426.0,2.0,COMPLETE,,,,,,,,
579.0,0.017271603951728665,2024-04-26 03:56:49.572067,2024-04-26 03:56:51.792351,0 days 00:00:02.220284,0.8151267956990317,204.0,0.27614538567252783,558.0,428.0,2.0,COMPLETE,,,,,,,,
580.0,0.0019698669587455697,2024-04-26 03:56:51.793350,2024-04-26 03:56:53.892788,0 days 00:00:02.099438,0.7712318250340208,196.0,0.26885830356967905,540.0,417.0,2.0,COMPLETE,,,,,,,,
581.0,0.0017783571884262273,2024-04-26 03:56:53.894786,2024-04-26 03:56:55.950985,0 days 00:00:02.056199,0.776640311585122,184.0,0.264014985569282,542.0,409.0,2.0,COMPLETE,,,,,,,,
582.0,0.0025906035571559016,2024-04-26 03:56:55.951985,2024-04-26 03:56:58.041397,0 days 00:00:02.089412,0.7936771544662906,205.0,0.24923584991710399,529.0,426.0,2.0,COMPLETE,,,,,,,,
583.0,0.003223773820398179,2024-04-26 03:56:58.042379,2024-04-26 03:57:00.174477,0 days 00:00:02.132098,0.7951478244973554,197.0,0.28477326080325327,547.0,414.0,2.0,COMPLETE,,,,,,,,
584.0,0.008928152118176769,2024-04-26 03:57:00.175480,2024-04-26 03:57:02.459605,0 days 00:00:02.284125,0.8120242700472697,187.0,0.49549490251962514,549.0,427.0,2.0,COMPLETE,,,,,,,,
585.0,0.023593873623799055,2024-04-26 03:57:02.460605,2024-04-26 03:57:04.540107,0 days 00:00:02.079502,0.8026847819263444,194.0,0.23982990537280863,534.0,418.0,2.0,COMPLETE,,,,,,,,
586.0,0.007233682294161881,2024-04-26 03:57:04.542104,2024-04-26 03:57:06.665747,0 days 00:00:02.123643,0.8290052140498,180.0,0.29654554744198547,558.0,407.0,2.0,COMPLETE,,,,,,,,
587.0,0.012417207778165462,2024-04-26 03:57:06.666748,2024-04-26 03:57:08.575357,0 days 00:00:01.908609,0.15539217553301007,223.0,0.22415274810005886,521.0,394.0,2.0,COMPLETE,,,,,,,,
588.0,0.06932906258296256,2024-04-26 03:57:08.576377,2024-04-26 03:57:10.875121,0 days 00:00:02.298744,0.7854648884856738,177.0,0.2618530817319311,571.0,431.0,2.0,COMPLETE,,,,,,,,
589.0,0.008471466335052469,2024-04-26 03:57:10.876121,2024-04-26 03:57:13.172171,0 days 00:00:02.296050,0.7611661892717596,67.0,0.27934576283637363,562.0,437.0,2.0,COMPLETE,,,,,,,,
590.0,0.015021883931193969,2024-04-26 03:57:13.174148,2024-04-26 03:57:15.222804,0 days 00:00:02.048656,0.8083188381137625,60.0,0.46222345339143234,551.0,378.0,1.0,COMPLETE,,,,,,,,
591.0,0.010125260593936147,2024-04-26 03:57:15.223805,2024-04-26 03:57:17.293386,0 days 00:00:02.069581,0.8271719245388793,172.0,0.2021257170685318,530.0,424.0,2.0,COMPLETE,,,,,,,,
592.0,0.022976902890169626,2024-04-26 03:57:17.295368,2024-04-26 03:57:17.977386,0 days 00:00:00.682018,0.7999501752086735,208.0,0.25077668258411084,520.0,132.0,2.0,COMPLETE,,,,,,,,
593.0,0.09010328459090111,2024-04-26 03:57:17.978387,2024-04-26 03:57:19.870648,0 days 00:00:01.892261,0.7748405749569499,214.0,0.2281652218382755,509.0,401.0,2.0,COMPLETE,,,,,,,,
