number,value,datetime_start,datetime_complete,duration,params_alpha,params_initial_temperature,params_mutation_ratio,params_no_generations,params_population_size,params_var,state,population_size,no_generations,mutation_ratio,var,initial_temperature,alpha,best_value,record_type
594.0,0.04811625403188913,2024-04-26 03:57:19.871649,2024-04-26 03:57:22.095551,0 days 00:00:02.223902,0.8341644818406717,191.0,0.2956687527721128,539.0,440.0,2.0,COMPLETE,,,,,,,,
595.0,0.035147459325363783,2024-04-26 03:57:22.096530,2024-04-26 03:57:23.748759,0 days 00:00:01.652229,0.8140404690462841,93.0,0.1948817999802662,515.0,348.0,2.0,COMPLETE,,,,,,,,
596.0,0.016938556483834688,2024-04-26 03:57:23.749760,2024-04-26 03:57:25.390745,0 days 00:00:01.640985,0.842471551924168,118.0,0.23735955755609822,527.0,334.0,2.0,COMPLETE,,,,,,,,
597.0,0.014262142793313615,2024-04-26 03:57:25.392744,2024-04-26 03:57:26.057764,0 days 00:00:00.665020,0.277892617822619,108.0,0.21559571038719721,203.0,323.0,2.0,COMPLETE,,,,,,,,
598.0,0.007210176638801968,2024-04-26 03:57:26.058763,2024-04-26 03:57:28.351903,0 days 00:00:02.293140,0.8189025058845729,74.0,0.18120703137727334,504.0,495.0,2.0,COMPLETE,,,,,,,,
599.0,0.1143425101522908,2024-04-26 03:57:28.353903,2024-04-26 03:57:30.874684,0 days 00:00:02.520781,0.7913163425077139,58.0,0.855969234803121,519.0,467.0,2.0,COMPLETE,,,,,,,,
600.0,0.003647908336125383,2024-04-26 03:57:30.875686,2024-04-26 03:57:32.885995,0 days 00:00:02.010309,0.8296595583142822,100.0,0.2652549417857722,567.0,383.0,2.0,COMPLETE,,,,,,,,
601.0,0.027106913457195958,2024-04-26 03:57:32.887997,2024-04-26 03:57:35.091342,0 days 00:00:02.203345,0.851662931939583,168.0,0.1989664006774023,554.0,433.0,2.0,COMPLETE,,,,,,,,
602.0,0.03372723075306894,2024-04-26 03:57:35.093054,2024-04-26 03:57:37.689496,0 days 00:00:02.596442,0.8051214215027369,124.0,0.6747505331501847,536.0,483.0,2.0,COMPLETE,,,,,,,,
603.0,0.009424064671593513,2024-04-26 03:57:37.690703,2024-04-26 03:57:39.635379,0 days 00:00:01.944676,0.7766626732461659,84.0,0.24746923379507757,503.0,414.0,2.0,COMPLETE,,,,,,,,
604.0,0.013588565840352729,2024-04-26 03:57:39.636381,2024-04-26 03:57:41.512769,0 days 00:00:01.876388,0.6914803359485225,134.0,0.2865107842097363,511.0,392.0,2.0,COMPLETE,,,,,,,,
605.0,0.007841999684789158,2024-04-26 03:57:41.514459,2024-04-26 03:57:43.922593,0 days 00:00:02.408134,0.8308319067701371,193.0,0.62451506481407,525.0,454.0,2.0,COMPLETE,,,,,,,,
606.0,0.008494518350316227,2024-04-26 03:57:43.923593,2024-04-26 03:57:45.936228,0 days 00:00:02.012635,0.8420780252721655,51.0,0.17115213538221793,545.0,404.0,2.0,COMPLETE,,,,,,,,
607.0,0.09846792257238235,2024-04-26 03:57:45.937229,2024-04-26 03:57:48.002852,0 days 00:00:02.065623,0.6269383143786554,115.0,0.3036383174528399,500.0,436.0,2.0,COMPLETE,,,,,,,,
608.0,0.0004003232975122728,2024-04-26 03:57:48.003842,2024-04-26 03:57:50.105772,0 days 00:00:02.101930,0.8183075687717786,65.0,0.4369684053807639,515.0,422.0,2.0,COMPLETE,,,,,,,,
609.0,0.030818746678294318,2024-04-26 03:57:50.106772,2024-04-26 03:57:52.191740,0 days 00:00:02.084968,0.8232693034884792,69.0,0.44196386588891434,513.0,420.0,2.0,COMPLETE,,,,,,,,
610.0,0.0023440489423496302,2024-04-26 03:57:52.192761,2024-04-26 03:57:54.196564,0 days 00:00:02.003803,0.8397484726269044,64.0,0.27614358867197264,509.0,421.0,2.0,COMPLETE,,,,,,,,
611.0,0.02179516626440048,2024-04-26 03:57:54.198567,2024-04-26 03:57:56.249985,0 days 00:00:02.051418,0.8505194192599072,78.0,0.44589413674762945,518.0,411.0,2.0,COMPLETE,,,,,,,,
612.0,0.0017204348971819883,2024-04-26 03:57:56.251986,2024-04-26 03:57:58.227357,0 days 00:00:01.975371,0.8135900083551497,59.0,0.3000625646215854,494.0,425.0,2.0,COMPLETE,,,,,,,,
613.0,0.011251803304151764,2024-04-26 03:57:58.229377,2024-04-26 03:58:00.263922,0 days 00:00:02.034545,0.8232666971699887,71.0,0.5147211283422745,502.0,414.0,2.0,COMPLETE,,,,,,,,
614.0,0.014930833199581883,2024-04-26 03:58:00.265933,2024-04-26 03:58:02.270802,0 days 00:00:02.004869,0.17074475463357755,80.0,0.4169455426570978,513.0,406.0,2.0,COMPLETE,,,,,,,,
615.0,0.08086182090114669,2024-04-26 03:58:02.271803,2024-04-26 03:58:04.315098,0 days 00:00:02.043295,0.5318176899061583,67.0,0.47197808714308664,486.0,432.0,2.0,COMPLETE,,,,,,,,
616.0,0.00903008253097326,2024-04-26 03:58:04.316097,2024-04-26 03:58:06.375061,0 days 00:00:02.058964,0.712656205242009,59.0,0.262048109094698,520.0,425.0,2.0,COMPLETE,,,,,,,,
617.0,0.056621176502384074,2024-04-26 03:58:06.377059,2024-04-26 03:58:08.251497,0 days 00:00:01.874438,0.8547758665698586,494.0,0.4216947623199626,506.0,385.0,2.0,COMPLETE,,,,,,,,
618.0,0.04413692881194997,2024-04-26 03:58:08.253476,2024-04-26 03:58:10.120021,0 days 00:00:01.866545,0.8383266916856293,51.0,0.4309647639005737,490.0,395.0,2.0,COMPLETE,,,,,,,,
619.0,0.008363100978304061,2024-04-26 03:58:10.122020,2024-04-26 03:58:11.991281,0 days 00:00:01.869261,0.8607634213829746,83.0,0.23041410840181623,499.0,401.0,2.0,COMPLETE,,,,,,,,
620.0,0.06002757381118151,2024-04-26 03:58:11.992278,2024-04-26 03:58:13.317300,0 days 00:00:01.325022,0.8089802137185675,88.0,0.2808230650181922,526.0,268.0,2.0,COMPLETE,,,,,,,,
621.0,0.09848666207276047,2024-04-26 03:58:13.319300,2024-04-26 03:58:15.410379,0 days 00:00:02.091079,0.12978334472044084,75.0,0.3095617473906484,509.0,434.0,2.0,COMPLETE,,,,,,,,
622.0,0.0011626736961432016,2024-04-26 03:58:15.411356,2024-04-26 03:58:17.298641,0 days 00:00:01.887285,0.8287863816616287,163.0,0.24900487720657571,481.0,421.0,2.0,COMPLETE,,,,,,,,
623.0,0.0018686952814626068,2024-04-26 03:58:17.299641,2024-04-26 03:58:19.179741,0 days 00:00:01.880100,0.8039752336294537,156.0,0.2514325502997581,481.0,417.0,2.0,COMPLETE,,,,,,,,
624.0,0.007871573563241085,2024-04-26 03:58:19.180767,2024-04-26 03:58:21.079007,0 days 00:00:01.898240,0.8189833882210401,178.0,0.24239696433139113,481.0,422.0,2.0,COMPLETE,,,,,,,,
625.0,0.0004206878815686821,2024-04-26 03:58:21.080007,2024-04-26 03:58:22.947717,0 days 00:00:01.867710,0.8291523711229092,167.0,0.2656049611084983,470.0,423.0,2.0,COMPLETE,,,,,,,,
626.0,0.03399523839838814,2024-04-26 03:58:22.948716,2024-04-26 03:58:24.785960,0 days 00:00:01.837244,0.827241387262592,168.0,0.26838885125079387,466.0,418.0,2.0,COMPLETE,,,,,,,,
627.0,0.08179449735342637,2024-04-26 03:58:24.786945,2024-04-26 03:58:26.691961,0 days 00:00:01.905016,0.8011884882686531,165.0,0.2701594478180593,472.0,428.0,2.0,COMPLETE,,,,,,,,
628.0,0.07531687263833753,2024-04-26 03:58:26.693121,2024-04-26 03:58:28.453089,0 days 00:00:01.759968,0.6513215193482315,174.0,0.26427190559479385,454.0,411.0,2.0,COMPLETE,,,,,,,,
629.0,0.024721679119968698,2024-04-26 03:58:28.454090,2024-04-26 03:58:30.306197,0 days 00:00:01.852107,0.8356819696647263,180.0,0.25771043362589,463.0,422.0,1.0,COMPLETE,,,,,,,,
630.0,0.04868081688167081,2024-04-26 03:58:30.308197,2024-04-26 03:58:32.224104,0 days 00:00:01.915907,0.8165325854914974,166.0,0.280851548206764,473.0,430.0,2.0,COMPLETE,,,,,,,,
631.0,0.035398272555104526,2024-04-26 03:58:32.226104,2024-04-26 03:58:33.289928,0 days 00:00:01.063824,0.8393653292323786,188.0,0.2916892663371434,479.0,233.0,2.0,COMPLETE,,,,,,,,
632.0,0.001991981267375209,2024-04-26 03:58:33.292929,2024-04-26 03:58:35.116975,0 days 00:00:01.824046,0.7963339602674473,171.0,0.2815912100268719,467.0,413.0,2.0,COMPLETE,,,,,,,,
633.0,0.0017529861536011992,2024-04-26 03:58:35.117976,2024-04-26 03:58:36.901181,0 days 00:00:01.783205,0.8248331962258992,158.0,0.24369706958378434,450.0,421.0,2.0,COMPLETE,,,,,,,,
634.0,0.02958522366889227,2024-04-26 03:58:36.902835,2024-04-26 03:58:38.791972,0 days 00:00:01.889137,0.21602456285357718,163.0,0.2552522604227799,460.0,436.0,2.0,COMPLETE,,,,,,,,
635.0,0.022835140288947287,2024-04-26 03:58:38.792972,2024-04-26 03:58:40.708814,0 days 00:00:01.915842,0.8577464655849303,181.0,0.2956276256185447,475.0,426.0,2.0,COMPLETE,,,,,,,,
636.0,0.04025358457414541,2024-04-26 03:58:40.709814,2024-04-26 03:58:42.603942,0 days 00:00:01.894128,0.8086595500026682,153.0,0.24955248337083846,491.0,413.0,2.0,COMPLETE,,,,,,,,
637.0,0.024655238575327587,2024-04-26 03:58:42.604941,2024-04-26 03:58:44.613310,0 days 00:00:02.008369,0.3850049044069725,162.0,0.26181990643797814,483.0,442.0,2.0,COMPLETE,,,,,,,,
638.0,0.0042281169193625345,2024-04-26 03:58:44.614309,2024-04-26 03:58:46.415535,0 days 00:00:01.801226,0.14917762541406931,193.0,0.27411160093447134,469.0,407.0,2.0,COMPLETE,,,,,,,,
639.0,0.0003081094496142356,2024-04-26 03:58:46.416534,2024-04-26 03:58:48.456890,0 days 00:00:02.040356,0.8411987568582848,174.0,0.49109810384317165,477.0,436.0,2.0,COMPLETE,,,,,,,,
640.0,0.03148027496492922,2024-04-26 03:58:48.458891,2024-04-26 03:58:50.464124,0 days 00:00:02.005233,0.8415604562411928,156.0,0.4659994152890232,477.0,432.0,2.0,COMPLETE,,,,,,,,
641.0,0.004471561516176337,2024-04-26 03:58:50.465103,2024-04-26 03:58:52.543136,0 days 00:00:02.078033,0.8656555631378668,150.0,0.5577863713313987,484.0,435.0,2.0,COMPLETE,,,,,,,,
642.0,0.12928577416641396,2024-04-26 03:58:52.544137,2024-04-26 03:58:54.594737,0 days 00:00:02.050600,0.8471939749082813,173.0,0.5317313810684294,486.0,424.0,2.0,COMPLETE,,,,,,,,
643.0,0.08894714934266545,2024-04-26 03:58:54.595736,2024-04-26 03:58:56.602255,0 days 00:00:02.006519,0.41562943047742174,159.0,0.44650156286305553,471.0,438.0,2.0,COMPLETE,,,,,,,,
644.0,0.011507977206399289,2024-04-26 03:58:56.603744,2024-04-26 03:58:58.747578,0 days 00:00:02.143834,0.8278219908725035,91.0,0.5032120112273607,489.0,443.0,2.0,COMPLETE,,,,,,,,
645.0,0.02498726630432735,2024-04-26 03:58:58.748600,2024-04-26 03:59:00.667029,0 days 00:00:01.918429,0.8601147972416519,225.0,0.2355836383517197,478.0,430.0,2.0,COMPLETE,,,,,,,,
646.0,0.00607891578384212,2024-04-26 03:59:00.668050,2024-04-26 03:59:03.035648,0 days 00:00:02.367598,0.5026601147742698,165.0,0.5320856159236408,577.0,419.0,2.0,COMPLETE,,,,,,,,
647.0,0.05006981588318915,2024-04-26 03:59:03.036649,2024-04-26 03:59:05.063126,0 days 00:00:02.026477,0.8419836132859146,209.0,0.22618243534609256,493.0,442.0,2.0,COMPLETE,,,,,,,,
648.0,0.051723611994408,2024-04-26 03:59:05.064852,2024-04-26 03:59:07.021616,0 days 00:00:01.956764,0.451072794332394,169.0,0.45396397870057703,469.0,429.0,2.0,COMPLETE,,,,,,,,
649.0,0.05345874812271134,2024-04-26 03:59:07.022616,2024-04-26 03:59:09.020257,0 days 00:00:01.997641,0.18859785815286764,151.0,0.4599177430427091,495.0,415.0,2.0,COMPLETE,,,,,,,,
650.0,0.025458647882318886,2024-04-26 03:59:09.022277,2024-04-26 03:59:10.423506,0 days 00:00:01.401229,0.8339518874908405,199.0,0.47998529392135614,484.0,295.0,2.0,COMPLETE,,,,,,,,
651.0,0.007424897391318908,2024-04-26 03:59:10.425482,2024-04-26 03:59:11.606364,0 days 00:00:01.180882,0.8638629714915972,95.0,0.42565870717371657,461.0,259.0,2.0,COMPLETE,,,,,,,,
652.0,0.026408980429540208,2024-04-26 03:59:11.607364,2024-04-26 03:59:13.693448,0 days 00:00:02.086084,0.8274712288643546,186.0,0.4942373510801092,477.0,447.0,2.0,COMPLETE,,,,,,,,
653.0,0.052653835713577735,2024-04-26 03:59:13.695470,2024-04-26 03:59:15.803107,0 days 00:00:02.107637,0.3174089545920271,156.0,0.43615527987335345,499.0,435.0,2.0,COMPLETE,,,,,,,,
654.0,0.02193758294499837,2024-04-26 03:59:15.804258,2024-04-26 03:59:17.734287,0 days 00:00:01.930029,0.8488089936317472,175.0,0.24411894488962513,487.0,425.0,2.0,COMPLETE,,,,,,,,
655.0,0.019397684317073782,2024-04-26 03:59:17.736287,2024-04-26 03:59:19.583682,0 days 00:00:01.847395,0.818064212675556,101.0,0.39773644951589016,463.0,410.0,2.0,COMPLETE,,,,,,,,
656.0,0.032828330998883715,2024-04-26 03:59:19.585626,2024-04-26 03:59:21.833074,0 days 00:00:02.247448,0.8706049077581142,145.0,0.8064589808621442,494.0,441.0,2.0,COMPLETE,,,,,,,,
657.0,0.024322962992647135,2024-04-26 03:59:21.835076,2024-04-26 03:59:23.796343,0 days 00:00:01.961267,0.848892866344588,166.0,0.22523461941099968,473.0,447.0,2.0,COMPLETE,,,,,,,,
658.0,0.018473177524333195,2024-04-26 03:59:23.798046,2024-04-26 03:59:25.775009,0 days 00:00:01.976963,0.8301085847701702,77.0,0.4797115803506247,504.0,404.0,2.0,COMPLETE,,,,,,,,
659.0,0.008281112892975173,2024-04-26 03:59:25.776013,2024-04-26 03:59:27.689817,0 days 00:00:01.913804,0.46919439965336573,184.0,0.21706305098024348,481.0,425.0,2.0,COMPLETE,,,,,,,,
660.0,0.0032507123580902686,2024-04-26 03:59:27.691827,2024-04-26 03:59:30.027663,0 days 00:00:02.335836,0.8731708196626325,147.0,0.23493808156836032,586.0,433.0,2.0,COMPLETE,,,,,,,,
661.0,0.004862999423497882,2024-04-26 03:59:30.028662,2024-04-26 03:59:31.481121,0 days 00:00:01.452459,0.8173391760322982,92.0,0.3152439719191886,359.0,417.0,2.0,COMPLETE,,,,,,,,
662.0,0.018512123018563642,2024-04-26 03:59:31.482098,2024-04-26 03:59:33.502374,0 days 00:00:02.020276,0.854161339622213,232.0,0.2558492661604271,491.0,439.0,2.0,COMPLETE,,,,,,,,
663.0,0.011710555252021138,2024-04-26 03:59:33.503377,2024-04-26 03:59:35.511148,0 days 00:00:02.007771,0.8385015527808168,218.0,0.3362372232609439,501.0,422.0,2.0,COMPLETE,,,,,,,,
664.0,0.062093614028073674,2024-04-26 03:59:35.512148,2024-04-26 03:59:37.473447,0 days 00:00:01.961299,0.8034274280513302,139.0,0.21799181657235095,468.0,449.0,2.0,COMPLETE,,,,,,,,
665.0,0.02499496400878698,2024-04-26 03:59:37.474451,2024-04-26 03:59:39.638178,0 days 00:00:02.163727,0.8590171939678346,174.0,0.7036036571392359,522.0,409.0,2.0,COMPLETE,,,,,,,,
666.0,0.08031245631165618,2024-04-26 03:59:39.639179,2024-04-26 03:59:41.594020,0 days 00:00:01.954841,0.2462294734181107,157.0,0.24055486047287986,482.0,432.0,2.0,COMPLETE,,,,,,,,
667.0,0.031146035507767067,2024-04-26 03:59:41.595023,2024-04-26 03:59:43.799270,0 days 00:00:02.204247,0.8863665827870669,161.0,0.26543319471827764,530.0,446.0,2.0,COMPLETE,,,,,,,,
668.0,0.05452068909170471,2024-04-26 03:59:43.800268,2024-04-26 03:59:45.678889,0 days 00:00:01.878621,0.8206170291316588,84.0,0.3063069984345483,489.0,400.0,1.0,COMPLETE,,,,,,,,
669.0,0.004823726485277291,2024-04-26 03:59:45.679909,2024-04-26 03:59:47.962975,0 days 00:00:02.283066,0.8460653477572063,107.0,0.4918891709039555,515.0,454.0,2.0,COMPLETE,,,,,,,,
670.0,0.09624800874200368,2024-04-26 03:59:47.963956,2024-04-26 03:59:49.938776,0 days 00:00:01.974820,0.8685150217255869,246.0,0.5183566076669468,456.0,437.0,2.0,COMPLETE,,,,,,,,
671.0,0.00114828591532401,2024-04-26 03:59:49.939779,2024-04-26 03:59:51.951720,0 days 00:00:02.011941,0.8388388227685669,71.0,0.3442897475092893,498.0,424.0,2.0,COMPLETE,,,,,,,,
672.0,0.039275763464575064,2024-04-26 03:59:51.952720,2024-04-26 03:59:53.968315,0 days 00:00:02.015595,0.8113555530111839,75.0,0.3287623229124215,506.0,419.0,2.0,COMPLETE,,,,,,,,
673.0,0.14154178613120294,2024-04-26 03:59:53.969290,2024-04-26 03:59:55.945513,0 days 00:00:01.976223,0.6723290260129187,68.0,0.34688744145727807,499.0,415.0,2.0,COMPLETE,,,,,,,,
674.0,0.006487129020618099,2024-04-26 03:59:55.946511,2024-04-26 03:59:57.906846,0 days 00:00:01.960335,0.830785814775034,69.0,0.3429021442097814,508.0,406.0,2.0,COMPLETE,,,,,,,,
675.0,0.007805435443492215,2024-04-26 03:59:57.907995,2024-04-26 04:00:00.012097,0 days 00:00:02.104102,0.8338429162319304,74.0,0.5820690420285237,500.0,425.0,2.0,COMPLETE,,,,,,,,
676.0,0.03564619111009115,2024-04-26 04:00:00.013117,2024-04-26 04:00:02.061389,0 days 00:00:02.048272,0.8079209964857964,83.0,0.3195507046711066,515.0,418.0,2.0,COMPLETE,,,,,,,,
677.0,0.07393584488154659,2024-04-26 04:00:02.062363,2024-04-26 04:00:04.171559,0 days 00:00:02.109196,0.7938993094666001,62.0,0.301554063296126,519.0,430.0,2.0,COMPLETE,,,,,,,,
678.0,0.005386842571203587,2024-04-26 04:00:04.173578,2024-04-26 04:00:06.087785,0 days 00:00:01.914207,0.8214281802262972,64.0,0.3318572683826186,496.0,407.0,2.0,COMPLETE,,,,,,,,
679.0,0.012364105156372318,2024-04-26 04:00:06.088761,2024-04-26 04:00:07.441218,0 days 00:00:01.352457,0.8361065216911019,92.0,0.2889371324819131,505.0,284.0,2.0,COMPLETE,,,,,,,,
680.0,0.04229745687397646,2024-04-26 04:00:07.442222,2024-04-26 04:00:08.091200,0 days 00:00:00.648978,0.8450265391884918,81.0,0.3557048187253663,529.0,117.0,2.0,COMPLETE,,,,,,,,
681.0,0.013525486770531003,2024-04-26 04:00:08.093200,2024-04-26 04:00:09.986173,0 days 00:00:01.892973,0.8169302908565538,149.0,0.22021809470324416,512.0,397.0,2.0,COMPLETE,,,,,,,,
682.0,0.0088400774506745,2024-04-26 04:00:09.987174,2024-04-26 04:00:11.881765,0 days 00:00:01.894591,0.7955717885076043,104.0,0.24998006562846786,490.0,413.0,2.0,COMPLETE,,,,,,,,
683.0,0.003740640830491415,2024-04-26 04:00:11.883767,2024-04-26 04:00:13.961396,0 days 00:00:02.077629,0.8474434656748517,73.0,0.26986337245807246,523.0,425.0,2.0,COMPLETE,,,,,,,,
684.0,0.01561023479410295,2024-04-26 04:00:13.963397,2024-04-26 04:00:16.127273,0 days 00:00:02.163876,0.2967752753055415,85.0,0.31915723638440086,533.0,428.0,2.0,COMPLETE,,,,,,,,
685.0,0.005589829342900643,2024-04-26 04:00:16.129275,2024-04-26 04:00:18.099004,0 days 00:00:01.969729,0.5544541601032694,171.0,0.3076943822647986,495.0,418.0,2.0,COMPLETE,,,,,,,,
686.0,0.004852952338428196,2024-04-26 04:00:18.100003,2024-04-26 04:00:20.150427,0 days 00:00:02.050424,0.8292586034983588,138.0,0.2126225698200357,504.0,436.0,2.0,COMPLETE,,,,,,,,
687.0,0.017310306799952713,2024-04-26 04:00:20.151401,2024-04-26 04:00:22.103010,0 days 00:00:01.951609,0.8113822418215293,182.0,0.23309347440772601,516.0,407.0,2.0,COMPLETE,,,,,,,,
688.0,0.027888452345511183,2024-04-26 04:00:22.105017,2024-04-26 04:00:24.177824,0 days 00:00:02.072807,0.12108787765080516,202.0,0.28760824233223925,476.0,460.0,2.0,COMPLETE,,,,,,,,
689.0,0.064456179156414,2024-04-26 04:00:24.179824,2024-04-26 04:00:26.110228,0 days 00:00:01.930404,0.8551752129982868,98.0,0.3384157698711447,507.0,401.0,2.0,COMPLETE,,,,,,,,
690.0,0.01714428186123662,2024-04-26 04:00:26.111849,2024-04-26 04:00:28.198804,0 days 00:00:02.086955,0.8785413605148169,151.0,0.2532545796394435,524.0,424.0,2.0,COMPLETE,,,,,,,,
691.0,0.002807488633987276,2024-04-26 04:00:28.200449,2024-04-26 04:00:29.179193,0 days 00:00:00.978744,0.1450040943589748,63.0,0.2052537601111354,494.0,211.0,2.0,COMPLETE,,,,,,,,
692.0,0.009363793732813264,2024-04-26 04:00:29.180193,2024-04-26 04:00:31.050739,0 days 00:00:01.870546,0.8356459968554851,454.0,0.23456882271760615,486.0,413.0,2.0,COMPLETE,,,,,,,,
693.0,0.03730318923552822,2024-04-26 04:00:31.051760,2024-04-26 04:00:31.950758,0 days 00:00:00.898998,0.6059005940006863,160.0,0.2741003071069553,573.0,162.0,2.0,COMPLETE,,,,,,,,
694.0,0.014726594348939415,2024-04-26 04:00:31.951738,2024-04-26 04:00:34.030282,0 days 00:00:02.078544,0.8641641447863755,76.0,0.19579911911699374,510.0,441.0,2.0,COMPLETE,,,,,,,,
695.0,0.022084470688916724,2024-04-26 04:00:34.032258,2024-04-26 04:00:34.898933,0 days 00:00:00.866675,0.8999662667862535,144.0,0.31840163491468354,467.0,189.0,2.0,COMPLETE,,,,,,,,
696.0,0.01274541024587883,2024-04-26 04:00:34.900939,2024-04-26 04:00:37.180382,0 days 00:00:02.279443,0.8212987160569849,169.0,0.35311118191916174,534.0,450.0,2.0,COMPLETE,,,,,,,,
697.0,0.05776922055788525,2024-04-26 04:00:37.181362,2024-04-26 04:00:39.221539,0 days 00:00:02.040177,0.8054672271057125,193.0,0.29378660617745606,499.0,431.0,2.0,COMPLETE,,,,,,,,
698.0,0.0609566944959834,2024-04-26 04:00:39.222540,2024-04-26 04:00:40.734730,0 days 00:00:01.512190,0.8457911654040275,92.0,0.24625431546438847,519.0,310.0,2.0,COMPLETE,,,,,,,,
699.0,0.007276476269627352,2024-04-26 04:00:40.735706,2024-04-26 04:00:42.485680,0 days 00:00:01.749974,0.7899645725770138,110.0,0.21446738467662838,477.0,393.0,2.0,COMPLETE,,,,,,,,
700.0,0.0043981048814902834,2024-04-26 04:00:42.487657,2024-04-26 04:00:44.628039,0 days 00:00:02.140382,0.8292266331349781,59.0,0.2692130060328735,546.0,420.0,2.0,COMPLETE,,,,,,,,
701.0,0.03617291972620151,2024-04-26 04:00:44.629039,2024-04-26 04:00:45.785217,0 days 00:00:01.156178,0.8613250754605668,136.0,0.22919294505670937,271.0,437.0,2.0,COMPLETE,,,,,,,,
702.0,0.03834628682378849,2024-04-26 04:00:45.787217,2024-04-26 04:00:48.181891,0 days 00:00:02.394674,0.8420607903936733,120.0,0.18591886470973018,565.0,462.0,2.0,COMPLETE,,,,,,,,
703.0,0.04389467234088151,2024-04-26 04:00:48.183893,2024-04-26 04:00:49.018891,0 days 00:00:00.834998,0.8715167267167514,178.0,0.3011218166047206,487.0,175.0,2.0,COMPLETE,,,,,,,,
704.0,0.13504478183465274,2024-04-26 04:00:49.019890,2024-04-26 04:00:51.186577,0 days 00:00:02.166687,0.8210184096923997,70.0,0.3356317143791265,511.0,446.0,2.0,COMPLETE,,,,,,,,
705.0,0.01593477488598083,2024-04-26 04:00:51.188577,2024-04-26 04:00:52.964181,0 days 00:00:01.775604,0.8856595195208107,85.0,0.208325163342522,461.0,411.0,2.0,COMPLETE,,,,,,,,
706.0,0.006803771570522699,2024-04-26 04:00:52.965181,2024-04-26 04:00:54.989003,0 days 00:00:02.023822,0.8037275770296449,159.0,0.2820944146230951,497.0,428.0,1.0,COMPLETE,,,,,,,,
707.0,0.00390459891917061,2024-04-26 04:00:54.989995,2024-04-26 04:00:57.273232,0 days 00:00:02.283237,0.8477480290061487,150.0,0.31633570148298407,529.0,455.0,2.0,COMPLETE,,,,,,,,
708.0,0.0030187898922093837,2024-04-26 04:00:57.274211,2024-04-26 04:00:59.232904,0 days 00:00:01.958693,0.831602807468097,100.0,0.25510509794350367,472.0,442.0,2.0,COMPLETE,,,,,,,,
709.0,0.0022605289373203163,2024-04-26 04:00:59.234906,2024-04-26 04:01:01.117688,0 days 00:00:01.882782,0.8592967619699944,168.0,0.22536559759665792,504.0,401.0,2.0,COMPLETE,,,,,,,,
710.0,0.015543609449956364,2024-04-26 04:01:01.119696,2024-04-26 04:01:03.091549,0 days 00:00:01.971853,0.6946310364930232,140.0,0.19756679101700733,490.0,433.0,2.0,COMPLETE,,,,,,,,
711.0,0.04648914439477814,2024-04-26 04:01:03.092551,2024-04-26 04:01:05.140618,0 days 00:00:02.048067,0.8108525701557225,129.0,0.24376498770517652,523.0,419.0,2.0,COMPLETE,,,,,,,,
712.0,0.022217985244255445,2024-04-26 04:01:05.142596,2024-04-26 04:01:07.379030,0 days 00:00:02.236434,0.16973367103882706,190.0,0.3521602935246852,516.0,455.0,2.0,COMPLETE,,,,,,,,
