number,value,datetime_start,datetime_complete,duration,params_alpha,params_initial_temperature,params_mutation_ratio,params_no_generations,params_population_size,params_var,state,population_size,no_generations,mutation_ratio,var,initial_temperature,alpha,best_value,record_type
832.0,0.09535072612650453,2024-04-26 04:05:00.486747,2024-04-26 04:05:02.572741,0 days 00:00:02.085994,0.10013757050534973,72.0,0.30107575640691825,524.0,423.0,2.0,COMPLETE,,,,,,,,
833.0,0.03619528046634635,2024-04-26 04:05:02.574743,2024-04-26 04:05:04.819478,0 days 00:00:02.244735,0.8359660357711085,60.0,0.32954055730164866,538.0,434.0,2.0,COMPLETE,,,,,,,,
834.0,0.03211125271441162,2024-04-26 04:05:04.820475,2024-04-26 04:05:05.820589,0 days 00:00:01.000114,0.812719424192775,84.0,0.5112548169157679,462.0,212.0,2.0,COMPLETE,,,,,,,,
835.0,0.030435775480997407,2024-04-26 04:05:05.821572,2024-04-26 04:05:07.771563,0 days 00:00:01.949991,0.3673911825009548,95.0,0.35201279932638896,507.0,400.0,2.0,COMPLETE,,,,,,,,
836.0,0.027002506664684844,2024-04-26 04:05:07.772563,2024-04-26 04:05:09.740344,0 days 00:00:01.967781,0.854269828135713,72.0,0.2967073527235562,443.0,463.0,2.0,COMPLETE,,,,,,,,
837.0,0.0004422454531844977,2024-04-26 04:05:09.741345,2024-04-26 04:05:11.702493,0 days 00:00:01.961148,0.2754238692684541,236.0,0.4750199057570168,484.0,411.0,2.0,COMPLETE,,,,,,,,
838.0,0.008264090312442463,2024-04-26 04:05:11.703496,2024-04-26 04:05:13.600440,0 days 00:00:01.896944,0.26638535425337606,241.0,0.48725361045686194,471.0,406.0,2.0,COMPLETE,,,,,,,,
839.0,0.026828137568740473,2024-04-26 04:05:13.602441,2024-04-26 04:05:15.441382,0 days 00:00:01.838941,0.2238661702234,236.0,0.4738672278326861,477.0,393.0,2.0,COMPLETE,,,,,,,,
840.0,0.034051647154290876,2024-04-26 04:05:15.443381,2024-04-26 04:05:17.378489,0 days 00:00:01.935108,0.20382704936946733,133.0,0.47209951288547086,484.0,407.0,2.0,COMPLETE,,,,,,,,
841.0,0.1315583211439364,2024-04-26 04:05:17.380487,2024-04-26 04:05:19.193485,0 days 00:00:01.812998,0.3269472594985877,224.0,0.457317453913863,467.0,394.0,2.0,COMPLETE,,,,,,,,
842.0,0.06707082873840342,2024-04-26 04:05:19.195483,2024-04-26 04:05:21.143535,0 days 00:00:01.948052,0.23985724230998923,240.0,0.49072958645401027,478.0,413.0,2.0,COMPLETE,,,,,,,,
843.0,0.02575530528464398,2024-04-26 04:05:21.145533,2024-04-26 04:05:23.061261,0 days 00:00:01.915728,0.14616903750785704,234.0,0.44944107106753595,486.0,403.0,2.0,COMPLETE,,,,,,,,
844.0,0.014049765716693585,2024-04-26 04:05:23.062260,2024-04-26 04:05:24.872233,0 days 00:00:01.809973,0.19313936777048754,235.0,0.5126851280317333,472.0,386.0,2.0,COMPLETE,,,,,,,,
845.0,0.03915122102618973,2024-04-26 04:05:24.874235,2024-04-26 04:05:26.840397,0 days 00:00:01.966162,0.26213770027169514,256.0,0.46819986112896267,529.0,381.0,2.0,COMPLETE,,,,,,,,
846.0,0.02997221110456927,2024-04-26 04:05:26.842397,2024-04-26 04:05:27.765398,0 days 00:00:00.923001,0.11866181960114291,249.0,0.4823798227767714,212.0,414.0,2.0,COMPLETE,,,,,,,,
847.0,0.04516309750948544,2024-04-26 04:05:27.766375,2024-04-26 04:05:29.585718,0 days 00:00:01.819343,0.7757228087845114,198.0,0.44783212430846886,459.0,400.0,2.0,COMPLETE,,,,,,,,
848.0,0.00296526614531345,2024-04-26 04:05:29.587722,2024-04-26 04:05:32.044411,0 days 00:00:02.456689,0.3795279093876955,209.0,0.5053789331883531,551.0,454.0,2.0,COMPLETE,,,,,,,,
849.0,0.06404326784547898,2024-04-26 04:05:32.046430,2024-04-26 04:05:33.793030,0 days 00:00:01.746600,0.15859494358270743,275.0,0.49507740525206373,480.0,368.0,2.0,COMPLETE,,,,,,,,
850.0,0.021204377202263203,2024-04-26 04:05:33.794011,2024-04-26 04:05:35.947135,0 days 00:00:02.153124,0.278999758245567,220.0,0.5228154923008329,491.0,444.0,2.0,COMPLETE,,,,,,,,
851.0,0.010540033150757466,2024-04-26 04:05:35.948133,2024-04-26 04:05:37.801506,0 days 00:00:01.853373,0.12491385827897185,228.0,0.4276239168701239,454.0,413.0,2.0,COMPLETE,,,,,,,,
852.0,0.09027514991461416,2024-04-26 04:05:37.803507,2024-04-26 04:05:39.949286,0 days 00:00:02.145779,0.3026287393577231,245.0,0.46207313698773156,562.0,392.0,2.0,COMPLETE,,,,,,,,
853.0,0.14132907022691832,2024-04-26 04:05:39.951285,2024-04-26 04:05:42.205950,0 days 00:00:02.254665,0.34718434568969786,216.0,0.7736133905353235,469.0,459.0,2.0,COMPLETE,,,,,,,,
854.0,0.008863533015368574,2024-04-26 04:05:42.206952,2024-04-26 04:05:44.334091,0 days 00:00:02.127139,0.44367382240134623,111.0,0.17088445992628287,484.0,474.0,2.0,COMPLETE,,,,,,,,
855.0,0.004253291471329135,2024-04-26 04:05:44.336093,2024-04-26 04:05:46.646961,0 days 00:00:02.310868,0.2475674063881515,203.0,0.4322297752933948,529.0,450.0,2.0,COMPLETE,,,,,,,,
856.0,0.0013981996177481193,2024-04-26 04:05:46.648940,2024-04-26 04:05:48.664539,0 days 00:00:02.015599,0.17236887575667026,254.0,0.1405362068365385,543.0,404.0,2.0,COMPLETE,,,,,,,,
857.0,0.11470656563002457,2024-04-26 04:05:48.665537,2024-04-26 04:05:50.813430,0 days 00:00:02.147893,0.3124414345396273,140.0,0.44130113147726063,588.0,377.0,2.0,COMPLETE,,,,,,,,
858.0,0.057812400251798124,2024-04-26 04:05:50.814430,2024-04-26 04:05:53.274438,0 days 00:00:02.460008,0.28506139196417374,139.0,0.4769977566422079,517.0,484.0,2.0,COMPLETE,,,,,,,,
859.0,0.006421153188858497,2024-04-26 04:05:53.275439,2024-04-26 04:05:55.313431,0 days 00:00:02.037992,0.411910309868679,230.0,0.18270167753899727,493.0,440.0,1.0,COMPLETE,,,,,,,,
860.0,0.15646149399305997,2024-04-26 04:05:55.315432,2024-04-26 04:05:56.530415,0 days 00:00:01.214983,0.5827099775953671,122.0,0.49748212737515773,475.0,254.0,2.0,COMPLETE,,,,,,,,
861.0,0.0019449116324921079,2024-04-26 04:05:56.532118,2024-04-26 04:05:58.447899,0 days 00:00:01.915781,0.13456545314641136,50.0,0.4624623994920231,464.0,419.0,2.0,COMPLETE,,,,,,,,
862.0,0.04662889065010489,2024-04-26 04:05:58.449906,2024-04-26 04:06:00.768919,0 days 00:00:02.319013,0.7850985628789072,190.0,0.4840288213161454,513.0,460.0,2.0,COMPLETE,,,,,,,,
863.0,0.06624788980890983,2024-04-26 04:06:00.770922,2024-04-26 04:06:02.873488,0 days 00:00:02.102566,0.479729166255058,246.0,0.41594680043835236,500.0,433.0,2.0,COMPLETE,,,,,,,,
864.0,0.047106756185048226,2024-04-26 04:06:02.875486,2024-04-26 04:06:04.697228,0 days 00:00:01.821742,0.20745692876420757,104.0,0.2833370151345241,483.0,396.0,2.0,COMPLETE,,,,,,,,
865.0,0.00077025585226842,2024-04-26 04:06:04.698912,2024-04-26 04:06:06.859959,0 days 00:00:02.161047,0.8776041912209517,213.0,0.17582333269391684,522.0,448.0,2.0,COMPLETE,,,,,,,,
866.0,0.0012804283997702726,2024-04-26 04:06:06.861959,2024-04-26 04:06:07.926828,0 days 00:00:01.064869,0.8676960407602451,227.0,0.14311179302255178,576.0,198.0,2.0,COMPLETE,,,,,,,,
867.0,0.012219663931839264,2024-04-26 04:06:07.929824,2024-04-26 04:06:10.067535,0 days 00:00:02.137711,0.8818038751161044,195.0,0.16364778949051462,536.0,428.0,2.0,COMPLETE,,,,,,,,
868.0,0.023486636868321753,2024-04-26 04:06:10.068532,2024-04-26 04:06:12.214988,0 days 00:00:02.146456,0.881254600915901,211.0,0.1656760329943919,523.0,445.0,2.0,COMPLETE,,,,,,,,
869.0,0.029779567569056198,2024-04-26 04:06:12.215990,2024-04-26 04:06:14.155169,0 days 00:00:01.939179,0.8790174686799728,214.0,0.18697070307000632,504.0,412.0,2.0,COMPLETE,,,,,,,,
870.0,0.03618069645408184,2024-04-26 04:06:14.157171,2024-04-26 04:06:16.141264,0 days 00:00:01.984093,0.8731860874306674,217.0,0.17534443170498815,489.0,436.0,2.0,COMPLETE,,,,,,,,
871.0,0.022088755222521073,2024-04-26 04:06:16.143265,2024-04-26 04:06:18.138159,0 days 00:00:01.994894,0.8538158642335643,235.0,0.17877708286156757,512.0,421.0,2.0,COMPLETE,,,,,,,,
872.0,0.08561835977827137,2024-04-26 04:06:18.139136,2024-04-26 04:06:20.127489,0 days 00:00:01.988353,0.8726915490278124,199.0,0.1353655523892941,477.0,450.0,2.0,COMPLETE,,,,,,,,
873.0,0.041886282453159396,2024-04-26 04:06:20.128493,2024-04-26 04:06:21.832569,0 days 00:00:01.704076,0.8553877880261713,224.0,0.1467428475576808,456.0,403.0,2.0,COMPLETE,,,,,,,,
874.0,0.0013836140246414885,2024-04-26 04:06:21.834549,2024-04-26 04:06:23.632372,0 days 00:00:01.797823,0.8317535486596231,208.0,0.15695306364995032,498.0,386.0,2.0,COMPLETE,,,,,,,,
875.0,0.015442018975390326,2024-04-26 04:06:23.634370,2024-04-26 04:06:25.772241,0 days 00:00:02.137871,0.8898540767059365,219.0,0.18767613067218572,518.0,444.0,2.0,COMPLETE,,,,,,,,
876.0,0.045057168333137554,2024-04-26 04:06:25.773243,2024-04-26 04:06:27.644846,0 days 00:00:01.871603,0.8611549454546015,480.0,0.15515349534002207,469.0,431.0,2.0,COMPLETE,,,,,,,,
877.0,0.056161732384776286,2024-04-26 04:06:27.645848,2024-04-26 04:06:29.725918,0 days 00:00:02.080070,0.8070987071091791,211.0,0.19685651204850094,532.0,421.0,2.0,COMPLETE,,,,,,,,
878.0,0.013732268457868457,2024-04-26 04:06:29.726916,2024-04-26 04:06:31.590531,0 days 00:00:01.863615,0.8704031662119008,200.0,0.16603635188518476,490.0,408.0,2.0,COMPLETE,,,,,,,,
879.0,0.08127056583452408,2024-04-26 04:06:31.591508,2024-04-26 04:06:33.673496,0 days 00:00:02.081988,0.8438990089731538,196.0,0.19349627253208182,506.0,438.0,2.0,COMPLETE,,,,,,,,
880.0,0.06412226641755758,2024-04-26 04:06:33.674474,2024-04-26 04:06:34.669689,0 days 00:00:00.995215,0.8240698596294327,240.0,0.5426446319847648,239.0,395.0,2.0,COMPLETE,,,,,,,,
881.0,0.006870420075392403,2024-04-26 04:06:34.671713,2024-04-26 04:06:37.062188,0 days 00:00:02.390475,0.8883477224304394,235.0,0.1770939613855912,557.0,465.0,2.0,COMPLETE,,,,,,,,
882.0,0.0209634788250721,2024-04-26 04:06:37.063306,2024-04-26 04:06:38.830321,0 days 00:00:01.767015,0.858640833478898,210.0,0.4436670306810535,481.0,375.0,2.0,COMPLETE,,,,,,,,
883.0,0.05400666147481736,2024-04-26 04:06:38.831320,2024-04-26 04:06:41.037776,0 days 00:00:02.206456,0.8021564113088465,231.0,0.1807592741048312,523.0,454.0,2.0,COMPLETE,,,,,,,,
884.0,0.011596635435454417,2024-04-26 04:06:41.038775,2024-04-26 04:06:43.188231,0 days 00:00:02.149456,0.8455554918248586,189.0,0.19901544566253473,545.0,424.0,2.0,COMPLETE,,,,,,,,
885.0,0.060553224538622885,2024-04-26 04:06:43.190232,2024-04-26 04:06:44.625470,0 days 00:00:01.435238,0.8281543689984465,219.0,0.46659041417123703,495.0,293.0,2.0,COMPLETE,,,,,,,,
886.0,0.06533391539048061,2024-04-26 04:06:44.627474,2024-04-26 04:06:46.751026,0 days 00:00:02.123552,0.8652325086626568,146.0,0.5109563177547226,513.0,415.0,2.0,COMPLETE,,,,,,,,
887.0,0.010909543279979061,2024-04-26 04:06:46.753025,2024-04-26 04:06:48.764670,0 days 00:00:02.011645,0.8172408430867532,203.0,0.4062593055431473,465.0,444.0,2.0,COMPLETE,,,,,,,,
888.0,0.017519133114179297,2024-04-26 04:06:48.766671,2024-04-26 04:06:50.699062,0 days 00:00:01.932391,0.8447085276822136,59.0,0.2015749253143678,474.0,434.0,2.0,COMPLETE,,,,,,,,
889.0,0.0037982017394302403,2024-04-26 04:06:50.700038,2024-04-26 04:06:52.602310,0 days 00:00:01.902272,0.8794524147602214,224.0,0.4732061857205364,484.0,399.0,2.0,COMPLETE,,,,,,,,
890.0,0.02749382383681187,2024-04-26 04:06:52.603309,2024-04-26 04:06:54.648086,0 days 00:00:02.044777,0.7961496630042222,186.0,0.4924718790061704,504.0,409.0,2.0,COMPLETE,,,,,,,,
891.0,0.02623116063575459,2024-04-26 04:06:54.649086,2024-04-26 04:06:56.648394,0 days 00:00:01.999308,0.8335517297320132,63.0,0.4516773110123772,528.0,388.0,2.0,COMPLETE,,,,,,,,
892.0,0.013156176639169459,2024-04-26 04:06:56.649396,2024-04-26 04:06:58.638409,0 days 00:00:01.989013,0.86068895604013,137.0,0.42997098856280347,448.0,450.0,2.0,COMPLETE,,,,,,,,
893.0,0.14584652361038586,2024-04-26 04:06:58.640410,2024-04-26 04:07:00.002393,0 days 00:00:01.361983,0.812063184008407,56.0,0.18994706191494531,518.0,276.0,2.0,COMPLETE,,,,,,,,
894.0,0.015677911985033433,2024-04-26 04:07:00.004390,2024-04-26 04:07:01.364887,0 days 00:00:01.360497,0.8475302175109939,245.0,0.30276390000082376,461.0,305.0,2.0,COMPLETE,,,,,,,,
895.0,0.013323763707663971,2024-04-26 04:07:01.365885,2024-04-26 04:07:03.347043,0 days 00:00:01.981158,0.892008558614642,202.0,0.20841455329363678,493.0,429.0,2.0,COMPLETE,,,,,,,,
896.0,0.01609288641821216,2024-04-26 04:07:03.348020,2024-04-26 04:07:04.850245,0 days 00:00:01.502225,0.1873672434287127,219.0,0.1690634270738637,336.0,469.0,2.0,COMPLETE,,,,,,,,
897.0,0.0015406323579867376,2024-04-26 04:07:04.851787,2024-04-26 04:07:07.054412,0 days 00:00:02.202625,0.8322835271745654,147.0,0.15604649369216145,538.0,442.0,2.0,COMPLETE,,,,,,,,
898.0,0.016856454080141248,2024-04-26 04:07:07.056394,2024-04-26 04:07:08.850951,0 days 00:00:01.794557,0.8691004530065202,135.0,0.20687567945924712,505.0,379.0,2.0,COMPLETE,,,,,,,,
899.0,0.013470653231948404,2024-04-26 04:07:08.851930,2024-04-26 04:07:10.903716,0 days 00:00:02.051786,0.7968659783242976,179.0,0.12789948984199132,483.0,458.0,1.0,COMPLETE,,,,,,,,
900.0,0.04008509435701235,2024-04-26 04:07:10.904716,2024-04-26 04:07:12.978860,0 days 00:00:02.074144,0.7695867660644772,192.0,0.40207400328904536,513.0,417.0,2.0,COMPLETE,,,,,,,,
901.0,0.0876893045466769,2024-04-26 04:07:12.980861,2024-04-26 04:07:15.271691,0 days 00:00:02.290830,0.8196064093812637,226.0,0.31832760806621,600.0,405.0,2.0,COMPLETE,,,,,,,,
902.0,0.005759605470665008,2024-04-26 04:07:15.273694,2024-04-26 04:07:17.079011,0 days 00:00:01.805317,0.8416711120350788,61.0,0.4807928898117896,496.0,370.0,2.0,COMPLETE,,,,,,,,
903.0,0.023435702682505166,2024-04-26 04:07:17.080154,2024-04-26 04:07:19.389949,0 days 00:00:02.309795,0.8510094246481462,147.0,0.18620127114653376,569.0,438.0,2.0,COMPLETE,,,,,,,,
904.0,0.08820199413293572,2024-04-26 04:07:19.391951,2024-04-26 04:07:21.217622,0 days 00:00:01.825671,0.7822545974175624,232.0,0.4578117699738133,474.0,391.0,2.0,COMPLETE,,,,,,,,
905.0,0.005882036284619474,2024-04-26 04:07:21.218622,2024-04-26 04:07:23.305707,0 days 00:00:02.087085,0.8769000309659674,50.0,0.29903206968678486,489.0,449.0,2.0,COMPLETE,,,,,,,,
906.0,0.08055360455830574,2024-04-26 04:07:23.307707,2024-04-26 04:07:24.010624,0 days 00:00:00.702917,0.8991767278615057,208.0,0.1977083627782288,524.0,132.0,2.0,COMPLETE,,,,,,,,
907.0,0.04443748904029299,2024-04-26 04:07:24.012350,2024-04-26 04:07:24.662296,0 days 00:00:00.649946,0.8099365267737867,152.0,0.5255017089471423,583.0,100.0,2.0,COMPLETE,,,,,,,,
908.0,0.00840299217566809,2024-04-26 04:07:24.663273,2024-04-26 04:07:26.786645,0 days 00:00:02.123372,0.8595747064273143,129.0,0.4317033672724527,511.0,426.0,2.0,COMPLETE,,,,,,,,
909.0,0.07712730292924341,2024-04-26 04:07:26.788621,2024-04-26 04:07:28.096314,0 days 00:00:01.307693,0.11401642280495716,178.0,0.4967707749033315,533.0,244.0,2.0,COMPLETE,,,,,,,,
910.0,0.017215279914102766,2024-04-26 04:07:28.097314,2024-04-26 04:07:29.827803,0 days 00:00:01.730489,0.8320510421770965,59.0,0.16923228634424148,466.0,398.0,2.0,COMPLETE,,,,,,,,
911.0,0.02182336165969545,2024-04-26 04:07:29.828787,2024-04-26 04:07:31.128401,0 days 00:00:01.299614,0.8220797554374987,139.0,0.2839060778728873,501.0,269.0,2.0,COMPLETE,,,,,,,,
912.0,0.0034259807803103115,2024-04-26 04:07:31.129402,2024-04-26 04:07:32.754614,0 days 00:00:01.625212,0.7986885868325635,155.0,0.21224068856132464,547.0,316.0,2.0,COMPLETE,,,,,,,,
913.0,0.06114637479171314,2024-04-26 04:07:32.755615,2024-04-26 04:07:34.695796,0 days 00:00:01.940181,0.14383897903999257,169.0,0.4526380326834813,480.0,410.0,2.0,COMPLETE,,,,,,,,
914.0,0.03838283268137488,2024-04-26 04:07:34.696906,2024-04-26 04:07:36.983546,0 days 00:00:02.286640,0.851366337267635,50.0,0.3176885330073851,520.0,460.0,2.0,COMPLETE,,,,,,,,
915.0,0.011581878630687825,2024-04-26 04:07:36.984546,2024-04-26 04:07:38.837398,0 days 00:00:01.852852,0.8710511979633768,67.0,0.19158158394117591,458.0,431.0,2.0,COMPLETE,,,,,,,,
916.0,0.04850343818320901,2024-04-26 04:07:38.838375,2024-04-26 04:07:41.158003,0 days 00:00:02.319628,0.8410685091854597,252.0,0.29522498191223373,507.0,481.0,2.0,COMPLETE,,,,,,,,
917.0,0.05596574245441843,2024-04-26 04:07:41.159004,2024-04-26 04:07:43.166781,0 days 00:00:02.007777,0.8141201931831333,184.0,0.4778580855058667,488.0,418.0,2.0,COMPLETE,,,,,,,,
918.0,0.003660425425128011,2024-04-26 04:07:43.168773,2024-04-26 04:07:45.003824,0 days 00:00:01.835051,0.7500250886118872,212.0,0.18156550548993428,442.0,443.0,2.0,COMPLETE,,,,,,,,
919.0,0.007790118677869273,2024-04-26 04:07:45.005824,2024-04-26 04:07:47.002906,0 days 00:00:01.997082,0.8318301228143482,144.0,0.21705899331430215,470.0,449.0,2.0,COMPLETE,,,,,,,,
920.0,0.008951171342602038,2024-04-26 04:07:47.003913,2024-04-26 04:07:48.928170,0 days 00:00:01.924257,0.8610244659036953,131.0,0.4396113173711536,516.0,383.0,2.0,COMPLETE,,,,,,,,
921.0,0.020451709906145865,2024-04-26 04:07:48.930172,2024-04-26 04:07:50.943881,0 days 00:00:02.013709,0.8845061777247596,239.0,0.14784968270218435,499.0,435.0,2.0,COMPLETE,,,,,,,,
922.0,0.04100468955554426,2024-04-26 04:07:50.944881,2024-04-26 04:07:53.086146,0 days 00:00:02.141265,0.1761709323227147,65.0,0.30775581891364717,529.0,425.0,2.0,COMPLETE,,,,,,,,
923.0,0.01788113769572064,2024-04-26 04:07:53.087123,2024-04-26 04:07:55.240230,0 days 00:00:02.153107,0.7870471094238594,161.0,0.28503760030611297,480.0,470.0,2.0,COMPLETE,,,,,,,,
924.0,0.03064468780520002,2024-04-26 04:07:55.242231,2024-04-26 04:07:57.415867,0 days 00:00:02.173636,0.8177378583575833,74.0,0.3264985212068,495.0,458.0,2.0,COMPLETE,,,,,,,,
925.0,0.000779105589691298,2024-04-26 04:07:57.417865,2024-04-26 04:07:59.447010,0 days 00:00:02.029145,0.846973146295066,225.0,0.4703545809449374,510.0,404.0,2.0,COMPLETE,,,,,,,,
926.0,0.004227621668681181,2024-04-26 04:07:59.449011,2024-04-26 04:08:01.455332,0 days 00:00:02.006321,0.8725180420054408,226.0,0.47284941147687315,508.0,400.0,2.0,COMPLETE,,,,,,,,
927.0,0.18569233607824742,2024-04-26 04:08:01.457334,2024-04-26 04:08:03.405010,0 days 00:00:01.947676,0.8573588760512175,226.0,0.46369845046045616,504.0,392.0,2.0,COMPLETE,,,,,,,,
928.0,0.07432970250305004,2024-04-26 04:08:03.406014,2024-04-26 04:08:05.441749,0 days 00:00:02.035735,0.8837522464302527,245.0,0.5029675167797527,513.0,401.0,2.0,COMPLETE,,,,,,,,
929.0,0.003375727789370231,2024-04-26 04:08:05.442748,2024-04-26 04:08:07.383072,0 days 00:00:01.940324,0.8503399958205723,239.0,0.45377259757166455,501.0,393.0,2.0,COMPLETE,,,,,,,,
930.0,0.05364386078077921,2024-04-26 04:08:07.384072,2024-04-26 04:08:08.220988,0 days 00:00:00.836916,0.8686175278462425,229.0,0.4864735282330195,513.0,156.0,2.0,COMPLETE,,,,,,,,
931.0,0.0006588390266717425,2024-04-26 04:08:08.222665,2024-04-26 04:08:10.183637,0 days 00:00:01.960972,0.846105975786165,233.0,0.47140213904750283,492.0,405.0,2.0,COMPLETE,,,,,,,,
932.0,0.003342411832244707,2024-04-26 04:08:10.185614,2024-04-26 04:08:12.141320,0 days 00:00:01.955706,0.8576297885236295,229.0,0.48149556260757054,490.0,404.0,2.0,COMPLETE,,,,,,,,
933.0,0.009985863474335943,2024-04-26 04:08:12.142320,2024-04-26 04:08:14.139113,0 days 00:00:01.996793,0.8428713155813478,232.0,0.46124927152488887,497.0,409.0,2.0,COMPLETE,,,,,,,,
934.0,0.01893692983080264,2024-04-26 04:08:14.141113,2024-04-26 04:08:16.095478,0 days 00:00:01.954365,0.8457419772412816,243.0,0.49798042718908786,488.0,404.0,2.0,COMPLETE,,,,,,,,
935.0,0.0019237070536934908,2024-04-26 04:08:16.097480,2024-04-26 04:08:18.064831,0 days 00:00:01.967351,0.8684930659423982,231.0,0.4718182991504952,486.0,410.0,2.0,COMPLETE,,,,,,,,
936.0,0.04155100435695935,2024-04-26 04:08:18.065831,2024-04-26 04:08:19.955474,0 days 00:00:01.889643,0.8376611796590228,216.0,0.4431649097058802,495.0,389.0,2.0,COMPLETE,,,,,,,,
937.0,0.10838288442235822,2024-04-26 04:08:19.957452,2024-04-26 04:08:21.852409,0 days 00:00:01.894957,0.8864381955878146,251.0,0.48788241008282796,476.0,395.0,1.0,COMPLETE,,,,,,,,
938.0,0.01698828774296679,2024-04-26 04:08:21.853411,2024-04-26 04:08:23.838445,0 days 00:00:01.985034,0.8549650344814449,241.0,0.51769027090906,492.0,405.0,2.0,COMPLETE,,,,,,,,
939.0,0.003615862449501961,2024-04-26 04:08:23.839446,2024-04-26 04:08:25.724323,0 days 00:00:01.884877,0.8337746105483255,222.0,0.4643373236638216,481.0,398.0,2.0,COMPLETE,,,,,,,,
940.0,0.020656239825452616,2024-04-26 04:08:25.725302,2024-04-26 04:08:27.662396,0 days 00:00:01.937094,0.869539843085384,263.0,0.47427269790809734,473.0,414.0,2.0,COMPLETE,,,,,,,,
941.0,0.05030906122508938,2024-04-26 04:08:27.663397,2024-04-26 04:08:30.106646,0 days 00:00:02.443249,0.851869338723114,219.0,0.44118510413239775,502.0,499.0,2.0,COMPLETE,,,,,,,,
942.0,0.011978832380679094,2024-04-26 04:08:30.108320,2024-04-26 04:08:32.059683,0 days 00:00:01.951363,0.831498755796871,255.0,0.49175880503130726,498.0,397.0,2.0,COMPLETE,,,,,,,,
943.0,0.005371720540887637,2024-04-26 04:08:32.060685,2024-04-26 04:08:33.888297,0 days 00:00:01.827612,0.8672565966070609,232.0,0.4520518360529769,486.0,382.0,2.0,COMPLETE,,,,,,,,
944.0,0.0017898827716340548,2024-04-26 04:08:33.889297,2024-04-26 04:08:35.936184,0 days 00:00:02.046887,0.8458642595452961,220.0,0.5034871198348985,506.0,409.0,2.0,COMPLETE,,,,,,,,
945.0,0.1121646392455169,2024-04-26 04:08:35.937931,2024-04-26 04:08:37.844103,0 days 00:00:01.906172,0.8813987313384575,238.0,0.4253918430478287,466.0,415.0,2.0,COMPLETE,,,,,,,,
946.0,0.021545254136421832,2024-04-26 04:08:37.845103,2024-04-26 04:08:39.715645,0 days 00:00:01.870542,0.8346696871450268,226.0,0.47940654069923627,491.0,387.0,2.0,COMPLETE,,,,,,,,
947.0,0.027820491393894642,2024-04-26 04:08:39.716641,2024-04-26 04:08:41.510322,0 days 00:00:01.793681,0.8583273855176485,239.0,0.46240159173979495,449.0,402.0,2.0,COMPLETE,,,,,,,,
948.0,0.001532851833248472,2024-04-26 04:08:41.511322,2024-04-26 04:08:43.432169,0 days 00:00:01.920847,0.8263553487655202,245.0,0.506462561247586,482.0,400.0,2.0,COMPLETE,,,,,,,,
949.0,0.02188635147300033,2024-04-26 04:08:43.433168,2024-04-26 04:08:45.325624,0 days 00:00:01.892456,0.8890735924931527,214.0,0.41942796075081723,499.0,389.0,2.0,COMPLETE,,,,,,,,
950.0,0.0259816429102937,2024-04-26 04:08:45.326623,2024-04-26 04:08:47.255268,0 days 00:00:01.928645,0.8512975134849268,236.0,0.4466757355539943,478.0,410.0,2.0,COMPLETE,,,,,,,,
