number,value,datetime_start,datetime_complete,duration,params_alpha,params_initial_temperature,params_mutation_ratio,params_no_generations,params_population_size,params_var,state,population_size,no_generations,mutation_ratio,var,initial_temperature,alpha,best_value,record_type
951.0,0.0006483448896634769,2024-04-26 04:08:47.256256,2024-04-26 04:08:49.331818,0 days 00:00:02.075562,0.8983222289788808,251.0,0.4698226632871129,507.0,417.0,2.0,COMPLETE,,,,,,,,
952.0,0.0048546728945275675,2024-04-26 04:08:49.332821,2024-04-26 04:08:51.446863,0 days 00:00:02.114042,0.8915660420836002,242.0,0.46133820398935216,507.0,419.0,2.0,COMPLETE,,,,,,,,
953.0,0.003675257055540726,2024-04-26 04:08:51.448554,2024-04-26 04:08:53.528848,0 days 00:00:02.080294,0.8956556799869331,247.0,0.4397256199481203,504.0,418.0,2.0,COMPLETE,,,,,,,,
954.0,0.021917159250895324,2024-04-26 04:08:53.530052,2024-04-26 04:08:55.584568,0 days 00:00:02.054516,0.8936105454604252,256.0,0.43240680734720743,511.0,412.0,2.0,COMPLETE,,,,,,,,
955.0,0.044617417061894926,2024-04-26 04:08:55.585568,2024-04-26 04:08:57.714058,0 days 00:00:02.128490,0.8695457463573106,252.0,0.4496301447979136,515.0,419.0,2.0,COMPLETE,,,,,,,,
956.0,0.04783681212713553,2024-04-26 04:08:57.715055,2024-04-26 04:08:59.582897,0 days 00:00:01.867842,0.8975702593305291,268.0,0.4631174922825622,459.0,411.0,2.0,COMPLETE,,,,,,,,
957.0,0.07371672475519908,2024-04-26 04:08:59.584898,2024-04-26 04:09:01.746019,0 days 00:00:02.161121,0.8845492163358606,263.0,0.47818685424646346,517.0,424.0,2.0,COMPLETE,,,,,,,,
958.0,0.016870296014728225,2024-04-26 04:09:01.748025,2024-04-26 04:09:03.796561,0 days 00:00:02.048536,0.8810079794895145,255.0,0.40589602304903905,507.0,417.0,2.0,COMPLETE,,,,,,,,
959.0,0.002563138408712362,2024-04-26 04:09:03.798538,2024-04-26 04:09:05.803607,0 days 00:00:02.005069,0.8758109043949869,233.0,0.47013218099345244,500.0,408.0,2.0,COMPLETE,,,,,,,,
960.0,0.04594438117988808,2024-04-26 04:09:05.805338,2024-04-26 04:09:08.129812,0 days 00:00:02.324474,0.8979691173553132,376.0,0.44728081473423237,511.0,466.0,2.0,COMPLETE,,,,,,,,
961.0,0.018291840085050026,2024-04-26 04:09:08.131815,2024-04-26 04:09:10.297077,0 days 00:00:02.165262,0.899352110460665,247.0,0.4886154150725013,520.0,422.0,2.0,COMPLETE,,,,,,,,
962.0,0.017941110378671965,2024-04-26 04:09:10.299079,2024-04-26 04:09:12.216041,0 days 00:00:01.916962,0.8716693096706558,236.0,0.17054676346386666,453.0,453.0,2.0,COMPLETE,,,,,,,,
963.0,0.173134959615302,2024-04-26 04:09:12.217685,2024-04-26 04:09:14.223043,0 days 00:00:02.005358,0.8202890238123753,265.0,0.43802759750188336,470.0,432.0,2.0,COMPLETE,,,,,,,,
964.0,0.006515734331397738,2024-04-26 04:09:14.224046,2024-04-26 04:09:15.967058,0 days 00:00:01.743012,0.8699139504761995,223.0,0.39117394098769626,438.0,406.0,2.0,COMPLETE,,,,,,,,
965.0,0.041271193442131704,2024-04-26 04:09:15.969062,2024-04-26 04:09:17.930327,0 days 00:00:01.961265,0.8798005482260046,251.0,0.1846705375780739,506.0,415.0,2.0,COMPLETE,,,,,,,,
966.0,0.11604023485299564,2024-04-26 04:09:17.931327,2024-04-26 04:09:20.273017,0 days 00:00:02.341690,0.22460312632836713,259.0,0.8798214387185209,497.0,444.0,2.0,COMPLETE,,,,,,,,
967.0,0.0065282443877769936,2024-04-26 04:09:20.273997,2024-04-26 04:09:22.434796,0 days 00:00:02.160799,0.837938214279517,238.0,0.4659552384917799,516.0,427.0,2.0,COMPLETE,,,,,,,,
968.0,0.0031339147860194316,2024-04-26 04:09:22.436796,2024-04-26 04:09:24.784100,0 days 00:00:02.347304,0.8232166088140278,226.0,0.42455691361305486,509.0,474.0,2.0,COMPLETE,,,,,,,,
969.0,0.018356046661940795,2024-04-26 04:09:24.786080,2024-04-26 04:09:26.810196,0 days 00:00:02.024116,0.8588874390310665,281.0,0.20107215496257086,495.0,437.0,2.0,COMPLETE,,,,,,,,
970.0,0.003458527607769213,2024-04-26 04:09:26.812178,2024-04-26 04:09:28.750351,0 days 00:00:01.938173,0.8457224324022112,231.0,0.10600699391009516,460.0,455.0,2.0,COMPLETE,,,,,,,,
971.0,0.020179914632834084,2024-04-26 04:09:28.752352,2024-04-26 04:09:30.553669,0 days 00:00:01.801317,0.3616848937682959,247.0,0.20825600753803455,472.0,405.0,2.0,COMPLETE,,,,,,,,
972.0,0.01298741283429905,2024-04-26 04:09:30.554646,2024-04-26 04:09:32.784264,0 days 00:00:02.229618,0.8104377962477426,219.0,0.45452919503178246,486.0,465.0,2.0,COMPLETE,,,,,,,,
973.0,0.011044554530156958,2024-04-26 04:09:32.785265,2024-04-26 04:09:34.856465,0 days 00:00:02.071200,0.8799152870822349,138.0,0.41703074566666937,503.0,421.0,2.0,COMPLETE,,,,,,,,
974.0,0.0051782089548702,2024-04-26 04:09:34.858466,2024-04-26 04:09:36.953135,0 days 00:00:02.094669,0.8306130745156562,241.0,0.15610364297098614,510.0,445.0,2.0,COMPLETE,,,,,,,,
975.0,0.05646938938338231,2024-04-26 04:09:36.954133,2024-04-26 04:09:39.203170,0 days 00:00:02.249037,0.8586509115099842,219.0,0.8233349299878263,521.0,413.0,2.0,COMPLETE,,,,,,,,
976.0,0.016825201733055906,2024-04-26 04:09:39.205193,2024-04-26 04:09:41.349774,0 days 00:00:02.144581,0.25271427204034835,230.0,0.49331611026034616,494.0,430.0,1.0,COMPLETE,,,,,,,,
977.0,0.015888583669656953,2024-04-26 04:09:41.351749,2024-04-26 04:09:43.255894,0 days 00:00:01.904145,0.8983278377326531,258.0,0.47338592498549004,478.0,398.0,2.0,COMPLETE,,,,,,,,
978.0,0.05064263942674607,2024-04-26 04:09:43.256895,2024-04-26 04:09:45.303176,0 days 00:00:02.046281,0.8445265408929016,126.0,0.2071839131875008,499.0,439.0,2.0,COMPLETE,,,,,,,,
979.0,0.00370649333983053,2024-04-26 04:09:45.305176,2024-04-26 04:09:47.322989,0 days 00:00:02.017813,0.8253348195160364,271.0,0.18368622793037784,469.0,459.0,2.0,COMPLETE,,,,,,,,
980.0,0.01674921659705575,2024-04-26 04:09:47.323967,2024-04-26 04:09:48.638195,0 days 00:00:01.314228,0.8627348104333709,143.0,0.45425933948132785,315.0,408.0,2.0,COMPLETE,,,,,,,,
981.0,0.0029474319358087087,2024-04-26 04:09:48.640194,2024-04-26 04:09:50.573414,0 days 00:00:01.933220,0.8063264905839875,207.0,0.1752900153475486,485.0,424.0,2.0,COMPLETE,,,,,,,,
982.0,0.04537852797303543,2024-04-26 04:09:50.574607,2024-04-26 04:09:52.766985,0 days 00:00:02.192378,0.2895590681888559,247.0,0.19353604807365465,520.0,450.0,2.0,COMPLETE,,,,,,,,
983.0,0.007924302906349823,2024-04-26 04:09:52.768989,2024-04-26 04:09:54.866056,0 days 00:00:02.097067,0.879243319518688,129.0,0.22058086312977243,465.0,479.0,2.0,COMPLETE,,,,,,,,
984.0,0.0763182205289219,2024-04-26 04:09:54.867717,2024-04-26 04:09:56.890371,0 days 00:00:02.022654,0.8421245803190948,215.0,0.5164635207826633,506.0,402.0,2.0,COMPLETE,,,,,,,,
985.0,0.01585311050669702,2024-04-26 04:09:56.891380,2024-04-26 04:09:58.996837,0 days 00:00:02.105457,0.8212381182104693,234.0,0.42958770405287755,492.0,435.0,2.0,COMPLETE,,,,,,,,
986.0,0.01457834572955008,2024-04-26 04:09:58.998837,2024-04-26 04:10:01.107108,0 days 00:00:02.108271,0.8667587240277174,147.0,0.48261201482634575,516.0,414.0,2.0,COMPLETE,,,,,,,,
987.0,0.032750809060390296,2024-04-26 04:10:01.109107,2024-04-26 04:10:03.133783,0 days 00:00:02.024676,0.8382667426608177,118.0,0.4628351155901941,453.0,451.0,2.0,COMPLETE,,,,,,,,
988.0,0.07139863324579387,2024-04-26 04:10:03.134783,2024-04-26 04:10:05.295213,0 days 00:00:02.160430,0.3401142918885347,131.0,0.4020012327859405,481.0,461.0,2.0,COMPLETE,,,,,,,,
989.0,0.02490175455019994,2024-04-26 04:10:05.296211,2024-04-26 04:10:07.397007,0 days 00:00:02.100796,0.7622905107066437,79.0,0.19752580418898533,510.0,442.0,2.0,COMPLETE,,,,,,,,
990.0,0.0040478573837283705,2024-04-26 04:10:07.397990,2024-04-26 04:10:09.670168,0 days 00:00:02.272178,0.8547800089836137,139.0,0.15752714297861725,499.0,490.0,2.0,COMPLETE,,,,,,,,
991.0,0.015571550907663934,2024-04-26 04:10:09.671169,2024-04-26 04:10:11.741179,0 days 00:00:02.070010,0.38638880790046326,249.0,0.2245828168310143,525.0,421.0,2.0,COMPLETE,,,,,,,,
992.0,0.01093695050217569,2024-04-26 04:10:11.743179,2024-04-26 04:10:13.763036,0 days 00:00:02.019857,0.721523229291935,224.0,0.4967268319821465,475.0,428.0,2.0,COMPLETE,,,,,,,,
993.0,0.05096698841660263,2024-04-26 04:10:13.765037,2024-04-26 04:10:15.193390,0 days 00:00:01.428353,0.8135835088988596,85.0,0.4401846901881728,356.0,397.0,2.0,COMPLETE,,,,,,,,
994.0,0.03064014236539947,2024-04-26 04:10:15.194391,2024-04-26 04:10:17.193596,0 days 00:00:01.999205,0.8324584462190613,235.0,0.4696665106925898,489.0,414.0,2.0,COMPLETE,,,,,,,,
995.0,0.020180450346424905,2024-04-26 04:10:17.195575,2024-04-26 04:10:18.965309,0 days 00:00:01.769734,0.8987669252615565,153.0,0.2111353882494758,462.0,406.0,2.0,COMPLETE,,,,,,,,
996.0,0.07282871856383366,2024-04-26 04:10:18.967318,2024-04-26 04:10:21.168953,0 days 00:00:02.201635,0.8799640023727103,154.0,0.4152643883593924,503.0,449.0,2.0,COMPLETE,,,,,,,,
997.0,0.18554444430526829,2024-04-26 04:10:21.170935,2024-04-26 04:10:22.709381,0 days 00:00:01.538446,0.7931170991672567,210.0,0.19523711800025642,368.0,436.0,2.0,COMPLETE,,,,,,,,
998.0,0.007156010786257383,2024-04-26 04:10:22.711383,2024-04-26 04:10:24.918326,0 days 00:00:02.206943,0.8507006965857726,134.0,0.17920391607334896,510.0,465.0,2.0,COMPLETE,,,,,,,,
999.0,0.007805457800055038,2024-04-26 04:10:24.920331,2024-04-26 04:10:27.119460,0 days 00:00:02.199129,0.8677169624916906,118.0,0.48283457011335096,522.0,428.0,2.0,COMPLETE,,,,,,,,
,,,,,,,,,,,,470.0,430.0,0.48649816596825425,1.0,350.0,0.6362043037444242,0.00011131173596368171,best_result
