number,value,datetime_start,datetime_complete,duration,params_mutation_ratio,params_no_generations,params_population_size,params_var,state,population_size,mutation_ratio,no_generations,var,best_value,record_type
0.0,0.006151672697146893,2024-04-25 23:35:44.069732,2024-04-25 23:35:48.146313,0 days 00:00:04.076581,0.8,500.0,780.0,2.0,COMPLETE,,,,,,
1.0,0.00503041242119906,2024-04-25 23:35:48.147316,2024-04-25 23:35:52.946270,0 days 00:00:04.798954,0.4,700.0,720.0,1.0,COMPLETE,,,,,,
2.0,0.006330533391290416,2024-04-25 23:35:52.948270,2024-04-25 23:35:55.966042,0 days 00:00:03.017772,0.1,520.0,650.0,2.0,COMPLETE,,,,,,
3.0,0.10189313830769997,2024-04-25 23:35:55.967195,2024-04-25 23:35:57.057872,0 days 00:00:01.090677,0.6,980.0,120.0,1.0,COMPLETE,,,,,,
4.0,0.03436139794654558,2024-04-25 23:35:57.058873,2024-04-25 23:35:57.460873,0 days 00:00:00.402000,0.8,120.0,340.0,2.0,COMPLETE,,,,,,
5.0,0.005046679914901375,2024-04-25 23:35:57.461873,2024-04-25 23:35:58.437130,0 days 00:00:00.975257,0.8,120.0,780.0,2.0,COMPLETE,,,,,,
6.0,0.033483578439877704,2024-04-25 23:35:58.438131,2024-04-25 23:35:58.784131,0 days 00:00:00.346000,0.30000000000000004,220.0,180.0,1.0,COMPLETE,,,,,,
7.0,0.007828772150430652,2024-04-25 23:35:58.786132,2024-04-25 23:36:02.315390,0 days 00:00:03.529258,0.7000000000000001,880.0,420.0,2.0,COMPLETE,,,,,,
8.0,0.029475453725195777,2024-04-25 23:36:02.316411,2024-04-25 23:36:03.954622,0 days 00:00:01.638211,0.4,700.0,260.0,2.0,COMPLETE,,,,,,
9.0,0.13100085286481722,2024-04-25 23:36:03.955622,2024-04-25 23:36:05.040699,0 days 00:00:01.085077,0.1,600.0,220.0,2.0,COMPLETE,,,,,,
10.0,0.03396194761039695,2024-04-25 23:36:05.042699,2024-04-25 23:36:09.292215,0 days 00:00:04.249516,1.0,380.0,1000.0,1.0,COMPLETE,,,,,,
11.0,0.009498544167017897,2024-04-25 23:36:09.293214,2024-04-25 23:36:14.624057,0 days 00:00:05.330843,0.4,780.0,700.0,1.0,COMPLETE,,,,,,
12.0,0.015343977472790371,2024-04-25 23:36:14.626058,2024-04-25 23:36:17.515399,0 days 00:00:02.889341,1.0,300.0,870.0,1.0,COMPLETE,,,,,,
13.0,0.5738701765376657,2024-04-25 23:36:17.516402,2024-04-25 23:36:17.782397,0 days 00:00:00.265995,0.5,40.0,610.0,1.0,COMPLETE,,,,,,
14.0,0.016951810584659555,2024-04-25 23:36:17.783398,2024-04-25 23:36:19.833381,0 days 00:00:02.049983,0.8,400.0,510.0,2.0,COMPLETE,,,,,,
15.0,0.0026034729747426155,2024-04-25 23:36:19.834404,2024-04-25 23:36:25.824459,0 days 00:00:05.990055,0.30000000000000004,700.0,880.0,1.0,COMPLETE,,,,,,
16.0,0.0063400139413793966,2024-04-25 23:36:25.825619,2024-04-25 23:36:32.661156,0 days 00:00:06.835537,0.30000000000000004,720.0,980.0,1.0,COMPLETE,,,,,,
17.0,0.003467620310232178,2024-04-25 23:36:32.662156,2024-04-25 23:36:39.498433,0 days 00:00:06.836277,0.2,860.0,850.0,1.0,COMPLETE,,,,,,
18.0,0.00311262970085302,2024-04-25 23:36:39.499432,2024-04-25 23:36:47.684252,0 days 00:00:08.184820,0.2,980.0,880.0,1.0,COMPLETE,,,,,,
19.0,0.007554274038934494,2024-04-25 23:36:47.685251,2024-04-25 23:36:52.778580,0 days 00:00:05.093329,0.2,1000.0,560.0,1.0,COMPLETE,,,,,,
20.0,1.3434703620770936,2024-04-25 23:36:52.779577,2024-04-25 23:36:52.895557,0 days 00:00:00.115980,0.2,880.0,10.0,1.0,COMPLETE,,,,,,
21.0,0.009729380683099365,2024-04-25 23:36:52.896576,2024-04-25 23:37:00.217134,0 days 00:00:07.320558,0.2,860.0,890.0,1.0,COMPLETE,,,,,,
22.0,0.0027470816637595874,2024-04-25 23:37:00.218134,2024-04-25 23:37:06.959163,0 days 00:00:06.741029,0.30000000000000004,800.0,870.0,1.0,COMPLETE,,,,,,
23.0,0.009338047130489358,2024-04-25 23:37:06.960164,2024-04-25 23:37:12.698197,0 days 00:00:05.738033,0.30000000000000004,620.0,940.0,1.0,COMPLETE,,,,,,
24.0,0.01004746801892864,2024-04-25 23:37:12.700197,2024-04-25 23:37:18.848180,0 days 00:00:06.147983,0.5,780.0,790.0,1.0,COMPLETE,,,,,,
25.0,0.031928880791797454,2024-04-25 23:37:18.850180,2024-04-25 23:37:27.149343,0 days 00:00:08.299163,0.1,960.0,920.0,1.0,COMPLETE,,,,,,
26.0,0.016243890778087078,2024-04-25 23:37:27.150342,2024-04-25 23:37:32.108779,0 days 00:00:04.958437,0.30000000000000004,600.0,850.0,1.0,COMPLETE,,,,,,
27.0,0.028276535588931395,2024-04-25 23:37:32.109775,2024-04-25 23:37:37.503695,0 days 00:00:05.393920,0.4,780.0,710.0,1.0,COMPLETE,,,,,,
28.0,0.011085474541296492,2024-04-25 23:37:37.504697,2024-04-25 23:37:41.444532,0 days 00:00:03.939835,0.6,920.0,440.0,1.0,COMPLETE,,,,,,
29.0,0.06095208799772145,2024-04-25 23:37:41.445533,2024-04-25 23:37:45.533173,0 days 00:00:04.087640,0.5,520.0,780.0,1.0,COMPLETE,,,,,,
30.0,0.0008748487159664364,2024-04-25 23:37:45.534150,2024-04-25 23:37:51.481617,0 days 00:00:05.947467,0.2,780.0,810.0,1.0,COMPLETE,,,,,,
31.0,0.0029519445250638654,2024-04-25 23:37:51.482621,2024-04-25 23:37:57.768958,0 days 00:00:06.286337,0.2,820.0,810.0,1.0,COMPLETE,,,,,,
32.0,0.027048418676770325,2024-04-25 23:37:57.769948,2024-04-25 23:38:03.141432,0 days 00:00:05.371484,0.30000000000000004,700.0,800.0,1.0,COMPLETE,,,,,,
33.0,0.00014990842520390402,2024-04-25 23:38:03.142433,2024-04-25 23:38:07.824809,0 days 00:00:04.682376,0.1,820.0,630.0,1.0,COMPLETE,,,,,,
34.0,0.011949806397490548,2024-04-25 23:38:07.825810,2024-04-25 23:38:11.681375,0 days 00:00:03.855565,0.1,660.0,650.0,1.0,COMPLETE,,,,,,
35.0,0.007083051033301757,2024-04-25 23:38:11.682375,2024-04-25 23:38:16.182246,0 days 00:00:04.499871,0.1,740.0,670.0,1.0,COMPLETE,,,,,,
36.0,0.030376695171876023,2024-04-25 23:38:16.183246,2024-04-25 23:38:19.833076,0 days 00:00:03.649830,0.1,540.0,740.0,1.0,COMPLETE,,,,,,
37.0,0.05081617699077512,2024-04-25 23:38:19.835074,2024-04-25 23:38:24.375643,0 days 00:00:04.540569,0.4,780.0,610.0,1.0,COMPLETE,,,,,,
38.0,0.00016639055099254563,2024-04-25 23:38:24.376644,2024-04-25 23:38:32.824478,0 days 00:00:08.447834,0.30000000000000004,920.0,950.0,1.0,COMPLETE,,,,,,
39.0,0.0015312627563712766,2024-04-25 23:38:32.826454,2024-04-25 23:38:41.251598,0 days 00:00:08.425144,0.2,920.0,950.0,2.0,COMPLETE,,,,,,
40.0,0.008887515880084962,2024-04-25 23:38:41.252599,2024-04-25 23:38:49.361647,0 days 00:00:08.109048,0.1,920.0,940.0,2.0,COMPLETE,,,,,,
41.0,0.002804176794727553,2024-04-25 23:38:49.363646,2024-04-25 23:38:58.004414,0 days 00:00:08.640768,0.2,920.0,970.0,2.0,COMPLETE,,,,,,
42.0,0.0003451239571763409,2024-04-25 23:38:58.005415,2024-04-25 23:39:06.390938,0 days 00:00:08.385523,0.30000000000000004,860.0,1000.0,2.0,COMPLETE,,,,,,
43.0,0.003163563024727978,2024-04-25 23:39:06.391938,2024-04-25 23:39:14.387932,0 days 00:00:07.995994,0.2,840.0,990.0,2.0,COMPLETE,,,,,,
44.0,0.0043077539480691485,2024-04-25 23:39:14.388929,2024-04-25 23:39:22.778928,0 days 00:00:08.389999,0.4,900.0,940.0,2.0,COMPLETE,,,,,,
45.0,0.009857438223136228,2024-04-25 23:39:22.779928,2024-04-25 23:39:32.190683,0 days 00:00:09.410755,0.1,1000.0,1000.0,2.0,COMPLETE,,,,,,
46.0,0.000640433687244979,2024-04-25 23:39:32.191683,2024-04-25 23:39:38.915473,0 days 00:00:06.723790,0.30000000000000004,940.0,760.0,2.0,COMPLETE,,,,,,
47.0,0.0053383943919325105,2024-04-25 23:39:38.916473,2024-04-25 23:39:45.549318,0 days 00:00:06.632845,0.4,940.0,740.0,2.0,COMPLETE,,,,,,
48.0,0.008792946938065427,2024-04-25 23:39:45.550317,2024-04-25 23:39:52.504203,0 days 00:00:06.953886,0.6,840.0,820.0,2.0,COMPLETE,,,,,,
49.0,0.042802709920360726,2024-04-25 23:39:52.505205,2024-04-25 23:39:56.219452,0 days 00:00:03.714247,0.30000000000000004,740.0,550.0,2.0,COMPLETE,,,,,,
50.0,0.015221083069640429,2024-04-25 23:39:56.220451,2024-04-25 23:40:02.555727,0 days 00:00:06.335276,0.7000000000000001,960.0,660.0,2.0,COMPLETE,,,,,,
51.0,0.002838377254651192,2024-04-25 23:40:02.556727,2024-04-25 23:40:10.171480,0 days 00:00:07.614753,0.2,880.0,920.0,2.0,COMPLETE,,,,,,
52.0,0.008651672614046646,2024-04-25 23:40:10.172626,2024-04-25 23:40:16.050198,0 days 00:00:05.877572,0.30000000000000004,820.0,760.0,2.0,COMPLETE,,,,,,
53.0,0.004508092853383161,2024-04-25 23:40:16.052220,2024-04-25 23:40:21.291654,0 days 00:00:05.239434,0.2,960.0,610.0,2.0,COMPLETE,,,,,,
54.0,0.02277764868973975,2024-04-25 23:40:21.292654,2024-04-25 23:40:28.155030,0 days 00:00:06.862376,0.1,900.0,830.0,2.0,COMPLETE,,,,,,
55.0,0.021711931889162983,2024-04-25 23:40:28.156030,2024-04-25 23:40:37.023195,0 days 00:00:08.867165,0.4,1000.0,910.0,2.0,COMPLETE,,,,,,
56.0,0.002939272419459016,2024-04-25 23:40:37.024191,2024-04-25 23:40:40.757190,0 days 00:00:03.732999,0.30000000000000004,400.0,960.0,2.0,COMPLETE,,,,,,
57.0,0.02589483183779251,2024-04-25 23:40:40.759191,2024-04-25 23:40:47.046917,0 days 00:00:06.287726,0.9,860.0,700.0,2.0,COMPLETE,,,,,,
58.0,0.0055494484633307195,2024-04-25 23:40:47.048919,2024-04-25 23:40:50.103465,0 days 00:00:03.054546,0.2,740.0,470.0,2.0,COMPLETE,,,,,,
59.0,0.016730323779587053,2024-04-25 23:40:50.105456,2024-04-25 23:40:52.667270,0 days 00:00:02.561814,0.30000000000000004,940.0,310.0,2.0,COMPLETE,,,,,,
60.0,0.00436411753664423,2024-04-25 23:40:52.668269,2024-04-25 23:40:57.892702,0 days 00:00:05.224433,0.2,660.0,840.0,1.0,COMPLETE,,,,,,
61.0,0.0018455843383069492,2024-04-25 23:40:57.893678,2024-04-25 23:41:04.951067,0 days 00:00:07.057389,0.30000000000000004,820.0,890.0,1.0,COMPLETE,,,,,,
62.0,0.000756489416602335,2024-04-25 23:41:04.952067,2024-04-25 23:41:12.014199,0 days 00:00:07.062132,0.30000000000000004,820.0,890.0,1.0,COMPLETE,,,,,,
63.0,0.04018471983522787,2024-04-25 23:41:12.015183,2024-04-25 23:41:19.497845,0 days 00:00:07.482662,0.2,880.0,900.0,1.0,COMPLETE,,,,,,
64.0,0.005924463378052636,2024-04-25 23:41:19.498844,2024-04-25 23:41:22.143922,0 days 00:00:02.645078,0.30000000000000004,280.0,960.0,1.0,COMPLETE,,,,,,
65.0,0.008887243103769649,2024-04-25 23:41:22.144923,2024-04-25 23:41:28.841426,0 days 00:00:06.696503,0.5,780.0,860.0,1.0,COMPLETE,,,,,,
66.0,0.0045028394456547716,2024-04-25 23:41:28.843427,2024-04-25 23:41:36.811749,0 days 00:00:07.968322,0.4,840.0,950.0,1.0,COMPLETE,,,,,,
67.0,0.0543652062434532,2024-04-25 23:41:36.812750,2024-04-25 23:41:40.068973,0 days 00:00:03.256223,0.1,460.0,780.0,1.0,COMPLETE,,,,,,
68.0,0.0061087666956289866,2024-04-25 23:41:40.069973,2024-04-25 23:41:48.778899,0 days 00:00:08.708926,0.2,900.0,1000.0,1.0,COMPLETE,,,,,,
69.0,0.05220753060176264,2024-04-25 23:41:48.779906,2024-04-25 23:41:52.236856,0 days 00:00:03.456950,0.4,660.0,560.0,1.0,COMPLETE,,,,,,
70.0,0.004067936727960131,2024-04-25 23:41:52.237857,2024-04-25 23:42:00.870568,0 days 00:00:08.632711,0.30000000000000004,960.0,920.0,1.0,COMPLETE,,,,,,
71.0,0.03251020108323921,2024-04-25 23:42:00.871567,2024-04-25 23:42:07.852782,0 days 00:00:06.981215,0.30000000000000004,820.0,880.0,1.0,COMPLETE,,,,,,
72.0,0.003354565289013678,2024-04-25 23:42:07.853767,2024-04-25 23:42:14.778276,0 days 00:00:06.924509,0.30000000000000004,800.0,900.0,1.0,COMPLETE,,,,,,
73.0,0.0018742725088820578,2024-04-25 23:42:14.779274,2024-04-25 23:42:21.488098,0 days 00:00:06.708824,0.2,860.0,830.0,1.0,COMPLETE,,,,,,
74.0,0.006159726382685804,2024-04-25 23:42:21.489101,2024-04-25 23:42:26.793413,0 days 00:00:05.304312,0.30000000000000004,760.0,740.0,1.0,COMPLETE,,,,,,
75.0,0.025933192204483646,2024-04-25 23:42:26.794506,2024-04-25 23:42:34.372445,0 days 00:00:07.577939,0.2,920.0,870.0,1.0,COMPLETE,,,,,,
76.0,0.00183303412638125,2024-04-25 23:42:34.373447,2024-04-25 23:42:39.411541,0 days 00:00:05.038094,0.1,820.0,680.0,1.0,COMPLETE,,,,,,
77.0,0.03221353546100225,2024-04-25 23:42:39.412543,2024-04-25 23:42:43.840100,0 days 00:00:04.427557,0.1,720.0,680.0,1.0,COMPLETE,,,,,,
78.0,0.07521844178183557,2024-04-25 23:42:43.841121,2024-04-25 23:42:44.987580,0 days 00:00:01.146459,0.1,160.0,760.0,2.0,COMPLETE,,,,,,
79.0,0.3019876942609958,2024-04-25 23:42:44.988580,2024-04-25 23:42:45.213613,0 days 00:00:00.225033,0.1,20.0,980.0,1.0,COMPLETE,,,,,,
80.0,0.005371404204668195,2024-04-25 23:42:45.215608,2024-04-25 23:42:50.655271,0 days 00:00:05.439663,0.1,980.0,620.0,1.0,COMPLETE,,,,,,
81.0,0.00142674707519852,2024-04-25 23:42:50.657290,2024-04-25 23:42:56.692822,0 days 00:00:06.035532,0.2,800.0,800.0,1.0,COMPLETE,,,,,,
82.0,0.00702882770764468,2024-04-25 23:42:56.694988,2024-04-25 23:43:01.369644,0 days 00:00:04.674656,0.2,800.0,640.0,1.0,COMPLETE,,,,,,
83.0,0.002680921973189143,2024-04-25 23:43:01.370668,2024-04-25 23:43:07.112513,0 days 00:00:05.741845,0.2,860.0,730.0,1.0,COMPLETE,,,,,,
84.0,0.015626564823293165,2024-04-25 23:43:07.113489,2024-04-25 23:43:12.711355,0 days 00:00:05.597866,0.1,760.0,800.0,1.0,COMPLETE,,,,,,
85.0,0.0886921142882997,2024-04-25 23:43:12.712357,2024-04-25 23:43:13.694357,0 days 00:00:00.982000,0.2,940.0,120.0,1.0,COMPLETE,,,,,,
86.0,0.002140655571155392,2024-04-25 23:43:13.695357,2024-04-25 23:43:19.329186,0 days 00:00:05.633829,0.2,900.0,690.0,2.0,COMPLETE,,,,,,
87.0,0.005236411294978538,2024-04-25 23:43:19.330187,2024-04-25 23:43:25.074147,0 days 00:00:05.743960,0.1,840.0,760.0,1.0,COMPLETE,,,,,,
88.0,0.00037164670595757343,2024-04-25 23:43:25.075142,2024-04-25 23:43:33.173405,0 days 00:00:08.098263,0.4,880.0,930.0,2.0,COMPLETE,,,,,,
89.0,0.004269088009975164,2024-04-25 23:43:33.174382,2024-04-25 23:43:41.442897,0 days 00:00:08.268515,0.4,900.0,930.0,2.0,COMPLETE,,,,,,
90.0,0.026838881740577136,2024-04-25 23:43:41.444910,2024-04-25 23:43:49.276816,0 days 00:00:07.831906,0.30000000000000004,940.0,850.0,2.0,COMPLETE,,,,,,
91.0,0.004951126328281319,2024-04-25 23:43:49.277808,2024-04-25 23:43:58.017578,0 days 00:00:08.739770,0.5,880.0,970.0,2.0,COMPLETE,,,,,,
92.0,0.016359542222330603,2024-04-25 23:43:58.019558,2024-04-25 23:44:04.582014,0 days 00:00:06.562456,0.4,840.0,810.0,2.0,COMPLETE,,,,,,
93.0,0.017352153589161645,2024-04-25 23:44:04.583014,2024-04-25 23:44:11.812215,0 days 00:00:07.229201,0.30000000000000004,800.0,940.0,2.0,COMPLETE,,,,,,
94.0,0.004559859411108036,2024-04-25 23:44:11.813219,2024-04-25 23:44:18.810263,0 days 00:00:06.997044,0.2,980.0,770.0,2.0,COMPLETE,,,,,,
95.0,0.01610888510872499,2024-04-25 23:44:18.811266,2024-04-25 23:44:22.834171,0 days 00:00:04.022905,0.30000000000000004,760.0,580.0,2.0,COMPLETE,,,,,,
96.0,0.008539839205214506,2024-04-25 23:44:22.835182,2024-04-25 23:44:28.541424,0 days 00:00:05.706242,0.2,860.0,720.0,1.0,COMPLETE,,,,,,
97.0,0.006208260215107231,2024-04-25 23:44:28.542425,2024-04-25 23:44:35.657301,0 days 00:00:07.114876,0.4,720.0,980.0,2.0,COMPLETE,,,,,,
98.0,0.02862749738502046,2024-04-25 23:44:35.658305,2024-04-25 23:44:42.925655,0 days 00:00:07.267350,0.30000000000000004,820.0,910.0,1.0,COMPLETE,,,,,,
99.0,0.0030094561713838175,2024-04-25 23:44:42.926656,2024-04-25 23:44:45.929215,0 days 00:00:03.002559,0.1,920.0,380.0,1.0,COMPLETE,,,,,,
100.0,0.0021617228805457245,2024-04-25 23:44:45.930213,2024-04-25 23:44:53.080708,0 days 00:00:07.150495,0.30000000000000004,880.0,850.0,2.0,COMPLETE,,,,,,
101.0,0.0007744720165234753,2024-04-25 23:44:53.081707,2024-04-25 23:45:00.043700,0 days 00:00:06.961993,0.30000000000000004,820.0,880.0,1.0,COMPLETE,,,,,,
102.0,0.020471639439023193,2024-04-25 23:45:00.045683,2024-04-25 23:45:06.841453,0 days 00:00:06.795770,0.30000000000000004,800.0,880.0,1.0,COMPLETE,,,,,,
103.0,0.025916190841201114,2024-04-25 23:45:06.842453,2024-04-25 23:45:14.395456,0 days 00:00:07.553003,0.2,780.0,1000.0,1.0,COMPLETE,,,,,,
104.0,0.025145345398218666,2024-04-25 23:45:14.396458,2024-04-25 23:45:22.810062,0 days 00:00:08.413604,0.4,880.0,950.0,1.0,COMPLETE,,,,,,
105.0,0.007806368372374806,2024-04-25 23:45:22.812062,2024-04-25 23:45:28.119933,0 days 00:00:05.307871,0.30000000000000004,680.0,810.0,1.0,COMPLETE,,,,,,
106.0,0.06744671200931052,2024-04-25 23:45:28.120931,2024-04-25 23:45:31.972392,0 days 00:00:03.851461,0.2,860.0,500.0,1.0,COMPLETE,,,,,,
107.0,0.0129327146211633,2024-04-25 23:45:31.973369,2024-04-25 23:45:38.668295,0 days 00:00:06.694926,0.4,820.0,830.0,1.0,COMPLETE,,,,,,
108.0,0.006456571010367895,2024-04-25 23:45:38.669294,2024-04-25 23:45:45.820150,0 days 00:00:07.150856,0.30000000000000004,940.0,790.0,1.0,COMPLETE,,,,,,
109.0,0.011251222768382974,2024-04-25 23:45:45.821147,2024-04-25 23:45:53.539410,0 days 00:00:07.718263,0.2,900.0,900.0,2.0,COMPLETE,,,,,,
110.0,0.028684001965325834,2024-04-25 23:45:53.541441,2024-04-25 23:46:00.922357,0 days 00:00:07.380916,0.1,840.0,930.0,1.0,COMPLETE,,,,,,
111.0,0.01711377312471285,2024-04-25 23:46:00.923357,2024-04-25 23:46:07.566431,0 days 00:00:06.643074,0.30000000000000004,760.0,890.0,1.0,COMPLETE,,,,,,
112.0,0.02119841202409134,2024-04-25 23:46:07.567431,2024-04-25 23:46:15.404096,0 days 00:00:07.836665,0.30000000000000004,820.0,970.0,1.0,COMPLETE,,,,,,
113.0,0.0018166087759201588,2024-04-25 23:46:15.405264,2024-04-25 23:46:21.900735,0 days 00:00:06.495471,0.30000000000000004,780.0,860.0,1.0,COMPLETE,,,,,,
114.0,0.014561473150651594,2024-04-25 23:46:21.901735,2024-04-25 23:46:28.066176,0 days 00:00:06.164441,0.4,740.0,840.0,1.0,COMPLETE,,,,,,
115.0,0.002384547698682127,2024-04-25 23:46:28.067186,2024-04-25 23:46:36.910096,0 days 00:00:08.842910,0.7000000000000001,980.0,860.0,1.0,COMPLETE,,,,,,
116.0,0.017220833714027606,2024-04-25 23:46:36.911104,2024-04-25 23:46:42.042940,0 days 00:00:05.131836,0.2,780.0,710.0,1.0,COMPLETE,,,,,,
117.0,0.0023973494955651375,2024-04-25 23:46:42.043962,2024-04-25 23:46:50.254860,0 days 00:00:08.210898,0.30000000000000004,920.0,920.0,1.0,COMPLETE,,,,,,
118.0,0.019131889755271914,2024-04-25 23:46:50.256835,2024-04-25 23:46:56.259485,0 days 00:00:06.002650,0.30000000000000004,700.0,880.0,2.0,COMPLETE,,,,,,
119.0,0.008681343216686344,2024-04-25 23:46:56.260459,2024-04-25 23:47:03.295906,0 days 00:00:07.035447,0.2,860.0,860.0,1.0,COMPLETE,,,,,,
120.0,0.03519149064767646,2024-04-25 23:47:03.296904,2024-04-25 23:47:08.800269,0 days 00:00:05.503365,0.1,800.0,750.0,1.0,COMPLETE,,,,,,
121.0,0.0011916683270616346,2024-04-25 23:47:08.801270,2024-04-25 23:47:16.628260,0 days 00:00:07.826990,0.30000000000000004,840.0,950.0,1.0,COMPLETE,,,,,,
122.0,0.019014641539076393,2024-04-25 23:47:16.629281,2024-04-25 23:47:24.108268,0 days 00:00:07.478987,0.30000000000000004,800.0,950.0,1.0,COMPLETE,,,,,,
123.0,0.010890554044619805,2024-04-25 23:47:24.109283,2024-04-25 23:47:31.592431,0 days 00:00:07.483148,0.30000000000000004,840.0,910.0,1.0,COMPLETE,,,,,,
124.0,0.027804552457881826,2024-04-25 23:47:31.593408,2024-04-25 23:47:39.825847,0 days 00:00:08.232439,0.30000000000000004,880.0,960.0,1.0,COMPLETE,,,,,,
125.0,0.0016268430610217877,2024-04-25 23:47:39.826824,2024-04-25 23:47:43.345270,0 days 00:00:03.518446,0.4,340.0,990.0,1.0,COMPLETE,,,,,,
126.0,0.010388349501932126,2024-04-25 23:47:43.346271,2024-04-25 23:47:45.461691,0 days 00:00:02.115420,0.5,220.0,930.0,1.0,COMPLETE,,,,,,
127.0,0.06648860839528759,2024-04-25 23:47:45.462689,2024-04-25 23:47:50.428520,0 days 00:00:04.965831,0.4,500.0,990.0,2.0,COMPLETE,,,,,,
128.0,0.009390699276293546,2024-04-25 23:47:50.429515,2024-04-25 23:47:54.395044,0 days 00:00:03.965529,0.6,380.0,990.0,1.0,COMPLETE,,,,,,
129.0,0.0017630597717612773,2024-04-25 23:47:54.396043,2024-04-25 23:48:00.048460,0 days 00:00:05.652417,0.4,580.0,970.0,1.0,COMPLETE,,,,,,
130.0,0.007817447078608097,2024-04-25 23:48:00.049461,2024-04-25 23:48:05.602444,0 days 00:00:05.552983,0.5,560.0,970.0,2.0,COMPLETE,,,,,,
131.0,0.009019269914881889,2024-04-25 23:48:05.603445,2024-04-25 23:48:09.618837,0 days 00:00:04.015392,0.4,420.0,950.0,1.0,COMPLETE,,,,,,
132.0,0.1404424292114257,2024-04-25 23:48:09.619838,2024-04-25 23:48:10.364838,0 days 00:00:00.745000,0.4,80.0,900.0,1.0,COMPLETE,,,,,,
133.0,0.007737826792007851,2024-04-25 23:48:10.365840,2024-04-25 23:48:19.999194,0 days 00:00:09.633354,0.4,960.0,1000.0,1.0,COMPLETE,,,,,,
134.0,0.011947012310095317,2024-04-25 23:48:20.000174,2024-04-25 23:48:26.055729,0 days 00:00:06.055555,0.30000000000000004,620.0,940.0,1.0,COMPLETE,,,,,,
135.0,0.007672578208653746,2024-04-25 23:48:26.056728,2024-04-25 23:48:29.516371,0 days 00:00:03.459643,0.4,340.0,970.0,1.0,COMPLETE,,,,,,
136.0,0.00661801295322384,2024-04-25 23:48:29.517395,2024-04-25 23:48:32.138171,0 days 00:00:02.620776,0.30000000000000004,280.0,920.0,1.0,COMPLETE,,,,,,
137.0,0.004714185709145724,2024-04-25 23:48:32.140171,2024-04-25 23:48:39.440066,0 days 00:00:07.299895,0.30000000000000004,920.0,820.0,1.0,COMPLETE,,,,,,
138.0,0.0025838505122308675,2024-04-25 23:48:39.442085,2024-04-25 23:48:47.374288,0 days 00:00:07.932203,0.5,900.0,880.0,2.0,COMPLETE,,,,,,
139.0,0.01295083010643161,2024-04-25 23:48:47.376087,2024-04-25 23:48:53.143465,0 days 00:00:05.767378,0.2,600.0,980.0,1.0,COMPLETE,,,,,,
140.0,0.018280417658544934,2024-04-25 23:48:53.144466,2024-04-25 23:48:57.401081,0 days 00:00:04.256615,0.4,440.0,950.0,1.0,COMPLETE,,,,,,
141.0,0.0057390403165129555,2024-04-25 23:48:57.402082,2024-04-25 23:49:03.740749,0 days 00:00:06.338667,0.30000000000000004,840.0,780.0,1.0,COMPLETE,,,,,,
142.0,0.0005105432933252274,2024-04-25 23:49:03.741772,2024-04-25 23:49:10.729269,0 days 00:00:06.987497,0.2,760.0,930.0,1.0,COMPLETE,,,,,,
143.0,0.0117788081192991,2024-04-25 23:49:10.730268,2024-04-25 23:49:17.319336,0 days 00:00:06.589068,0.2,740.0,910.0,1.0,COMPLETE,,,,,,
144.0,0.013333949662946765,2024-04-25 23:49:17.321397,2024-04-25 23:49:23.763971,0 days 00:00:06.442574,0.2,760.0,870.0,1.0,COMPLETE,,,,,,
145.0,0.005128960268654836,2024-04-25 23:49:23.765685,2024-04-25 23:49:31.019946,0 days 00:00:07.254261,0.30000000000000004,780.0,930.0,1.0,COMPLETE,,,,,,
146.0,0.004292527295625348,2024-04-25 23:49:31.020946,2024-04-25 23:49:39.431398,0 days 00:00:08.410452,0.2,860.0,1000.0,1.0,COMPLETE,,,,,,
147.0,0.019208185219509843,2024-04-25 23:49:39.432399,2024-04-25 23:49:46.047371,0 days 00:00:06.614972,0.30000000000000004,820.0,840.0,2.0,COMPLETE,,,,,,
148.0,0.004476959956534188,2024-04-25 23:49:46.048371,2024-04-25 23:49:52.880122,0 days 00:00:06.831751,0.2,800.0,890.0,1.0,COMPLETE,,,,,,
