number,value,datetime_start,datetime_complete,duration,params_alpha,params_initial_temperature,params_mutation_ratio,params_no_generations,params_population_size,params_var,state,population_size,no_generations,mutation_ratio,var,initial_temperature,alpha,best_value,record_type
713.0,0.029280906770253523,2024-04-26 04:01:07.381031,2024-04-26 04:01:09.591706,0 days 00:00:02.210675,0.8725018242214605,75.0,0.28037816405210136,553.0,427.0,2.0,COMPLETE,,,,,,,,
714.0,0.017710439252862642,2024-04-26 04:01:09.593706,2024-04-26 04:01:11.607107,0 days 00:00:02.013401,0.7853208063532269,209.0,0.21907083646139372,482.0,449.0,2.0,COMPLETE,,,,,,,,
715.0,0.02940757089575996,2024-04-26 04:01:11.608108,2024-04-26 04:01:13.478787,0 days 00:00:01.870679,0.6340619957624113,63.0,0.32749916209866103,501.0,393.0,2.0,COMPLETE,,,,,,,,
716.0,0.030478400058500554,2024-04-26 04:01:13.480788,2024-04-26 04:01:15.819679,0 days 00:00:02.338891,0.84352309512911,162.0,0.3069172638468043,534.0,464.0,2.0,COMPLETE,,,,,,,,
717.0,0.0320270514225065,2024-04-26 04:01:15.821658,2024-04-26 04:01:17.701686,0 days 00:00:01.880028,0.8265165528977153,117.0,0.26885662493949697,491.0,408.0,2.0,COMPLETE,,,,,,,,
718.0,0.04624056039584801,2024-04-26 04:01:17.703686,2024-04-26 04:01:19.637501,0 days 00:00:01.933815,0.8551954519737872,55.0,0.19307203868409356,477.0,437.0,2.0,COMPLETE,,,,,,,,
719.0,0.02049381424718355,2024-04-26 04:01:19.639501,2024-04-26 04:01:21.437054,0 days 00:00:01.797553,0.4877334303693246,86.0,0.23901969053396122,453.0,422.0,2.0,COMPLETE,,,,,,,,
720.0,0.006088923035967753,2024-04-26 04:01:21.438157,2024-04-26 04:01:23.603848,0 days 00:00:02.165691,0.8123127365564126,180.0,0.36387453672482606,509.0,445.0,2.0,COMPLETE,,,,,,,,
721.0,0.044246765837943514,2024-04-26 04:01:23.605848,2024-04-26 04:01:25.500430,0 days 00:00:01.894582,0.8370365666632548,150.0,0.2538930812196488,463.0,434.0,2.0,COMPLETE,,,,,,,,
722.0,0.0038017177006874903,2024-04-26 04:01:25.502432,2024-04-26 04:01:27.556895,0 days 00:00:02.054463,0.881270157417043,106.0,0.16845902670940352,541.0,414.0,2.0,COMPLETE,,,,,,,,
723.0,0.05619176198003473,2024-04-26 04:01:27.558899,2024-04-26 04:01:29.100567,0 days 00:00:01.541668,0.7919000010596575,139.0,0.20694783946767406,519.0,319.0,2.0,COMPLETE,,,,,,,,
724.0,0.07593508262843329,2024-04-26 04:01:29.101567,2024-04-26 04:01:31.004370,0 days 00:00:01.902803,0.5946323965512059,77.0,0.2941236000398435,499.0,401.0,2.0,COMPLETE,,,,,,,,
725.0,0.07432462571880372,2024-04-26 04:01:31.005367,2024-04-26 04:01:32.461029,0 days 00:00:01.455662,0.8201929480310304,96.0,0.5383774329958755,481.0,300.0,2.0,COMPLETE,,,,,,,,
726.0,0.05657983297130009,2024-04-26 04:01:32.462033,2024-04-26 04:01:34.705736,0 days 00:00:02.243703,0.3545614208314406,154.0,0.22873914822811195,525.0,460.0,2.0,COMPLETE,,,,,,,,
727.0,0.015784697043445206,2024-04-26 04:01:34.706738,2024-04-26 04:01:36.542034,0 days 00:00:01.835296,0.8565324677490246,199.0,0.26229645269326124,508.0,386.0,2.0,COMPLETE,,,,,,,,
728.0,0.00913165715703812,2024-04-26 04:01:36.544036,2024-04-26 04:01:38.587348,0 days 00:00:02.043312,0.8390583429533787,124.0,0.5193299789417015,489.0,425.0,2.0,COMPLETE,,,,,,,,
729.0,0.02176799758713166,2024-04-26 04:01:38.588975,2024-04-26 04:01:41.003702,0 days 00:00:02.414727,0.8991838606401876,171.0,0.14804779935118959,592.0,449.0,2.0,COMPLETE,,,,,,,,
730.0,0.016860283281825872,2024-04-26 04:01:41.005681,2024-04-26 04:01:43.097023,0 days 00:00:02.091342,0.8704467867915054,145.0,0.32652453197434833,496.0,442.0,2.0,COMPLETE,,,,,,,,
731.0,0.009916304980448487,2024-04-26 04:01:43.099025,2024-04-26 04:01:44.938458,0 days 00:00:01.839433,0.7221322264478666,70.0,0.18862887340221518,474.0,414.0,2.0,COMPLETE,,,,,,,,
732.0,0.048674230319910805,2024-04-26 04:01:44.939436,2024-04-26 04:01:47.001866,0 days 00:00:02.062430,0.8070179340578754,164.0,0.20931123771776616,515.0,432.0,2.0,COMPLETE,,,,,,,,
733.0,0.008318117510306422,2024-04-26 04:01:47.002864,2024-04-26 04:01:48.796672,0 days 00:00:01.793808,0.8299132677945412,186.0,0.2783368423589632,468.0,404.0,2.0,COMPLETE,,,,,,,,
734.0,0.01079764117286075,2024-04-26 04:01:48.798349,2024-04-26 04:01:51.153327,0 days 00:00:02.354978,0.8473918756561908,64.0,0.3111526442066206,532.0,468.0,2.0,COMPLETE,,,,,,,,
735.0,0.030857640750658888,2024-04-26 04:01:51.154305,2024-04-26 04:01:53.322470,0 days 00:00:02.168165,0.3306811349621623,133.0,0.2359920815400557,507.0,455.0,2.0,COMPLETE,,,,,,,,
736.0,0.0713050115827869,2024-04-26 04:01:53.324448,2024-04-26 04:01:55.282044,0 days 00:00:01.957596,0.7979424610371647,90.0,0.34260222146778097,523.0,394.0,2.0,COMPLETE,,,,,,,,
737.0,0.11521365204433387,2024-04-26 04:01:55.283021,2024-04-26 04:01:56.748829,0 days 00:00:01.465808,0.8201587996966233,119.0,0.17928251650229424,578.0,275.0,2.0,COMPLETE,,,,,,,,
738.0,0.03845802940666232,2024-04-26 04:01:56.749828,2024-04-26 04:01:58.724941,0 days 00:00:01.975113,0.1326225499009575,112.0,0.22270258380527194,501.0,422.0,2.0,COMPLETE,,,,,,,,
739.0,0.013720755066547241,2024-04-26 04:01:58.725940,2024-04-26 04:02:00.738643,0 days 00:00:02.012703,0.8851841525794653,157.0,0.2538403546185022,485.0,440.0,2.0,COMPLETE,,,,,,,,
740.0,0.04064304526265339,2024-04-26 04:02:00.740622,2024-04-26 04:02:02.344590,0 days 00:00:01.603968,0.868649471906736,222.0,0.29182798102916935,514.0,329.0,2.0,COMPLETE,,,,,,,,
741.0,0.07754839374561229,2024-04-26 04:02:02.346567,2024-04-26 04:02:04.384300,0 days 00:00:02.037733,0.1124546830320142,81.0,0.2030869466815557,457.0,475.0,2.0,COMPLETE,,,,,,,,
742.0,0.0019710800633685466,2024-04-26 04:02:04.385298,2024-04-26 04:02:05.637321,0 days 00:00:01.252023,0.8460737714866152,175.0,0.3732712742098763,537.0,240.0,2.0,COMPLETE,,,,,,,,
743.0,0.03779946060282491,2024-04-26 04:02:05.638324,2024-04-26 04:02:07.513474,0 days 00:00:01.875150,0.8580128368271712,131.0,0.16121530222377323,492.0,412.0,2.0,COMPLETE,,,,,,,,
744.0,0.07634685314500267,2024-04-26 04:02:07.514471,2024-04-26 04:02:09.754587,0 days 00:00:02.240116,0.8296764469416299,58.0,0.26467166013354004,553.0,431.0,2.0,COMPLETE,,,,,,,,
745.0,0.014374057753155256,2024-04-26 04:02:09.756568,2024-04-26 04:02:11.108448,0 days 00:00:01.351880,0.4412671858762267,50.0,0.4098950794740301,472.0,288.0,1.0,COMPLETE,,,,,,,,
746.0,0.024438267784811174,2024-04-26 04:02:11.109449,2024-04-26 04:02:12.486464,0 days 00:00:01.377015,0.8213665501551781,144.0,0.30774087310857945,306.0,459.0,2.0,COMPLETE,,,,,,,,
747.0,0.009199477672542145,2024-04-26 04:02:12.491465,2024-04-26 04:02:14.539192,0 days 00:00:02.047727,0.8053121829227333,98.0,0.24142090098845087,482.0,448.0,2.0,COMPLETE,,,,,,,,
748.0,0.006900909899165697,2024-04-26 04:02:14.540192,2024-04-26 04:02:16.518308,0 days 00:00:01.978116,0.543542163350321,161.0,0.21788165905380086,502.0,418.0,2.0,COMPLETE,,,,,,,,
749.0,0.003980193071711824,2024-04-26 04:02:16.519993,2024-04-26 04:02:18.698321,0 days 00:00:02.178328,0.7764843978860707,68.0,0.27983597418714873,527.0,438.0,2.0,COMPLETE,,,,,,,,
750.0,0.029009217751854166,2024-04-26 04:02:18.699296,2024-04-26 04:02:20.357341,0 days 00:00:01.658045,0.8549035410900487,395.0,0.18763854339061112,447.0,397.0,2.0,COMPLETE,,,,,,,,
751.0,0.002491154019317321,2024-04-26 04:02:20.358340,2024-04-26 04:02:22.443300,0 days 00:00:02.084960,0.6572966635148497,179.0,0.33231013478162946,513.0,428.0,2.0,COMPLETE,,,,,,,,
752.0,0.08805645321773525,2024-04-26 04:02:22.444299,2024-04-26 04:02:24.393988,0 days 00:00:01.949689,0.8390253941208812,151.0,0.2306152432138164,545.0,378.0,2.0,COMPLETE,,,,,,,,
753.0,0.027995543607838513,2024-04-26 04:02:24.395987,2024-04-26 04:02:26.033242,0 days 00:00:01.637255,0.8700675545760879,104.0,0.4695212798475255,493.0,341.0,2.0,COMPLETE,,,,,,,,
754.0,0.003678228175630238,2024-04-26 04:02:26.034221,2024-04-26 04:02:28.003646,0 days 00:00:01.969425,0.8870093547606059,79.0,0.2061844263204869,465.0,450.0,2.0,COMPLETE,,,,,,,,
755.0,0.0075667599206799,2024-04-26 04:02:28.004647,2024-04-26 04:02:29.793117,0 days 00:00:01.788470,0.1606829666238059,169.0,0.3556760728359224,480.0,388.0,2.0,COMPLETE,,,,,,,,
756.0,0.017029801211021933,2024-04-26 04:02:29.795097,2024-04-26 04:02:31.808243,0 days 00:00:02.013146,0.8155648699261462,215.0,0.3024503482397946,520.0,410.0,2.0,COMPLETE,,,,,,,,
757.0,0.05803469636711789,2024-04-26 04:02:31.809244,2024-04-26 04:02:34.001172,0 days 00:00:02.191928,0.8361441055334181,190.0,0.25556775209565924,505.0,461.0,2.0,COMPLETE,,,,,,,,
758.0,0.017267798945841406,2024-04-26 04:02:34.002766,2024-04-26 04:02:36.075397,0 days 00:00:02.072631,0.8559559873832451,114.0,0.289947536641696,496.0,442.0,2.0,COMPLETE,,,,,,,,
759.0,0.10201247832725535,2024-04-26 04:02:36.077398,2024-04-26 04:02:37.939660,0 days 00:00:01.862262,0.5657631156580671,134.0,0.31992274095691337,487.0,403.0,2.0,COMPLETE,,,,,,,,
760.0,0.004199274440177092,2024-04-26 04:02:37.941640,2024-04-26 04:02:40.022128,0 days 00:00:02.080488,0.6136008031132922,89.0,0.2722933825331048,529.0,419.0,2.0,COMPLETE,,,,,,,,
761.0,0.021496855809044035,2024-04-26 04:02:40.023126,2024-04-26 04:02:41.197378,0 days 00:00:01.174252,0.8039176248555304,125.0,0.1788819508511198,511.0,248.0,2.0,COMPLETE,,,,,,,,
762.0,0.023346022791185916,2024-04-26 04:02:41.199380,2024-04-26 04:02:43.291596,0 days 00:00:02.092216,0.7913726032725384,70.0,0.22020594555514547,473.0,468.0,2.0,COMPLETE,,,,,,,,
763.0,0.04391938473846935,2024-04-26 04:02:43.293604,2024-04-26 04:02:44.669851,0 days 00:00:01.376247,0.8747193393877457,145.0,0.1966288909578666,330.0,435.0,2.0,COMPLETE,,,,,,,,
764.0,0.0008273966177849701,2024-04-26 04:02:44.672099,2024-04-26 04:02:46.947964,0 days 00:00:02.275865,0.8274010611919018,155.0,0.43153753959311436,520.0,453.0,2.0,COMPLETE,,,,,,,,
765.0,0.014254725408104463,2024-04-26 04:02:46.949963,2024-04-26 04:02:49.065843,0 days 00:00:02.115880,0.19736954292317022,160.0,0.4102915381776621,516.0,425.0,2.0,COMPLETE,,,,,,,,
766.0,0.007449812944512857,2024-04-26 04:02:49.067845,2024-04-26 04:02:51.255222,0 days 00:00:02.187377,0.8251499626396673,165.0,0.42938885608443206,506.0,444.0,2.0,COMPLETE,,,,,,,,
767.0,0.06032912282998204,2024-04-26 04:02:51.256225,2024-04-26 04:02:53.459620,0 days 00:00:02.203395,0.8129102063238632,152.0,0.4388953972003163,518.0,434.0,2.0,COMPLETE,,,,,,,,
768.0,0.018704702495249137,2024-04-26 04:02:53.460621,2024-04-26 04:02:55.421091,0 days 00:00:01.960470,0.8321079920418563,177.0,0.4143587412328329,498.0,407.0,2.0,COMPLETE,,,,,,,,
769.0,0.18050741124371683,2024-04-26 04:02:55.423114,2024-04-26 04:02:57.295519,0 days 00:00:01.872405,0.7877449571435862,169.0,0.39583796138494104,509.0,381.0,2.0,COMPLETE,,,,,,,,
770.0,0.003528718093287253,2024-04-26 04:02:57.296521,2024-04-26 04:02:59.550810,0 days 00:00:02.254289,0.8198979118932201,158.0,0.38789349799669476,523.0,450.0,2.0,COMPLETE,,,,,,,,
771.0,0.009896555541482499,2024-04-26 04:02:59.552443,2024-04-26 04:03:01.586916,0 days 00:00:02.034473,0.8423148915804937,151.0,0.4388518149066711,502.0,416.0,2.0,COMPLETE,,,,,,,,
772.0,0.04174297073465638,2024-04-26 04:03:01.587916,2024-04-26 04:03:03.605834,0 days 00:00:02.017918,0.8072673457372298,168.0,0.45897912059907,483.0,426.0,2.0,COMPLETE,,,,,,,,
773.0,0.04321387173423119,2024-04-26 04:03:03.607832,2024-04-26 04:03:05.371469,0 days 00:00:01.763637,0.521923206174856,200.0,0.48803612951473474,458.0,391.0,2.0,COMPLETE,,,,,,,,
774.0,0.03614474989121241,2024-04-26 04:03:05.372469,2024-04-26 04:03:07.483732,0 days 00:00:02.111263,0.8309876515763693,159.0,0.4617429448096698,490.0,441.0,2.0,COMPLETE,,,,,,,,
775.0,0.011158633427136522,2024-04-26 04:03:07.484733,2024-04-26 04:03:09.746436,0 days 00:00:02.261703,0.7969968536438321,179.0,0.4504614520654813,513.0,454.0,2.0,COMPLETE,,,,,,,,
776.0,0.011948228482372869,2024-04-26 04:03:09.747435,2024-04-26 04:03:11.570583,0 days 00:00:01.823148,0.8429382776100348,57.0,0.37494379571900643,474.0,399.0,2.0,COMPLETE,,,,,,,,
777.0,0.03560577902091033,2024-04-26 04:03:11.571584,2024-04-26 04:03:12.664400,0 days 00:00:01.092816,0.7743688267448376,145.0,0.36775745152348077,497.0,223.0,2.0,COMPLETE,,,,,,,,
778.0,0.15738872157707995,2024-04-26 04:03:12.666392,2024-04-26 04:03:14.671267,0 days 00:00:02.004875,0.8244715930632422,188.0,0.5676622020249946,465.0,430.0,2.0,COMPLETE,,,,,,,,
779.0,0.001706663048594237,2024-04-26 04:03:14.672268,2024-04-26 04:03:16.917973,0 days 00:00:02.245705,0.8450317576925267,154.0,0.34212482338352773,506.0,465.0,2.0,COMPLETE,,,,,,,,
780.0,0.020286180154931444,2024-04-26 04:03:16.919980,2024-04-26 04:03:19.029334,0 days 00:00:02.109354,0.8129114746791314,82.0,0.38648474809703437,520.0,420.0,2.0,COMPLETE,,,,,,,,
781.0,0.041549446036656335,2024-04-26 04:03:19.031334,2024-04-26 04:03:21.089244,0 days 00:00:02.057910,0.6792932260510105,172.0,0.4045709264363864,486.0,438.0,2.0,COMPLETE,,,,,,,,
782.0,0.03428885419307193,2024-04-26 04:03:21.090243,2024-04-26 04:03:23.292599,0 days 00:00:02.202356,0.8317820552814934,163.0,0.32210479486846577,511.0,448.0,1.0,COMPLETE,,,,,,,,
783.0,0.009476609149681181,2024-04-26 04:03:23.293606,2024-04-26 04:03:25.282041,0 days 00:00:01.988435,0.8176126853887973,142.0,0.42879917597620554,495.0,414.0,2.0,COMPLETE,,,,,,,,
784.0,0.05431971522496326,2024-04-26 04:03:25.283043,2024-04-26 04:03:27.350438,0 days 00:00:02.067395,0.4244809788759678,70.0,0.3492951491785039,583.0,374.0,2.0,COMPLETE,,,,,,,,
785.0,0.11676082088623119,2024-04-26 04:03:27.351441,2024-04-26 04:03:29.516409,0 days 00:00:02.164968,0.8553594262272893,77.0,0.30906246443965235,478.0,475.0,2.0,COMPLETE,,,,,,,,
786.0,0.07970262835965691,2024-04-26 04:03:29.518410,2024-04-26 04:03:30.825411,0 days 00:00:01.307001,0.7990295229106835,61.0,0.2903117695458096,522.0,263.0,2.0,COMPLETE,,,,,,,,
787.0,0.02077624779648879,2024-04-26 04:03:30.827387,2024-04-26 04:03:33.158291,0 days 00:00:02.330904,0.3976332413726135,91.0,0.651876487368469,502.0,456.0,2.0,COMPLETE,,,,,,,,
788.0,0.02199084943570817,2024-04-26 04:03:33.159269,2024-04-26 04:03:35.305959,0 days 00:00:02.146690,0.8413562549717374,154.0,0.27524813651975033,562.0,408.0,2.0,COMPLETE,,,,,,,,
789.0,0.061592486575772654,2024-04-26 04:03:35.306960,2024-04-26 04:03:37.142745,0 days 00:00:01.835785,0.7837243944352912,183.0,0.33353960858767334,446.0,428.0,2.0,COMPLETE,,,,,,,,
790.0,0.0008875182536822734,2024-04-26 04:03:37.144749,2024-04-26 04:03:39.010819,0 days 00:00:01.866070,0.8541896028151992,50.0,0.4845581740539234,491.0,387.0,2.0,COMPLETE,,,,,,,,
791.0,0.0006240659112570768,2024-04-26 04:03:39.011819,2024-04-26 04:03:40.846400,0 days 00:00:01.834581,0.747481877886112,52.0,0.460138618785178,469.0,399.0,2.0,COMPLETE,,,,,,,,
792.0,0.02143430951715608,2024-04-26 04:03:40.847400,2024-04-26 04:03:42.635759,0 days 00:00:01.788359,0.7708668976036959,57.0,0.5021364051391428,461.0,391.0,2.0,COMPLETE,,,,,,,,
793.0,0.02336157807796546,2024-04-26 04:03:42.637738,2024-04-26 04:03:44.495707,0 days 00:00:01.857969,0.7296015001819746,66.0,0.5075921672648341,469.0,397.0,2.0,COMPLETE,,,,,,,,
794.0,0.014852589159660923,2024-04-26 04:03:44.496707,2024-04-26 04:03:46.201240,0 days 00:00:01.704533,0.7626339641577885,52.0,0.4598737821432254,457.0,381.0,2.0,COMPLETE,,,,,,,,
795.0,0.005775955669406585,2024-04-26 04:03:46.203240,2024-04-26 04:03:47.959487,0 days 00:00:01.756247,0.706369397347781,51.0,0.5018748591455205,449.0,397.0,2.0,COMPLETE,,,,,,,,
796.0,0.052101080058625016,2024-04-26 04:03:47.960485,2024-04-26 04:03:50.069557,0 days 00:00:02.109072,0.7896943549547074,50.0,0.4832253405727215,530.0,406.0,2.0,COMPLETE,,,,,,,,
797.0,0.045680203200621605,2024-04-26 04:03:50.071558,2024-04-26 04:03:51.836533,0 days 00:00:01.764975,0.7499504451237617,68.0,0.4654491190081686,465.0,387.0,2.0,COMPLETE,,,,,,,,
798.0,0.020527507437183345,2024-04-26 04:03:51.838535,2024-04-26 04:03:53.655575,0 days 00:00:01.817040,0.7359439464359406,57.0,0.4873641240576616,472.0,391.0,2.0,COMPLETE,,,,,,,,
799.0,0.010578773200949243,2024-04-26 04:03:53.656586,2024-04-26 04:03:55.665321,0 days 00:00:02.008735,0.7611924912607848,50.0,0.4459962793129276,515.0,402.0,2.0,COMPLETE,,,,,,,,
800.0,0.10409618837926615,2024-04-26 04:03:55.666319,2024-04-26 04:03:57.368370,0 days 00:00:01.702051,0.7400113278787366,59.0,0.4618282224594956,452.0,382.0,2.0,COMPLETE,,,,,,,,
801.0,0.01922818220701039,2024-04-26 04:03:57.369371,2024-04-26 04:03:59.424175,0 days 00:00:02.054804,0.7698072300366314,56.0,0.48535294174801524,527.0,396.0,2.0,COMPLETE,,,,,,,,
802.0,0.10563325153541214,2024-04-26 04:03:59.426176,2024-04-26 04:04:01.197698,0 days 00:00:01.771522,0.22962020668199573,63.0,0.4503530755920313,467.0,386.0,2.0,COMPLETE,,,,,,,,
803.0,0.03293180406462959,2024-04-26 04:04:01.199700,2024-04-26 04:04:03.202394,0 days 00:00:02.002694,0.858816561794703,61.0,0.47818322051413814,508.0,404.0,2.0,COMPLETE,,,,,,,,
804.0,0.008602417507136195,2024-04-26 04:04:03.204395,2024-04-26 04:04:05.398406,0 days 00:00:02.194011,0.13865037869474575,50.0,0.4307822139997082,489.0,461.0,2.0,COMPLETE,,,,,,,,
805.0,0.02035371078190451,2024-04-26 04:04:05.399407,2024-04-26 04:04:07.675043,0 days 00:00:02.275636,0.7794723553466982,71.0,0.47475634196343824,517.0,451.0,2.0,COMPLETE,,,,,,,,
806.0,0.019896961375865274,2024-04-26 04:04:07.677043,2024-04-26 04:04:09.883712,0 days 00:00:02.206669,0.7555999363904948,63.0,0.4972566630671253,477.0,468.0,2.0,COMPLETE,,,,,,,,
807.0,0.03909273007761627,2024-04-26 04:04:09.885683,2024-04-26 04:04:12.291182,0 days 00:00:02.405499,0.8002017819187072,51.0,0.4713038339718445,501.0,488.0,2.0,COMPLETE,,,,,,,,
808.0,0.011015988391402942,2024-04-26 04:04:12.292182,2024-04-26 04:04:14.536505,0 days 00:00:02.244323,0.7145754072322703,59.0,0.4550746535150838,526.0,439.0,2.0,COMPLETE,,,,,,,,
809.0,0.04982304309264052,2024-04-26 04:04:14.538482,2024-04-26 04:04:16.548900,0 days 00:00:02.010418,0.8596442010083295,72.0,0.5145582776966496,510.0,398.0,2.0,COMPLETE,,,,,,,,
810.0,0.043116469735849705,2024-04-26 04:04:16.549882,2024-04-26 04:04:18.557869,0 days 00:00:02.007987,0.8511596608440886,67.0,0.44127544175775363,461.0,445.0,2.0,COMPLETE,,,,,,,,
811.0,0.11446206212633392,2024-04-26 04:04:18.559870,2024-04-26 04:04:20.421714,0 days 00:00:01.861844,0.8086892645136077,50.0,0.5023825420017347,484.0,388.0,2.0,COMPLETE,,,,,,,,
812.0,0.004382009030601708,2024-04-26 04:04:20.423713,2024-04-26 04:04:22.755342,0 days 00:00:02.331629,0.7858975566308497,78.0,0.4736400438642592,520.0,458.0,2.0,COMPLETE,,,,,,,,
813.0,0.022783721665124546,2024-04-26 04:04:22.756345,2024-04-26 04:04:25.383457,0 days 00:00:02.627112,0.8416112856065537,66.0,0.4193382039957052,570.0,478.0,2.0,COMPLETE,,,,,,,,
814.0,0.006090112572440631,2024-04-26 04:04:25.384457,2024-04-26 04:04:27.528953,0 days 00:00:02.144496,0.8658774760789242,58.0,0.46094024907985426,540.0,409.0,2.0,COMPLETE,,,,,,,,
815.0,0.10159889346744144,2024-04-26 04:04:27.529953,2024-04-26 04:04:28.682826,0 days 00:00:01.152873,0.8225251785106196,80.0,0.4800575695066363,496.0,233.0,2.0,COMPLETE,,,,,,,,
816.0,0.0709599128127465,2024-04-26 04:04:28.684423,2024-04-26 04:04:30.798139,0 days 00:00:02.113716,0.8028177995542818,60.0,0.4885301332399988,475.0,448.0,2.0,COMPLETE,,,,,,,,
817.0,0.0013458720258157086,2024-04-26 04:04:30.799118,2024-04-26 04:04:32.783296,0 days 00:00:01.984178,0.8447825648242439,74.0,0.525819194617614,508.0,394.0,2.0,COMPLETE,,,,,,,,
818.0,0.020001463612205228,2024-04-26 04:04:32.784297,2024-04-26 04:04:34.883406,0 days 00:00:02.099109,0.8192034750259451,50.0,0.49208869402705724,491.0,435.0,2.0,COMPLETE,,,,,,,,
819.0,0.006709119502652072,2024-04-26 04:04:34.885386,2024-04-26 04:04:37.013931,0 days 00:00:02.128545,0.4624970747779937,64.0,0.45802731854571277,467.0,465.0,2.0,COMPLETE,,,,,,,,
820.0,0.013079084363091908,2024-04-26 04:04:37.014932,2024-04-26 04:04:38.982256,0 days 00:00:01.967324,0.8617916335430738,79.0,0.4400029258742131,533.0,376.0,2.0,COMPLETE,,,,,,,,
821.0,0.1263269190645282,2024-04-26 04:04:38.983256,2024-04-26 04:04:40.823841,0 days 00:00:01.840585,0.6458695233843494,88.0,0.47330831890852637,454.0,411.0,2.0,COMPLETE,,,,,,,,
822.0,0.02448379077362617,2024-04-26 04:04:40.825842,2024-04-26 04:04:42.995587,0 days 00:00:02.169745,0.6939354795563217,71.0,0.42217193076931003,503.0,444.0,2.0,COMPLETE,,,,,,,,
823.0,0.025554307207452,2024-04-26 04:04:42.997585,2024-04-26 04:04:45.053275,0 days 00:00:02.055690,0.8343660913704923,209.0,0.4337773748457894,516.0,402.0,1.0,COMPLETE,,,,,,,,
824.0,0.0032714906633977137,2024-04-26 04:04:45.054275,2024-04-26 04:04:47.198318,0 days 00:00:02.144043,0.7494995308644364,89.0,0.4529412406658159,480.0,456.0,2.0,COMPLETE,,,,,,,,
825.0,0.06821281506471166,2024-04-26 04:04:47.199318,2024-04-26 04:04:48.038691,0 days 00:00:00.839373,0.508525331338558,226.0,0.1602382227988272,594.0,146.0,2.0,COMPLETE,,,,,,,,
826.0,0.030067330335016962,2024-04-26 04:04:48.039691,2024-04-26 04:04:50.024051,0 days 00:00:01.984360,0.15499048451471276,97.0,0.1225162001561802,522.0,417.0,2.0,COMPLETE,,,,,,,,
827.0,0.029725791087566122,2024-04-26 04:04:50.025199,2024-04-26 04:04:52.084558,0 days 00:00:02.059359,0.8501160575152351,60.0,0.5013585307249941,488.0,429.0,2.0,COMPLETE,,,,,,,,
828.0,0.0192170993651537,2024-04-26 04:04:52.086560,2024-04-26 04:04:54.309795,0 days 00:00:02.223235,0.7951705561795589,66.0,0.47262692935734074,501.0,452.0,2.0,COMPLETE,,,,,,,,
829.0,0.11355089166955246,2024-04-26 04:04:54.311776,2024-04-26 04:04:56.295144,0 days 00:00:01.983368,0.17868513675705938,50.0,0.31399453472003763,473.0,440.0,2.0,COMPLETE,,,,,,,,
830.0,0.00947862497258356,2024-04-26 04:04:56.296144,2024-04-26 04:04:58.219387,0 days 00:00:01.923243,0.8726414609613912,81.0,0.4179818606505451,512.0,387.0,2.0,COMPLETE,,,,,,,,
831.0,0.051757499313367816,2024-04-26 04:04:58.221388,2024-04-26 04:05:00.484749,0 days 00:00:02.263361,0.8209282071875086,103.0,0.44505170125195687,494.0,471.0,2.0,COMPLETE,,,,,,,,
