number,value,datetime_start,datetime_complete,duration,params_Max_iter,params_SearchAgents_no,params_ap,params_e_loss,params_lb,params_s_force,params_ub,state,SearchAgents_no,Max_iter,s_force,e_loss,ap,lb,ub,best_value,record_type
869.0,0.0,2024-04-12 13:01:06.056845,2024-04-12 13:01:06.593205,0 days 00:00:00.536360,100.0,70.0,0.6799999999999999,0.61,-80.0,0.72,10.0,COMPLETE,,,,,,,,,
870.0,0.0,2024-04-12 13:01:06.595185,2024-04-12 13:01:06.814209,0 days 00:00:00.219024,60.0,20.0,0.1,0.91,-50.0,0.84,100.0,COMPLETE,,,,,,,,,
871.0,0.0,2024-04-12 13:01:06.815219,2024-04-12 13:01:07.028184,0 days 00:00:00.212965,20.0,60.0,0.94,0.01,-90.0,0.76,90.0,COMPLETE,,,,,,,,,
872.0,0.0,2024-04-12 13:01:07.029182,2024-04-12 13:01:07.200184,0 days 00:00:00.171002,30.0,10.0,0.76,0.41000000000000003,-70.0,0.56,80.0,COMPLETE,,,,,,,,,
873.0,0.0,2024-04-12 13:01:07.201184,2024-04-12 13:01:07.552184,0 days 00:00:00.351000,40.0,100.0,0.7,0.06999999999999999,-20.0,0.12000000000000001,40.0,COMPLETE,,,,,,,,,
874.0,0.0,2024-04-12 13:01:07.554184,2024-04-12 13:01:07.810209,0 days 00:00:00.256025,50.0,40.0,0.30000000000000004,0.75,0.0,0.74,60.0,COMPLETE,,,,,,,,,
875.0,0.0,2024-04-12 13:01:07.812186,2024-04-12 13:01:07.983206,0 days 00:00:00.171020,10.0,20.0,0.62,0.7100000000000001,-10.0,0.2,70.0,COMPLETE,,,,,,,,,
876.0,0.0,2024-04-12 13:01:07.985183,2024-04-12 13:01:08.181208,0 days 00:00:00.196025,30.0,30.0,0.14,0.21000000000000002,-30.0,0.52,30.0,COMPLETE,,,,,,,,,
877.0,0.0,2024-04-12 13:01:08.183185,2024-04-12 13:01:08.480136,0 days 00:00:00.296951,30.0,90.0,0.86,0.51,-40.0,0.24000000000000002,50.0,COMPLETE,,,,,,,,,
878.0,0.0,2024-04-12 13:01:08.482137,2024-04-12 13:01:08.714134,0 days 00:00:00.231997,30.0,50.0,0.66,0.39,-20.0,0.42000000000000004,80.0,COMPLETE,,,,,,,,,
879.0,0.0,2024-04-12 13:01:08.715140,2024-04-12 13:01:08.891134,0 days 00:00:00.175994,40.0,10.0,0.74,0.47000000000000003,-100.0,0.58,90.0,COMPLETE,,,,,,,,,
880.0,0.0,2024-04-12 13:01:08.893137,2024-04-12 13:01:09.415161,0 days 00:00:00.522024,90.0,80.0,0.72,0.45,-50.0,0.16,20.0,COMPLETE,,,,,,,,,
881.0,0.0,2024-04-12 13:01:09.417135,2024-04-12 13:01:09.755158,0 days 00:00:00.338023,80.0,40.0,0.36,0.87,-20.0,0.18,70.0,COMPLETE,,,,,,,,,
882.0,0.0,2024-04-12 13:01:09.757139,2024-04-12 13:01:10.013156,0 days 00:00:00.256017,20.0,100.0,0.28,0.27,-60.0,0.33999999999999997,100.0,COMPLETE,,,,,,,,,
883.0,0.0,2024-04-12 13:01:10.015135,2024-04-12 13:01:10.328161,0 days 00:00:00.313026,50.0,60.0,0.52,0.65,-30.0,0.7,60.0,COMPLETE,,,,,,,,,
884.0,0.0,2024-04-12 13:01:10.330138,2024-04-12 13:01:10.731255,0 days 00:00:00.401117,70.0,70.0,0.6,0.03,-10.0,0.14,50.0,COMPLETE,,,,,,,,,
885.0,0.0,2024-04-12 13:01:10.732255,2024-04-12 13:01:10.903255,0 days 00:00:00.171000,10.0,20.0,0.82,0.59,0.0,0.82,40.0,COMPLETE,,,,,,,,,
886.0,0.0,2024-04-12 13:01:10.904256,2024-04-12 13:01:11.073256,0 days 00:00:00.169000,20.0,10.0,1.0,0.55,-90.0,0.38,90.0,COMPLETE,,,,,,,,,
887.0,0.0,2024-04-12 13:01:11.075258,2024-04-12 13:01:11.392255,0 days 00:00:00.316997,30.0,100.0,0.9,0.81,-30.0,0.98,80.0,COMPLETE,,,,,,,,,
888.0,0.0,2024-04-12 13:01:11.394257,2024-04-12 13:01:11.659253,0 days 00:00:00.264996,40.0,50.0,0.32,0.33,-20.0,0.66,0.0,COMPLETE,,,,,,,,,
889.0,0.0,2024-04-12 13:01:11.660254,2024-04-12 13:01:11.824255,0 days 00:00:00.164001,10.0,20.0,0.84,0.41000000000000003,-40.0,0.32,10.0,COMPLETE,,,,,,,,,
890.0,0.0,2024-04-12 13:01:11.826255,2024-04-12 13:01:12.131279,0 days 00:00:00.305024,100.0,30.0,0.78,0.09,-20.0,0.92,70.0,COMPLETE,,,,,,,,,
891.0,0.0,2024-04-12 13:01:12.132255,2024-04-12 13:01:12.582880,0 days 00:00:00.450625,60.0,90.0,0.24000000000000002,0.77,-50.0,0.62,60.0,COMPLETE,,,,,,,,,
892.0,0.0,2024-04-12 13:01:12.585110,2024-04-12 13:01:12.801246,0 days 00:00:00.216136,30.0,40.0,0.64,0.73,-10.0,0.78,100.0,COMPLETE,,,,,,,,,
893.0,0.0,2024-04-12 13:01:12.803223,2024-04-12 13:01:12.981247,0 days 00:00:00.178024,40.0,10.0,0.12000000000000001,0.49,0.0,0.86,20.0,COMPLETE,,,,,,,,,
894.0,0.0,2024-04-12 13:01:12.982222,2024-04-12 13:01:13.340223,0 days 00:00:00.358001,50.0,80.0,0.8,0.19,-30.0,0.54,70.0,COMPLETE,,,,,,,,,
895.0,0.0,2024-04-12 13:01:13.341223,2024-04-12 13:01:13.588221,0 days 00:00:00.246998,30.0,60.0,0.18,0.05,-20.0,0.30000000000000004,50.0,COMPLETE,,,,,,,,,
896.0,0.0,2024-04-12 13:01:13.590222,2024-04-12 13:01:13.853245,0 days 00:00:00.263023,30.0,70.0,0.48,0.47000000000000003,-40.0,0.1,80.0,COMPLETE,,,,,,,,,
897.0,0.0,2024-04-12 13:01:13.855221,2024-04-12 13:01:14.158220,0 days 00:00:00.302999,70.0,40.0,0.44000000000000006,0.43,-70.0,0.6,60.0,COMPLETE,,,,,,,,,
898.0,0.0,2024-04-12 13:01:14.160222,2024-04-12 13:01:14.342246,0 days 00:00:00.182024,10.0,50.0,0.96,0.67,-80.0,0.45999999999999996,90.0,COMPLETE,,,,,,,,,
899.0,0.0,2024-04-12 13:01:14.344222,2024-04-12 13:01:14.604223,0 days 00:00:00.260001,20.0,100.0,0.74,0.53,-100.0,0.8,70.0,COMPLETE,,,,,,,,,
900.0,0.0,2024-04-12 13:01:14.606224,2024-04-12 13:01:14.792267,0 days 00:00:00.186043,40.0,10.0,0.6799999999999999,0.97,-10.0,1.0,30.0,COMPLETE,,,,,,,,,
901.0,0.0,2024-04-12 13:01:14.794243,2024-04-12 13:01:14.977268,0 days 00:00:00.183025,30.0,20.0,0.56,0.01,-60.0,0.9,100.0,COMPLETE,,,,,,,,,
902.0,0.0,2024-04-12 13:01:14.978243,2024-04-12 13:01:15.226242,0 days 00:00:00.247999,60.0,30.0,0.88,0.37,-20.0,0.88,40.0,COMPLETE,,,,,,,,,
903.0,0.0,2024-04-12 13:01:15.227243,2024-04-12 13:01:15.451264,0 days 00:00:00.224021,100.0,10.0,0.54,0.5700000000000001,-50.0,0.84,50.0,COMPLETE,,,,,,,,,
904.0,0.0,2024-04-12 13:01:15.453243,2024-04-12 13:01:15.655268,0 days 00:00:00.202025,10.0,90.0,0.7,0.23,-30.0,0.94,80.0,COMPLETE,,,,,,,,,
905.0,0.0,2024-04-12 13:01:15.656241,2024-04-12 13:01:15.918243,0 days 00:00:00.262002,50.0,40.0,0.72,0.75,-20.0,0.6799999999999999,60.0,COMPLETE,,,,,,,,,
906.0,0.0,2024-04-12 13:01:15.920245,2024-04-12 13:01:16.109243,0 days 00:00:00.188998,20.0,30.0,0.33999999999999997,0.06999999999999999,-30.0,0.56,70.0,COMPLETE,,,,,,,,,
907.0,0.0,2024-04-12 13:01:16.111243,2024-04-12 13:01:16.360245,0 days 00:00:00.249002,80.0,20.0,0.1,0.49,-10.0,0.74,80.0,COMPLETE,,,,,,,,,
908.0,0.0,2024-04-12 13:01:16.362245,2024-04-12 13:01:16.649243,0 days 00:00:00.286998,40.0,60.0,0.5,0.8300000000000001,0.0,0.24000000000000002,90.0,COMPLETE,,,,,,,,,
909.0,0.0,2024-04-12 13:01:16.650243,2024-04-12 13:01:16.974458,0 days 00:00:00.324215,30.0,100.0,0.76,0.7100000000000001,-40.0,0.28,10.0,COMPLETE,,,,,,,,,
910.0,0.0,2024-04-12 13:01:16.976421,2024-04-12 13:01:17.151441,0 days 00:00:00.175020,30.0,10.0,0.14,0.39,-30.0,0.14,50.0,COMPLETE,,,,,,,,,
911.0,0.0,2024-04-12 13:01:17.152420,2024-04-12 13:01:17.422419,0 days 00:00:00.269999,40.0,50.0,0.22,0.79,-20.0,0.16,60.0,COMPLETE,,,,,,,,,
912.0,0.0,2024-04-12 13:01:17.424419,2024-04-12 13:01:17.685443,0 days 00:00:00.261024,20.0,70.0,0.62,0.61,-50.0,0.4,90.0,COMPLETE,,,,,,,,,
913.0,0.0,2024-04-12 13:01:17.687420,2024-04-12 13:01:17.880444,0 days 00:00:00.193024,30.0,20.0,0.8,0.17,-20.0,0.42000000000000004,100.0,COMPLETE,,,,,,,,,
914.0,0.0,2024-04-12 13:01:17.881420,2024-04-12 13:01:18.304069,0 days 00:00:00.422649,50.0,100.0,0.16,0.31,-10.0,0.64,70.0,COMPLETE,,,,,,,,,
915.0,0.0,2024-04-12 13:01:18.305071,2024-04-12 13:01:18.496069,0 days 00:00:00.190998,20.0,30.0,0.66,0.13,-40.0,0.5,30.0,COMPLETE,,,,,,,,,
916.0,0.0,2024-04-12 13:01:18.498071,2024-04-12 13:01:18.938938,0 days 00:00:00.440867,60.0,90.0,0.92,0.45,-70.0,0.98,60.0,COMPLETE,,,,,,,,,
917.0,0.0,2024-04-12 13:01:18.940102,2024-04-12 13:01:19.153396,0 days 00:00:00.213294,10.0,80.0,0.96,0.35000000000000003,-90.0,0.33999999999999997,0.0,COMPLETE,,,,,,,,,
918.0,0.0,2024-04-12 13:01:19.154397,2024-04-12 13:01:19.356397,0 days 00:00:00.202000,90.0,10.0,0.82,0.03,0.0,0.96,40.0,COMPLETE,,,,,,,,,
919.0,0.0,2024-04-12 13:01:19.358397,2024-04-12 13:01:19.599422,0 days 00:00:00.241025,40.0,40.0,0.45999999999999996,0.89,-30.0,0.12000000000000001,20.0,COMPLETE,,,,,,,,,
920.0,0.0,2024-04-12 13:01:19.601400,2024-04-12 13:01:19.820425,0 days 00:00:00.219025,30.0,40.0,0.4,0.51,-60.0,0.58,70.0,COMPLETE,,,,,,,,,
921.0,0.0,2024-04-12 13:01:19.821423,2024-04-12 13:01:20.010423,0 days 00:00:00.189000,10.0,60.0,0.1,0.9500000000000001,-10.0,0.2,50.0,COMPLETE,,,,,,,,,
922.0,0.0,2024-04-12 13:01:20.012397,2024-04-12 13:01:20.353424,0 days 00:00:00.341027,50.0,70.0,0.98,0.91,-20.0,0.38,80.0,COMPLETE,,,,,,,,,
923.0,0.0,2024-04-12 13:01:20.355398,2024-04-12 13:01:20.564399,0 days 00:00:00.209001,30.0,30.0,0.30000000000000004,0.63,-50.0,0.82,60.0,COMPLETE,,,,,,,,,
924.0,0.0,2024-04-12 13:01:20.565398,2024-04-12 13:01:20.899399,0 days 00:00:00.334001,70.0,50.0,0.58,0.05,-20.0,0.44000000000000006,90.0,COMPLETE,,,,,,,,,
925.0,0.0,2024-04-12 13:01:20.901398,2024-04-12 13:01:21.593059,0 days 00:00:00.691661,100.0,100.0,0.42000000000000004,0.43,-80.0,0.52,80.0,COMPLETE,,,,,,,,,
926.0,0.0,2024-04-12 13:01:21.595040,2024-04-12 13:01:21.774060,0 days 00:00:00.179020,40.0,10.0,0.84,0.19,-40.0,0.54,30.0,COMPLETE,,,,,,,,,
927.0,0.0,2024-04-12 13:01:21.776036,2024-04-12 13:01:21.950060,0 days 00:00:00.174024,30.0,10.0,0.6,0.81,-100.0,0.9,40.0,COMPLETE,,,,,,,,,
928.0,0.0,2024-04-12 13:01:21.951034,2024-04-12 13:01:22.195033,0 days 00:00:00.243999,80.0,20.0,0.86,0.11,-30.0,0.7,10.0,COMPLETE,,,,,,,,,
929.0,0.0,2024-04-12 13:01:22.197035,2024-04-12 13:01:22.477060,0 days 00:00:00.280025,20.0,100.0,0.14,0.25,0.0,0.18,70.0,COMPLETE,,,,,,,,,
930.0,0.0,2024-04-12 13:01:22.479037,2024-04-12 13:01:22.740035,0 days 00:00:00.260998,40.0,50.0,0.52,0.41000000000000003,-20.0,0.88,100.0,COMPLETE,,,,,,,,,
931.0,0.0,2024-04-12 13:01:22.741034,2024-04-12 13:01:23.010034,0 days 00:00:00.269000,70.0,30.0,0.74,0.85,-30.0,0.76,60.0,COMPLETE,,,,,,,,,
932.0,0.0,2024-04-12 13:01:23.011035,2024-04-12 13:01:23.264542,0 days 00:00:00.253507,30.0,60.0,0.9,0.37,-10.0,0.64,50.0,COMPLETE,,,,,,,,,
933.0,0.0,2024-04-12 13:01:23.266227,2024-04-12 13:01:23.497592,0 days 00:00:00.231365,30.0,40.0,0.7,0.03,-80.0,0.22,90.0,COMPLETE,,,,,,,,,
934.0,0.0,2024-04-12 13:01:23.498593,2024-04-12 13:01:23.699143,0 days 00:00:00.200550,10.0,80.0,0.2,0.45,-20.0,0.72,20.0,COMPLETE,,,,,,,,,
935.0,0.0,2024-04-12 13:01:23.701170,2024-04-12 13:01:23.913169,0 days 00:00:00.211999,100.0,10.0,0.12000000000000001,0.27,-40.0,0.1,70.0,COMPLETE,,,,,,,,,
936.0,0.0,2024-04-12 13:01:23.915144,2024-04-12 13:01:24.133169,0 days 00:00:00.218025,60.0,20.0,0.6799999999999999,0.15000000000000002,-50.0,0.86,60.0,COMPLETE,,,,,,,,,
937.0,0.0,2024-04-12 13:01:24.134144,2024-04-12 13:01:24.326144,0 days 00:00:00.192000,20.0,30.0,0.38,0.75,-70.0,0.48,80.0,COMPLETE,,,,,,,,,
938.0,0.0,2024-04-12 13:01:24.328144,2024-04-12 13:01:24.680432,0 days 00:00:00.352288,40.0,90.0,0.78,0.6900000000000001,-30.0,0.92,100.0,COMPLETE,,,,,,,,,
939.0,0.0,2024-04-12 13:01:24.682405,2024-04-12 13:01:25.112549,0 days 00:00:00.430144,50.0,100.0,0.84,0.55,-90.0,0.14,70.0,COMPLETE,,,,,,,,,
940.0,0.0,2024-04-12 13:01:25.114116,2024-04-12 13:01:25.404423,0 days 00:00:00.290307,30.0,80.0,0.78,0.77,-20.0,0.62,50.0,COMPLETE,,,,,,,,,
941.0,0.0,2024-04-12 13:01:25.406402,2024-04-12 13:01:25.573042,0 days 00:00:00.166640,10.0,10.0,0.64,0.67,-40.0,1.0,0.0,COMPLETE,,,,,,,,,
942.0,0.0,2024-04-12 13:01:25.575018,2024-04-12 13:01:25.840014,0 days 00:00:00.264996,30.0,70.0,0.82,0.06999999999999999,-10.0,0.84,60.0,COMPLETE,,,,,,,,,
943.0,0.0,2024-04-12 13:01:25.841020,2024-04-12 13:01:26.248014,0 days 00:00:00.406994,50.0,90.0,0.54,0.65,0.0,0.96,80.0,COMPLETE,,,,,,,,,
944.0,0.0,2024-04-12 13:01:26.249016,2024-04-12 13:01:26.699015,0 days 00:00:00.449999,90.0,60.0,0.94,0.23,-20.0,0.36,30.0,COMPLETE,,,,,,,,,
945.0,0.0,2024-04-12 13:01:26.700017,2024-04-12 13:01:26.964036,0 days 00:00:00.264019,40.0,50.0,0.26,0.53,-30.0,0.8,90.0,COMPLETE,,,,,,,,,
946.0,0.0,2024-04-12 13:01:26.966017,2024-04-12 13:01:27.153042,0 days 00:00:00.187025,20.0,20.0,0.72,0.73,-60.0,0.6799999999999999,70.0,COMPLETE,,,,,,,,,
947.0,0.0,2024-04-12 13:01:27.154017,2024-04-12 13:01:27.435047,0 days 00:00:00.281030,80.0,30.0,0.88,0.49,0.0,0.6,20.0,COMPLETE,,,,,,,,,
948.0,0.0,2024-04-12 13:01:27.437015,2024-04-12 13:01:27.753183,0 days 00:00:00.316168,70.0,40.0,0.76,0.33,-50.0,0.26,40.0,COMPLETE,,,,,,,,,
949.0,0.0,2024-04-12 13:01:27.754182,2024-04-12 13:01:27.931208,0 days 00:00:00.177026,30.0,10.0,0.48,0.01,-10.0,0.18,50.0,COMPLETE,,,,,,,,,
950.0,0.0,2024-04-12 13:01:27.932181,2024-04-12 13:01:28.112183,0 days 00:00:00.180002,10.0,40.0,0.8,0.47000000000000003,-20.0,0.32,100.0,COMPLETE,,,,,,,,,
951.0,0.0,2024-04-12 13:01:28.113183,2024-04-12 13:01:28.375207,0 days 00:00:00.262024,20.0,100.0,0.86,0.03,-30.0,0.88,80.0,COMPLETE,,,,,,,,,
952.0,0.0,2024-04-12 13:01:28.377183,2024-04-12 13:01:28.692203,0 days 00:00:00.315020,60.0,50.0,0.66,0.41000000000000003,-100.0,0.16,60.0,COMPLETE,,,,,,,,,
953.0,0.0,2024-04-12 13:01:28.694183,2024-04-12 13:01:28.878182,0 days 00:00:00.183999,40.0,10.0,0.12000000000000001,0.79,-20.0,0.94,70.0,COMPLETE,,,,,,,,,
954.0,0.0,2024-04-12 13:01:28.880182,2024-04-12 13:01:29.078204,0 days 00:00:00.198022,30.0,20.0,0.16,0.43,-10.0,0.7,90.0,COMPLETE,,,,,,,,,
955.0,0.0,2024-04-12 13:01:29.079181,2024-04-12 13:01:29.277206,0 days 00:00:00.198025,10.0,70.0,0.32,0.31,-40.0,0.66,60.0,COMPLETE,,,,,,,,,
956.0,0.0,2024-04-12 13:01:29.278183,2024-04-12 13:01:29.534182,0 days 00:00:00.255999,30.0,60.0,0.92,0.59,-90.0,0.45999999999999996,10.0,COMPLETE,,,,,,,,,
957.0,0.0,2024-04-12 13:01:29.536183,2024-04-12 13:01:29.788619,0 days 00:00:00.252436,20.0,80.0,0.36,0.93,-30.0,0.86,40.0,COMPLETE,,,,,,,,,
958.0,0.0,2024-04-12 13:01:29.789593,2024-04-12 13:01:30.159492,0 days 00:00:00.369899,40.0,100.0,0.6,0.99,-80.0,0.12000000000000001,70.0,COMPLETE,,,,,,,,,
959.0,0.0,2024-04-12 13:01:30.160520,2024-04-12 13:01:30.479518,0 days 00:00:00.318998,100.0,30.0,0.24000000000000002,0.21000000000000002,-50.0,0.56,50.0,COMPLETE,,,,,,,,,
960.0,0.0,2024-04-12 13:01:30.481496,2024-04-12 13:01:30.673518,0 days 00:00:00.192022,30.0,20.0,0.2,0.09,-20.0,0.33999999999999997,90.0,COMPLETE,,,,,,,,,
961.0,0.0,2024-04-12 13:01:30.675495,2024-04-12 13:01:31.074493,0 days 00:00:00.398998,50.0,90.0,0.18,0.51,0.0,0.78,30.0,COMPLETE,,,,,,,,,
962.0,0.0,2024-04-12 13:01:31.075494,2024-04-12 13:01:31.339494,0 days 00:00:00.264000,40.0,50.0,0.56,0.39,-30.0,0.5,80.0,COMPLETE,,,,,,,,,
963.0,0.0,2024-04-12 13:01:31.341495,2024-04-12 13:01:31.511520,0 days 00:00:00.170025,10.0,10.0,0.44000000000000006,0.05,-60.0,0.4,100.0,COMPLETE,,,,,,,,,
964.0,0.0,2024-04-12 13:01:31.512494,2024-04-12 13:01:31.796186,0 days 00:00:00.283692,60.0,40.0,0.76,0.29000000000000004,-40.0,0.2,60.0,COMPLETE,,,,,,,,,
965.0,0.0,2024-04-12 13:01:31.797920,2024-04-12 13:01:32.119328,0 days 00:00:00.321408,30.0,100.0,0.7,0.13,-70.0,0.54,0.0,COMPLETE,,,,,,,,,
966.0,0.0,2024-04-12 13:01:32.120305,2024-04-12 13:01:32.315328,0 days 00:00:00.195023,20.0,30.0,1.0,0.77,-20.0,0.82,10.0,COMPLETE,,,,,,,,,
967.0,0.0,2024-04-12 13:01:32.316304,2024-04-12 13:01:32.499304,0 days 00:00:00.183000,30.0,10.0,0.14,0.49,-10.0,0.30000000000000004,50.0,COMPLETE,,,,,,,,,
968.0,0.0,2024-04-12 13:01:32.500305,2024-04-12 13:01:32.881303,0 days 00:00:00.380998,70.0,60.0,0.1,0.6900000000000001,-20.0,0.74,70.0,COMPLETE,,,,,,,,,
969.0,0.0,2024-04-12 13:01:32.882304,2024-04-12 13:01:33.100303,0 days 00:00:00.217999,50.0,20.0,0.74,0.73,-30.0,0.92,90.0,COMPLETE,,,,,,,,,
970.0,0.0,2024-04-12 13:01:33.101332,2024-04-12 13:01:33.397325,0 days 00:00:00.295993,40.0,60.0,0.82,0.45,-40.0,0.72,80.0,COMPLETE,,,,,,,,,
971.0,0.0,2024-04-12 13:01:33.399304,2024-04-12 13:01:33.599328,0 days 00:00:00.200024,20.0,40.0,0.6799999999999999,0.17,-10.0,0.98,20.0,COMPLETE,,,,,,,,,
972.0,0.0,2024-04-12 13:01:33.601304,2024-04-12 13:01:33.813302,0 days 00:00:00.211998,10.0,100.0,0.5,0.87,-20.0,0.66,60.0,COMPLETE,,,,,,,,,
973.0,0.0,2024-04-12 13:01:33.814304,2024-04-12 13:01:34.355029,0 days 00:00:00.540725,80.0,90.0,0.64,0.61,-50.0,0.58,100.0,COMPLETE,,,,,,,,,
974.0,0.0,2024-04-12 13:01:34.357022,2024-04-12 13:01:34.553021,0 days 00:00:00.195999,30.0,20.0,0.72,0.5700000000000001,0.0,0.38,70.0,COMPLETE,,,,,,,,,
975.0,0.0,2024-04-12 13:01:34.554000,2024-04-12 13:01:34.741018,0 days 00:00:00.187018,40.0,10.0,0.8,0.7100000000000001,-20.0,0.52,70.0,COMPLETE,,,,,,,,,
976.0,0.0,2024-04-12 13:01:34.741996,2024-04-12 13:01:35.009028,0 days 00:00:00.267032,60.0,30.0,0.62,0.63,-30.0,0.24000000000000002,30.0,COMPLETE,,,,,,,,,
977.0,0.0,2024-04-12 13:01:35.011029,2024-04-12 13:01:35.583999,0 days 00:00:00.572970,100.0,80.0,0.28,0.06999999999999999,-50.0,1.0,50.0,COMPLETE,,,,,,,,,
978.0,0.0,2024-04-12 13:01:35.584998,2024-04-12 13:01:35.826997,0 days 00:00:00.241999,30.0,50.0,0.84,0.01,-40.0,0.12000000000000001,80.0,COMPLETE,,,,,,,,,
979.0,0.0,2024-04-12 13:01:35.828000,2024-04-12 13:01:36.060500,0 days 00:00:00.232500,30.0,40.0,0.16,0.25,-90.0,0.44000000000000006,40.0,COMPLETE,,,,,,,,,
980.0,0.0,2024-04-12 13:01:36.062179,2024-04-12 13:01:36.259805,0 days 00:00:00.197626,10.0,70.0,0.52,0.11,-20.0,0.9,60.0,COMPLETE,,,,,,,,,
981.0,0.0,2024-04-12 13:01:36.260806,2024-04-12 13:01:36.447806,0 days 00:00:00.187000,40.0,10.0,0.66,0.53,-10.0,0.48,90.0,COMPLETE,,,,,,,,,
982.0,0.0,2024-04-12 13:01:36.448812,2024-04-12 13:01:36.663806,0 days 00:00:00.214994,20.0,50.0,0.88,0.35000000000000003,-30.0,0.28,80.0,COMPLETE,,,,,,,,,
983.0,0.0,2024-04-12 13:01:36.664806,2024-04-12 13:01:36.911827,0 days 00:00:00.247021,50.0,30.0,0.4,0.47000000000000003,-100.0,0.84,60.0,COMPLETE,,,,,,,,,
984.0,0.0,2024-04-12 13:01:36.913808,2024-04-12 13:01:37.444832,0 days 00:00:00.531024,70.0,100.0,0.98,0.05,-10.0,0.16,90.0,COMPLETE,,,,,,,,,
985.0,0.0,2024-04-12 13:01:37.446807,2024-04-12 13:01:37.625831,0 days 00:00:00.179024,30.0,10.0,0.58,0.43,-60.0,0.88,70.0,COMPLETE,,,,,,,,,
986.0,0.0,2024-04-12 13:01:37.627807,2024-04-12 13:01:37.801831,0 days 00:00:00.174024,10.0,20.0,0.78,0.39,-70.0,0.78,20.0,COMPLETE,,,,,,,,,
987.0,0.0,2024-04-12 13:01:37.802808,2024-04-12 13:01:38.119828,0 days 00:00:00.317020,40.0,70.0,0.45999999999999996,0.79,0.0,0.54,100.0,COMPLETE,,,,,,,,,
988.0,0.0,2024-04-12 13:01:38.121806,2024-04-12 13:01:38.388785,0 days 00:00:00.266979,30.0,60.0,0.74,0.87,-30.0,0.36,50.0,COMPLETE,,,,,,,,,
989.0,0.0,2024-04-12 13:01:38.390784,2024-04-12 13:01:38.606783,0 days 00:00:00.215999,20.0,40.0,0.33999999999999997,0.81,-20.0,0.2,60.0,COMPLETE,,,,,,,,,
990.0,0.0,2024-04-12 13:01:38.607784,2024-04-12 13:01:39.245786,0 days 00:00:00.638002,90.0,100.0,0.12000000000000001,0.03,-40.0,0.62,40.0,COMPLETE,,,,,,,,,
991.0,0.0,2024-04-12 13:01:39.247785,2024-04-12 13:01:39.629785,0 days 00:00:00.382000,50.0,80.0,0.94,0.65,-80.0,0.86,80.0,COMPLETE,,,,,,,,,
992.0,0.0,2024-04-12 13:01:39.630784,2024-04-12 13:01:39.938786,0 days 00:00:00.308002,30.0,90.0,0.8,0.75,-20.0,0.14,0.0,COMPLETE,,,,,,,,,
993.0,0.0,2024-04-12 13:01:39.939798,2024-04-12 13:01:40.266679,0 days 00:00:00.326881,100.0,30.0,0.7,0.41000000000000003,-50.0,0.96,70.0,COMPLETE,,,,,,,,,
994.0,0.0,2024-04-12 13:01:40.268084,2024-04-12 13:01:40.456049,0 days 00:00:00.187965,30.0,10.0,0.1,0.8300000000000001,-30.0,0.1,50.0,COMPLETE,,,,,,,,,
995.0,0.0,2024-04-12 13:01:40.457023,2024-04-12 13:01:40.647046,0 days 00:00:00.190023,10.0,50.0,0.9,0.51,-20.0,0.6799999999999999,10.0,COMPLETE,,,,,,,,,
996.0,0.0,2024-04-12 13:01:40.649023,2024-04-12 13:01:40.877045,0 days 00:00:00.228022,60.0,20.0,0.76,0.5700000000000001,-10.0,0.26,100.0,COMPLETE,,,,,,,,,
997.0,0.0,2024-04-12 13:01:40.878046,2024-04-12 13:01:41.135024,0 days 00:00:00.256978,40.0,40.0,0.72,0.29000000000000004,0.0,0.22,30.0,COMPLETE,,,,,,,,,
998.0,0.0,2024-04-12 13:01:41.137022,2024-04-12 13:01:41.337047,0 days 00:00:00.200025,20.0,30.0,0.22,0.37,-40.0,0.76,60.0,COMPLETE,,,,,,,,,
999.0,0.0,2024-04-12 13:01:41.339025,2024-04-12 13:01:41.830043,0 days 00:00:00.491018,70.0,90.0,0.96,0.17,-20.0,0.8,70.0,COMPLETE,,,,,,,,,
,,,,,,,,,,,,,100.0,30.0,0.56,0.45,0.12000000000000001,-30.0,60.0,0.0,best_result
