number,value,datetime_start,datetime_complete,duration,params_Max_iter,params_SearchAgents_no,params_ap,params_e_loss,params_s_force,state,SearchAgents_no,Max_iter,s_force,e_loss,ap,best_value,record_type
0.0,0.0,2024-04-12 14:54:47.017779,2024-04-12 14:54:47.039776,0 days 00:00:00.021997,20.0,20.0,0.4,0.67,0.9,COMPLETE,,,,,,,
1.0,0.0,2024-04-12 14:54:47.040810,2024-04-12 14:54:47.055802,0 days 00:00:00.014992,10.0,30.0,0.6,0.7100000000000001,0.2,COMPLETE,,,,,,,
2.0,0.0,2024-04-12 14:54:47.056804,2024-04-12 14:54:47.094800,0 days 00:00:00.037996,40.0,20.0,0.7000000000000001,0.35000000000000003,0.30000000000000004,COMPLETE,,,,,,,
3.0,0.0,2024-04-12 14:54:47.095806,2024-04-12 14:54:47.104800,0 days 00:00:00.008994,10.0,10.0,0.6,0.77,0.6,COMPLETE,,,,,,,
4.0,0.0,2024-04-12 14:54:47.105810,2024-04-12 14:54:47.210803,0 days 00:00:00.104993,40.0,60.0,0.8,0.21000000000000002,1.0,COMPLETE,,,,,,,
5.0,0.0,2024-04-12 14:54:47.211803,2024-04-12 14:54:47.240804,0 days 00:00:00.029001,20.0,30.0,0.1,0.27,1.0,COMPLETE,,,,,,,
6.0,0.0,2024-04-12 14:54:47.241804,2024-04-12 14:54:47.270800,0 days 00:00:00.028996,20.0,30.0,0.2,0.61,0.6,COMPLETE,,,,,,,
7.0,0.0,2024-04-12 14:54:47.271801,2024-04-12 14:54:47.295801,0 days 00:00:00.024000,10.0,50.0,0.5,0.73,0.2,COMPLETE,,,,,,,
8.0,0.0,2024-04-12 14:54:47.296797,2024-04-12 14:54:47.435801,0 days 00:00:00.139004,50.0,60.0,0.30000000000000004,0.67,1.0,COMPLETE,,,,,,,
9.0,0.0,2024-04-12 14:54:47.436806,2024-04-12 14:54:47.458804,0 days 00:00:00.021998,20.0,20.0,0.7000000000000001,0.6900000000000001,0.7000000000000001,COMPLETE,,,,,,,
10.0,0.0,2024-04-12 14:54:47.459805,2024-04-12 14:54:47.527803,0 days 00:00:00.067998,60.0,10.0,1.0,0.93,0.8,COMPLETE,,,,,,,
11.0,0.0,2024-04-12 14:54:47.528803,2024-04-12 14:54:47.612803,0 days 00:00:00.084000,30.0,40.0,0.4,0.45,0.4,COMPLETE,,,,,,,
12.0,0.0,2024-04-12 14:54:47.613801,2024-04-12 14:54:47.666806,0 days 00:00:00.053005,10.0,40.0,0.4,0.93,0.1,COMPLETE,,,,,,,
13.0,0.0,2024-04-12 14:54:47.667805,2024-04-12 14:54:47.726805,0 days 00:00:00.059000,30.0,20.0,0.9,0.55,0.4,COMPLETE,,,,,,,
14.0,0.0,2024-04-12 14:54:47.727803,2024-04-12 14:54:47.784804,0 days 00:00:00.057001,20.0,30.0,0.5,0.06999999999999999,0.8,COMPLETE,,,,,,,
15.0,0.0,2024-04-12 14:54:47.785805,2024-04-12 14:54:47.827800,0 days 00:00:00.041995,10.0,20.0,0.30000000000000004,0.45,0.1,COMPLETE,,,,,,,
16.0,0.0,2024-04-12 14:54:47.828805,2024-04-12 14:54:47.923803,0 days 00:00:00.094998,30.0,40.0,0.6,0.81,0.4,COMPLETE,,,,,,,
17.0,0.0,2024-04-12 14:54:47.924804,2024-04-12 14:54:47.967802,0 days 00:00:00.042998,20.0,10.0,0.4,0.85,0.8,COMPLETE,,,,,,,
18.0,0.0,2024-04-12 14:54:47.968801,2024-04-12 14:54:48.021802,0 days 00:00:00.053001,10.0,50.0,0.1,0.55,0.5,COMPLETE,,,,,,,
19.0,0.0,2024-04-12 14:54:48.022800,2024-04-12 14:54:48.102802,0 days 00:00:00.080002,30.0,30.0,0.7000000000000001,0.85,0.2,COMPLETE,,,,,,,
20.0,0.0,2024-04-12 14:54:48.103805,2024-04-12 14:54:48.155803,0 days 00:00:00.051998,20.0,20.0,0.30000000000000004,0.97,0.7000000000000001,COMPLETE,,,,,,,
21.0,0.0,2024-04-12 14:54:48.157804,2024-04-12 14:54:48.229805,0 days 00:00:00.072001,40.0,20.0,0.7000000000000001,0.33,0.30000000000000004,COMPLETE,,,,,,,
22.0,0.0,2024-04-12 14:54:48.230805,2024-04-12 14:54:48.308803,0 days 00:00:00.077998,50.0,20.0,0.8,0.39,0.30000000000000004,COMPLETE,,,,,,,
23.0,0.0,2024-04-12 14:54:48.309801,2024-04-12 14:54:48.398777,0 days 00:00:00.088976,40.0,30.0,0.6,0.15000000000000002,0.2,COMPLETE,,,,,,,
24.0,0.0,2024-04-12 14:54:48.399801,2024-04-12 14:54:48.458802,0 days 00:00:00.059001,50.0,10.0,0.5,0.61,0.30000000000000004,COMPLETE,,,,,,,
25.0,0.0,2024-04-12 14:54:48.460804,2024-04-12 14:54:48.553685,0 days 00:00:00.092881,60.0,20.0,0.9,0.51,0.5,COMPLETE,,,,,,,
26.0,0.0,2024-04-12 14:54:48.554870,2024-04-12 14:54:48.644052,0 days 00:00:00.089182,40.0,30.0,0.8,0.63,0.9,COMPLETE,,,,,,,
27.0,0.0,2024-04-12 14:54:48.645051,2024-04-12 14:54:48.694053,0 days 00:00:00.049002,30.0,10.0,0.7000000000000001,0.39,0.2,COMPLETE,,,,,,,
28.0,0.0,2024-04-12 14:54:48.695050,2024-04-12 14:54:48.745050,0 days 00:00:00.050000,10.0,40.0,0.6,0.03,0.1,COMPLETE,,,,,,,
29.0,0.0,2024-04-12 14:54:48.747026,2024-04-12 14:54:48.786026,0 days 00:00:00.039000,10.0,10.0,0.6,0.77,0.5,COMPLETE,,,,,,,
30.0,0.0,2024-04-12 14:54:48.788025,2024-04-12 14:54:48.874048,0 days 00:00:00.086023,50.0,20.0,0.5,0.73,0.7000000000000001,COMPLETE,,,,,,,
31.0,0.0,2024-04-12 14:54:48.875048,2024-04-12 14:54:48.915052,0 days 00:00:00.040004,10.0,10.0,0.7000000000000001,0.79,0.6,COMPLETE,,,,,,,
32.0,0.0,2024-04-12 14:54:48.916050,2024-04-12 14:54:48.960051,0 days 00:00:00.044001,20.0,10.0,0.4,0.17,0.9,COMPLETE,,,,,,,
33.0,0.0,2024-04-12 14:54:48.961027,2024-04-12 14:54:49.010050,0 days 00:00:00.049023,10.0,30.0,0.6,0.67,0.6,COMPLETE,,,,,,,
34.0,0.0,2024-04-12 14:54:49.011051,2024-04-12 14:54:49.062051,0 days 00:00:00.051000,20.0,20.0,0.5,0.31,1.0,COMPLETE,,,,,,,
35.0,0.0,2024-04-12 14:54:49.064051,2024-04-12 14:54:49.125051,0 days 00:00:00.061000,20.0,30.0,0.8,0.5700000000000001,0.30000000000000004,COMPLETE,,,,,,,
36.0,0.0,2024-04-12 14:54:49.127052,2024-04-12 14:54:49.172048,0 days 00:00:00.044996,10.0,20.0,0.2,0.25,0.9,COMPLETE,,,,,,,
37.0,0.0,2024-04-12 14:54:49.174053,2024-04-12 14:54:49.231051,0 days 00:00:00.056998,40.0,10.0,0.9,0.73,0.4,COMPLETE,,,,,,,
38.0,0.0,2024-04-12 14:54:49.232050,2024-04-12 14:54:49.286050,0 days 00:00:00.054000,20.0,20.0,0.7000000000000001,0.85,0.2,COMPLETE,,,,,,,
39.0,0.0,2024-04-12 14:54:49.287051,2024-04-12 14:54:49.349050,0 days 00:00:00.061999,10.0,60.0,0.30000000000000004,0.67,0.7000000000000001,COMPLETE,,,,,,,
40.0,0.0,2024-04-12 14:54:49.350050,2024-04-12 14:54:49.427052,0 days 00:00:00.077002,30.0,30.0,0.2,0.7100000000000001,1.0,COMPLETE,,,,,,,
41.0,0.0,2024-04-12 14:54:49.428052,2024-04-12 14:54:49.556050,0 days 00:00:00.127998,40.0,50.0,0.8,0.23,1.0,COMPLETE,,,,,,,
42.0,0.0,2024-04-12 14:54:49.557050,2024-04-12 14:54:49.727050,0 days 00:00:00.170000,50.0,60.0,1.0,0.13,0.9,COMPLETE,,,,,,,
43.0,0.0,2024-04-12 14:54:49.728032,2024-04-12 14:54:49.854051,0 days 00:00:00.126019,40.0,50.0,0.8,0.37,0.8,COMPLETE,,,,,,,
44.0,0.0,2024-04-12 14:54:49.855050,2024-04-12 14:54:49.947052,0 days 00:00:00.092002,30.0,40.0,0.6,0.21000000000000002,1.0,COMPLETE,,,,,,,
45.0,0.0,2024-04-12 14:54:49.948051,2024-04-12 14:54:50.074052,0 days 00:00:00.126001,40.0,50.0,0.4,0.49,0.8,COMPLETE,,,,,,,
46.0,0.0,2024-04-12 14:54:50.076056,2024-04-12 14:54:50.171050,0 days 00:00:00.094994,20.0,60.0,0.5,0.91,0.1,COMPLETE,,,,,,,
47.0,0.0,2024-04-12 14:54:50.172026,2024-04-12 14:54:50.227051,0 days 00:00:00.055025,10.0,40.0,0.7000000000000001,0.31,0.9,COMPLETE,,,,,,,
48.0,0.0,2024-04-12 14:54:50.228050,2024-04-12 14:54:50.293052,0 days 00:00:00.065002,30.0,20.0,0.9,0.45,0.4,COMPLETE,,,,,,,
49.0,0.0,2024-04-12 14:54:50.294051,2024-04-12 14:54:50.399050,0 days 00:00:00.104999,50.0,30.0,0.5,0.09,0.6,COMPLETE,,,,,,,
50.0,0.0,2024-04-12 14:54:50.400051,2024-04-12 14:54:50.447051,0 days 00:00:00.047000,10.0,20.0,0.6,0.63,0.30000000000000004,COMPLETE,,,,,,,
51.0,0.0,2024-04-12 14:54:50.448051,2024-04-12 14:54:50.510026,0 days 00:00:00.061975,20.0,30.0,0.1,0.27,1.0,COMPLETE,,,,,,,
52.0,0.0,2024-04-12 14:54:50.511050,2024-04-12 14:54:50.601051,0 days 00:00:00.090001,40.0,30.0,0.4,0.19,0.9,COMPLETE,,,,,,,
53.0,0.0,2024-04-12 14:54:50.603051,2024-04-12 14:54:50.674107,0 days 00:00:00.071056,20.0,30.0,0.1,0.77,1.0,COMPLETE,,,,,,,
54.0,0.0,2024-04-12 14:54:50.675246,2024-04-12 14:54:50.777349,0 days 00:00:00.102103,30.0,40.0,0.7000000000000001,0.89,0.2,COMPLETE,,,,,,,
55.0,0.0,2024-04-12 14:54:50.778347,2024-04-12 14:54:50.829350,0 days 00:00:00.051003,20.0,10.0,0.8,0.35000000000000003,1.0,COMPLETE,,,,,,,
56.0,0.0,2024-04-12 14:54:50.831349,2024-04-12 14:54:50.881360,0 days 00:00:00.050011,10.0,20.0,0.2,0.43,0.7000000000000001,COMPLETE,,,,,,,
57.0,0.0,2024-04-12 14:54:50.882349,2024-04-12 14:54:50.972349,0 days 00:00:00.090000,30.0,40.0,0.7000000000000001,0.27,0.8,COMPLETE,,,,,,,
58.0,0.0,2024-04-12 14:54:50.973348,2024-04-12 14:54:51.050344,0 days 00:00:00.076996,40.0,20.0,0.6,0.59,0.1,COMPLETE,,,,,,,
59.0,0.0,2024-04-12 14:54:51.051344,2024-04-12 14:54:51.103348,0 days 00:00:00.052004,10.0,30.0,0.30000000000000004,0.51,0.4,COMPLETE,,,,,,,
60.0,0.0,2024-04-12 14:54:51.104348,2024-04-12 14:54:51.170345,0 days 00:00:00.065997,50.0,10.0,0.9,0.99,0.5,COMPLETE,,,,,,,
61.0,0.0,2024-04-12 14:54:51.172359,2024-04-12 14:54:51.239323,0 days 00:00:00.066964,20.0,30.0,0.1,0.65,0.6,COMPLETE,,,,,,,
62.0,0.0,2024-04-12 14:54:51.240349,2024-04-12 14:54:51.305322,0 days 00:00:00.064973,20.0,30.0,0.2,0.6900000000000001,0.6,COMPLETE,,,,,,,
63.0,0.0,2024-04-12 14:54:51.306348,2024-04-12 14:54:51.362347,0 days 00:00:00.055999,10.0,40.0,0.1,0.8300000000000001,0.5,COMPLETE,,,,,,,
64.0,0.0,2024-04-12 14:54:51.363348,2024-04-12 14:54:51.459347,0 days 00:00:00.095999,60.0,20.0,0.2,0.75,0.7000000000000001,COMPLETE,,,,,,,
65.0,0.0,2024-04-12 14:54:51.460349,2024-04-12 14:54:51.555349,0 days 00:00:00.095000,40.0,30.0,0.30000000000000004,0.53,0.30000000000000004,COMPLETE,,,,,,,
66.0,0.0,2024-04-12 14:54:51.556349,2024-04-12 14:54:51.611348,0 days 00:00:00.054999,30.0,10.0,0.5,0.5700000000000001,0.9,COMPLETE,,,,,,,
67.0,0.0,2024-04-12 14:54:51.612350,2024-04-12 14:54:51.670349,0 days 00:00:00.057999,20.0,20.0,0.6,0.61,0.2,COMPLETE,,,,,,,
68.0,0.0,2024-04-12 14:54:51.671348,2024-04-12 14:54:51.724349,0 days 00:00:00.053001,10.0,30.0,0.4,0.81,0.9,COMPLETE,,,,,,,
69.0,0.0,2024-04-12 14:54:51.725349,2024-04-12 14:54:51.783347,0 days 00:00:00.057998,10.0,40.0,0.7000000000000001,0.13,0.5,COMPLETE,,,,,,,
70.0,0.0,2024-04-12 14:54:51.784348,2024-04-12 14:54:51.834347,0 days 00:00:00.049999,20.0,10.0,0.30000000000000004,0.7100000000000001,1.0,COMPLETE,,,,,,,
71.0,0.0,2024-04-12 14:54:51.835347,2024-04-12 14:54:51.897348,0 days 00:00:00.062001,10.0,50.0,0.6,0.6900000000000001,0.2,COMPLETE,,,,,,,
72.0,0.0,2024-04-12 14:54:51.898348,2024-04-12 14:54:51.963348,0 days 00:00:00.065000,10.0,60.0,0.5,0.75,0.1,COMPLETE,,,,,,,
73.0,0.0,2024-04-12 14:54:51.964348,2024-04-12 14:54:52.030349,0 days 00:00:00.066001,10.0,60.0,0.5,0.63,0.30000000000000004,COMPLETE,,,,,,,
74.0,0.0,2024-04-12 14:54:52.031349,2024-04-12 14:54:52.161348,0 days 00:00:00.129999,40.0,50.0,0.7000000000000001,0.79,0.4,COMPLETE,,,,,,,
75.0,0.0,2024-04-12 14:54:52.162348,2024-04-12 14:54:52.236349,0 days 00:00:00.074001,20.0,30.0,0.6,0.29000000000000004,0.2,COMPLETE,,,,,,,
76.0,0.0,2024-04-12 14:54:52.237322,2024-04-12 14:54:52.338320,0 days 00:00:00.100998,20.0,60.0,0.4,0.67,0.6,COMPLETE,,,,,,,
77.0,0.0,2024-04-12 14:54:52.339320,2024-04-12 14:54:52.400349,0 days 00:00:00.061029,10.0,50.0,0.8,0.23,0.2,COMPLETE,,,,,,,
78.0,0.0,2024-04-12 14:54:52.401348,2024-04-12 14:54:52.473348,0 days 00:00:00.072000,30.0,20.0,0.1,0.73,0.7000000000000001,COMPLETE,,,,,,,
79.0,0.0,2024-04-12 14:54:52.474354,2024-04-12 14:54:52.527348,0 days 00:00:00.052994,10.0,20.0,0.6,0.43,0.8,COMPLETE,,,,,,,
80.0,0.0,2024-04-12 14:54:52.528348,2024-04-12 14:54:52.623349,0 days 00:00:00.095001,40.0,30.0,0.2,0.89,0.1,COMPLETE,,,,,,,
81.0,0.0,2024-04-12 14:54:52.625323,2024-04-12 14:54:52.805348,0 days 00:00:00.180025,50.0,60.0,0.30000000000000004,0.65,1.0,COMPLETE,,,,,,,
82.0,0.0,2024-04-12 14:54:52.806348,2024-04-12 14:54:52.985412,0 days 00:00:00.179064,50.0,60.0,0.4,0.7100000000000001,1.0,COMPLETE,,,,,,,
83.0,0.0,2024-04-12 14:54:52.987411,2024-04-12 14:54:53.194410,0 days 00:00:00.206999,60.0,60.0,0.2,0.59,0.30000000000000004,COMPLETE,,,,,,,
84.0,0.0,2024-04-12 14:54:53.195410,2024-04-12 14:54:53.282411,0 days 00:00:00.087001,20.0,50.0,0.4,0.17,1.0,COMPLETE,,,,,,,
85.0,0.0,2024-04-12 14:54:53.283413,2024-04-12 14:54:53.407410,0 days 00:00:00.123997,30.0,60.0,0.5,0.77,0.9,COMPLETE,,,,,,,
86.0,0.0,2024-04-12 14:54:53.409417,2024-04-12 14:54:53.545387,0 days 00:00:00.135970,50.0,40.0,0.7000000000000001,0.33,1.0,COMPLETE,,,,,,,
87.0,0.0,2024-04-12 14:54:53.547387,2024-04-12 14:54:53.601410,0 days 00:00:00.054023,10.0,30.0,0.30000000000000004,0.65,0.9,COMPLETE,,,,,,,
88.0,0.0,2024-04-12 14:54:53.603412,2024-04-12 14:54:53.665387,0 days 00:00:00.061975,40.0,10.0,0.2,0.81,0.2,COMPLETE,,,,,,,
89.0,0.0,2024-04-12 14:54:53.666412,2024-04-12 14:54:53.776411,0 days 00:00:00.109999,30.0,50.0,1.0,0.09,0.8,COMPLETE,,,,,,,
90.0,0.0,2024-04-12 14:54:53.777412,2024-04-12 14:54:53.875412,0 days 00:00:00.098000,20.0,60.0,0.8,0.21000000000000002,1.0,COMPLETE,,,,,,,
91.0,0.0,2024-04-12 14:54:53.877411,2024-04-12 14:54:53.937411,0 days 00:00:00.060000,20.0,20.0,0.7000000000000001,0.6900000000000001,0.6,COMPLETE,,,,,,,
92.0,0.0,2024-04-12 14:54:53.938411,2024-04-12 14:54:54.000410,0 days 00:00:00.061999,20.0,20.0,0.6,0.75,0.7000000000000001,COMPLETE,,,,,,,
93.0,0.0,2024-04-12 14:54:54.001386,2024-04-12 14:54:54.061411,0 days 00:00:00.060025,20.0,20.0,0.30000000000000004,0.61,0.5,COMPLETE,,,,,,,
94.0,0.0,2024-04-12 14:54:54.062410,2024-04-12 14:54:54.118384,0 days 00:00:00.055974,10.0,30.0,0.8,0.7100000000000001,0.6,COMPLETE,,,,,,,
95.0,0.0,2024-04-12 14:54:54.119411,2024-04-12 14:54:54.178383,0 days 00:00:00.058972,20.0,10.0,0.5,0.67,0.9,COMPLETE,,,,,,,
96.0,0.0,2024-04-12 14:54:54.179384,2024-04-12 14:54:54.236410,0 days 00:00:00.057026,10.0,30.0,0.7000000000000001,0.5700000000000001,1.0,COMPLETE,,,,,,,
97.0,0.0,2024-04-12 14:54:54.237412,2024-04-12 14:54:54.315410,0 days 00:00:00.077998,40.0,20.0,0.1,0.39,0.6,COMPLETE,,,,,,,
98.0,0.0,2024-04-12 14:54:54.316410,2024-04-12 14:54:54.388411,0 days 00:00:00.072001,30.0,20.0,0.6,0.85,0.8,COMPLETE,,,,,,,
99.0,0.0,2024-04-12 14:54:54.389422,2024-04-12 14:54:54.516412,0 days 00:00:00.126990,60.0,30.0,0.4,0.49,0.7000000000000001,COMPLETE,,,,,,,
100.0,0.0,2024-04-12 14:54:54.517412,2024-04-12 14:54:54.578386,0 days 00:00:00.060974,10.0,40.0,0.5,0.73,1.0,COMPLETE,,,,,,,
101.0,0.0,2024-04-12 14:54:54.579386,2024-04-12 14:54:54.655412,0 days 00:00:00.076026,60.0,10.0,0.6,0.79,0.7000000000000001,COMPLETE,,,,,,,
102.0,0.0,2024-04-12 14:54:54.656411,2024-04-12 14:54:54.728385,0 days 00:00:00.071974,50.0,10.0,1.0,0.93,0.8,COMPLETE,,,,,,,
103.0,0.0,2024-04-12 14:54:54.730386,2024-04-12 14:54:54.806411,0 days 00:00:00.076025,60.0,10.0,0.9,0.97,0.9,COMPLETE,,,,,,,
104.0,0.0,2024-04-12 14:54:54.808410,2024-04-12 14:54:54.876412,0 days 00:00:00.068002,50.0,10.0,0.9,0.25,0.9,COMPLETE,,,,,,,
105.0,0.0,2024-04-12 14:54:54.877412,2024-04-12 14:54:54.981675,0 days 00:00:00.104263,60.0,20.0,0.7000000000000001,0.61,0.8,COMPLETE,,,,,,,
106.0,0.0,2024-04-12 14:54:54.982854,2024-04-12 14:54:55.034668,0 days 00:00:00.051814,10.0,10.0,1.0,0.55,0.7000000000000001,COMPLETE,,,,,,,
107.0,0.0,2024-04-12 14:54:55.035641,2024-04-12 14:54:55.106669,0 days 00:00:00.071028,20.0,30.0,0.8,0.67,0.6,COMPLETE,,,,,,,
108.0,0.0,2024-04-12 14:54:55.107668,2024-04-12 14:54:55.194670,0 days 00:00:00.087002,40.0,20.0,0.30000000000000004,0.87,0.30000000000000004,COMPLETE,,,,,,,
109.0,0.0,2024-04-12 14:54:55.195668,2024-04-12 14:54:55.346667,0 days 00:00:00.150999,40.0,60.0,0.2,0.6900000000000001,0.5,COMPLETE,,,,,,,
110.0,0.0,2024-04-12 14:54:55.347668,2024-04-12 14:54:55.407667,0 days 00:00:00.059999,10.0,30.0,0.6,0.65,1.0,COMPLETE,,,,,,,
111.0,0.0,2024-04-12 14:54:55.408669,2024-04-12 14:54:55.488670,0 days 00:00:00.080001,20.0,40.0,0.4,0.37,0.4,COMPLETE,,,,,,,
112.0,0.0,2024-04-12 14:54:55.489666,2024-04-12 14:54:55.586671,0 days 00:00:00.097005,30.0,40.0,0.5,0.29000000000000004,0.2,COMPLETE,,,,,,,
113.0,0.0,2024-04-12 14:54:55.587667,2024-04-12 14:54:55.708667,0 days 00:00:00.121000,30.0,50.0,0.4,0.43,0.30000000000000004,COMPLETE,,,,,,,
114.0,0.0,2024-04-12 14:54:55.709669,2024-04-12 14:54:55.803639,0 days 00:00:00.093970,20.0,50.0,0.30000000000000004,0.63,0.4,COMPLETE,,,,,,,
115.0,0.0,2024-04-12 14:54:55.804639,2024-04-12 14:54:55.917666,0 days 00:00:00.113027,50.0,30.0,0.5,0.45,0.2,COMPLETE,,,,,,,
116.0,0.0,2024-04-12 14:54:55.919666,2024-04-12 14:54:56.023667,0 days 00:00:00.104001,20.0,60.0,0.1,0.47000000000000003,0.30000000000000004,COMPLETE,,,,,,,
117.0,0.0,2024-04-12 14:54:56.024669,2024-04-12 14:54:56.090668,0 days 00:00:00.065999,40.0,10.0,0.6,0.53,1.0,COMPLETE,,,,,,,
118.0,0.0,2024-04-12 14:54:56.092642,2024-04-12 14:54:56.174667,0 days 00:00:00.082025,20.0,40.0,0.9,0.73,0.1,COMPLETE,,,,,,,
119.0,0.0,2024-04-12 14:54:56.175667,2024-04-12 14:54:56.248667,0 days 00:00:00.073000,30.0,20.0,0.7000000000000001,0.35000000000000003,0.6,COMPLETE,,,,,,,
120.0,0.0,2024-04-12 14:54:56.249669,2024-04-12 14:54:56.303667,0 days 00:00:00.053998,10.0,20.0,0.2,0.41000000000000003,0.9,COMPLETE,,,,,,,
121.0,0.0,2024-04-12 14:54:56.304667,2024-04-12 14:54:56.368666,0 days 00:00:00.063999,10.0,40.0,0.4,0.19,0.1,COMPLETE,,,,,,,
122.0,0.0,2024-04-12 14:54:56.369666,2024-04-12 14:54:56.432669,0 days 00:00:00.063003,10.0,40.0,0.4,0.9500000000000001,0.1,COMPLETE,,,,,,,
123.0,0.0,2024-04-12 14:54:56.433669,2024-04-12 14:54:56.492641,0 days 00:00:00.058972,10.0,30.0,0.30000000000000004,0.93,0.2,COMPLETE,,,,,,,
124.0,0.0,2024-04-12 14:54:56.493669,2024-04-12 14:54:56.556668,0 days 00:00:00.062999,10.0,40.0,0.4,0.99,0.5,COMPLETE,,,,,,,
125.0,0.0,2024-04-12 14:54:56.557665,2024-04-12 14:54:56.626668,0 days 00:00:00.069003,10.0,50.0,0.5,0.75,0.30000000000000004,COMPLETE,,,,,,,
126.0,0.0,2024-04-12 14:54:56.628667,2024-04-12 14:54:56.701667,0 days 00:00:00.073000,20.0,30.0,0.7000000000000001,0.77,0.1,COMPLETE,,,,,,,
127.0,0.0,2024-04-12 14:54:56.702666,2024-04-12 14:54:56.822669,0 days 00:00:00.120003,50.0,30.0,0.4,0.8300000000000001,0.2,COMPLETE,,,,,,,
128.0,0.0,2024-04-12 14:54:56.823667,2024-04-12 14:54:56.930665,0 days 00:00:00.106998,20.0,60.0,0.6,0.87,0.8,COMPLETE,,,,,,,
129.0,0.0,2024-04-12 14:54:56.931675,2024-04-12 14:54:57.071666,0 days 00:00:00.139991,40.0,50.0,0.30000000000000004,0.6900000000000001,1.0,COMPLETE,,,,,,,
130.0,0.0,2024-04-12 14:54:57.072676,2024-04-12 14:54:57.126444,0 days 00:00:00.053768,10.0,10.0,0.8,0.7100000000000001,0.4,COMPLETE,,,,,,,
131.0,0.0,2024-04-12 14:54:57.127642,2024-04-12 14:54:57.205193,0 days 00:00:00.077551,30.0,20.0,0.9,0.59,0.30000000000000004,COMPLETE,,,,,,,
132.0,0.0,2024-04-12 14:54:57.206191,2024-04-12 14:54:57.282193,0 days 00:00:00.076002,30.0,20.0,1.0,0.53,0.4,COMPLETE,,,,,,,
133.0,0.0,2024-04-12 14:54:57.284192,2024-04-12 14:54:57.365166,0 days 00:00:00.080974,30.0,20.0,0.8,0.63,0.7000000000000001,COMPLETE,,,,,,,
134.0,0.0,2024-04-12 14:54:57.366165,2024-04-12 14:54:57.433193,0 days 00:00:00.067028,20.0,20.0,0.9,0.55,0.5,COMPLETE,,,,,,,
135.0,0.0,2024-04-12 14:54:57.434196,2024-04-12 14:54:57.556192,0 days 00:00:00.121996,40.0,40.0,1.0,0.91,0.6,COMPLETE,,,,,,,
136.0,0.0,2024-04-12 14:54:57.558195,2024-04-12 14:54:57.648192,0 days 00:00:00.089997,30.0,30.0,0.9,0.65,0.9,COMPLETE,,,,,,,
137.0,0.0,2024-04-12 14:54:57.649193,2024-04-12 14:54:57.702193,0 days 00:00:00.053000,10.0,10.0,0.1,0.25,0.4,COMPLETE,,,,,,,
138.0,0.0,2024-04-12 14:54:57.703192,2024-04-12 14:54:57.768192,0 days 00:00:00.065000,20.0,20.0,0.8,0.67,1.0,COMPLETE,,,,,,,
139.0,0.0,2024-04-12 14:54:57.769192,2024-04-12 14:54:57.928194,0 days 00:00:00.159002,40.0,60.0,0.5,0.15000000000000002,0.30000000000000004,COMPLETE,,,,,,,
140.0,0.0,2024-04-12 14:54:57.929193,2024-04-12 14:54:57.994192,0 days 00:00:00.064999,10.0,30.0,0.4,0.5700000000000001,0.2,COMPLETE,,,,,,,
141.0,0.0,2024-04-12 14:54:57.995192,2024-04-12 14:54:58.067191,0 days 00:00:00.071999,20.0,30.0,0.5,0.06999999999999999,0.7000000000000001,COMPLETE,,,,,,,
142.0,0.0,2024-04-12 14:54:58.068194,2024-04-12 14:54:58.140194,0 days 00:00:00.072000,20.0,30.0,0.5,0.06999999999999999,0.8,COMPLETE,,,,,,,
143.0,0.0,2024-04-12 14:54:58.141192,2024-04-12 14:54:58.215192,0 days 00:00:00.074000,20.0,30.0,0.6,0.31,0.9,COMPLETE,,,,,,,
144.0,0.0,2024-04-12 14:54:58.216194,2024-04-12 14:54:58.315193,0 days 00:00:00.098999,60.0,20.0,0.4,0.03,1.0,COMPLETE,,,,,,,
145.0,0.0,2024-04-12 14:54:58.316192,2024-04-12 14:54:58.395193,0 days 00:00:00.079001,20.0,30.0,0.5,0.63,0.6,COMPLETE,,,,,,,
146.0,0.0,2024-04-12 14:54:58.397193,2024-04-12 14:54:58.455193,0 days 00:00:00.058000,10.0,20.0,0.7000000000000001,0.49,0.8,COMPLETE,,,,,,,
147.0,0.0,2024-04-12 14:54:58.456196,2024-04-12 14:54:58.540169,0 days 00:00:00.083973,20.0,40.0,0.6,0.61,0.7000000000000001,COMPLETE,,,,,,,
148.0,0.0,2024-04-12 14:54:58.541192,2024-04-12 14:54:58.604193,0 days 00:00:00.063001,30.0,10.0,0.2,0.33,0.5,COMPLETE,,,,,,,
149.0,0.0,2024-04-12 14:54:58.605193,2024-04-12 14:54:58.787192,0 days 00:00:00.181999,50.0,60.0,0.5,0.37,0.6,COMPLETE,,,,,,,
150.0,0.0,2024-04-12 14:54:58.788194,2024-04-12 14:54:58.849193,0 days 00:00:00.060999,10.0,30.0,0.30000000000000004,0.01,0.9,COMPLETE,,,,,,,
151.0,0.0,2024-04-12 14:54:58.850193,2024-04-12 14:54:58.909191,0 days 00:00:00.058998,10.0,20.0,0.30000000000000004,0.51,0.1,COMPLETE,,,,,,,
152.0,0.0,2024-04-12 14:54:58.911199,2024-04-12 14:54:58.972170,0 days 00:00:00.060971,10.0,20.0,0.4,0.47000000000000003,0.1,COMPLETE,,,,,,,
153.0,0.0,2024-04-12 14:54:58.974170,2024-04-12 14:54:59.035168,0 days 00:00:00.060998,10.0,20.0,0.2,0.13,0.1,COMPLETE,,,,,,,
154.0,0.0,2024-04-12 14:54:59.036202,2024-04-12 14:54:59.093193,0 days 00:00:00.056991,10.0,20.0,0.30000000000000004,0.41000000000000003,0.2,COMPLETE,,,,,,,
155.0,0.0,2024-04-12 14:54:59.094168,2024-04-12 14:54:59.161194,0 days 00:00:00.067026,20.0,20.0,0.1,0.47000000000000003,0.1,COMPLETE,,,,,,,
156.0,0.0,2024-04-12 14:54:59.162191,2024-04-12 14:54:59.254504,0 days 00:00:00.092313,40.0,20.0,0.2,0.67,1.0,COMPLETE,,,,,,,
157.0,0.0,2024-04-12 14:54:59.255648,2024-04-12 14:54:59.415886,0 days 00:00:00.160238,60.0,40.0,0.6,0.7100000000000001,0.2,COMPLETE,,,,,,,
