number,value,datetime_start,datetime_complete,duration,params_Max_iter,params_SearchAgents_no,params_ap,params_e_loss,params_s_force,state,SearchAgents_no,Max_iter,s_force,e_loss,ap,best_value,record_type
0.0,0.0,2024-04-12 12:50:48.727690,2024-04-12 12:50:49.300689,0 days 00:00:00.572999,100.0,100.0,0.45999999999999996,0.27,0.42000000000000004,COMPLETE,,,,,,,
1.0,0.0,2024-04-12 12:50:49.302689,2024-04-12 12:50:49.463693,0 days 00:00:00.161004,40.0,70.0,0.6799999999999999,0.8300000000000001,0.96,COMPLETE,,,,,,,
2.0,0.0,2024-04-12 12:50:49.465692,2024-04-12 12:50:49.501691,0 days 00:00:00.035999,20.0,30.0,0.16,0.93,0.2,COMPLETE,,,,,,,
3.0,0.0,2024-04-12 12:50:49.503690,2024-04-12 12:50:49.638689,0 days 00:00:00.134999,80.0,30.0,0.78,0.77,0.86,COMPLETE,,,,,,,
4.0,0.0,2024-04-12 12:50:49.640690,2024-04-12 12:50:49.764227,0 days 00:00:00.123537,70.0,30.0,0.62,0.37,0.84,COMPLETE,,,,,,,
5.0,0.0,2024-04-12 12:50:49.765308,2024-04-12 12:50:49.848829,0 days 00:00:00.083521,20.0,70.0,0.72,0.8300000000000001,0.14,COMPLETE,,,,,,,
6.0,0.0,2024-04-12 12:50:49.849830,2024-04-12 12:50:49.974856,0 days 00:00:00.125026,30.0,80.0,0.42000000000000004,0.05,0.58,COMPLETE,,,,,,,
7.0,0.0,2024-04-12 12:50:49.975832,2024-04-12 12:50:50.206831,0 days 00:00:00.230999,60.0,70.0,0.30000000000000004,0.67,0.48,COMPLETE,,,,,,,
8.0,0.0,2024-04-12 12:50:50.208831,2024-04-12 12:50:50.395852,0 days 00:00:00.187021,70.0,50.0,0.54,0.5700000000000001,0.8,COMPLETE,,,,,,,
9.0,0.0,2024-04-12 12:50:50.396831,2024-04-12 12:50:50.410856,0 days 00:00:00.014025,20.0,10.0,0.45999999999999996,0.37,1.0,COMPLETE,,,,,,,
10.0,0.0,2024-04-12 12:50:50.411829,2024-04-12 12:50:51.022831,0 days 00:00:00.611002,100.0,100.0,1.0,0.03,0.38,COMPLETE,,,,,,,
11.0,0.0,2024-04-12 12:50:51.023832,2024-04-12 12:50:51.268852,0 days 00:00:00.245020,40.0,100.0,0.82,0.23,0.62,COMPLETE,,,,,,,
12.0,0.0,2024-04-12 12:50:51.269832,2024-04-12 12:50:51.795856,0 days 00:00:00.526024,100.0,90.0,0.32,0.43,0.32,COMPLETE,,,,,,,
13.0,0.0,2024-04-12 12:50:51.796853,2024-04-12 12:50:51.988290,0 days 00:00:00.191437,50.0,60.0,0.66,0.25,0.6799999999999999,COMPLETE,,,,,,,
14.0,0.0,2024-04-12 12:50:51.989292,2024-04-12 12:50:52.191321,0 days 00:00:00.202029,40.0,80.0,0.98,0.5700000000000001,0.42000000000000004,COMPLETE,,,,,,,
15.0,0.0,2024-04-12 12:50:52.192316,2024-04-12 12:50:52.465320,0 days 00:00:00.273004,90.0,50.0,0.54,0.21000000000000002,1.0,COMPLETE,,,,,,,
16.0,0.0,2024-04-12 12:50:52.466313,2024-04-12 12:50:52.763324,0 days 00:00:00.297011,50.0,90.0,0.1,0.99,0.26,COMPLETE,,,,,,,
17.0,0.0,2024-04-12 12:50:52.764292,2024-04-12 12:50:53.083290,0 days 00:00:00.318998,80.0,60.0,0.36,0.73,0.7,COMPLETE,,,,,,,
18.0,0.0,2024-04-12 12:50:53.084291,2024-04-12 12:50:53.313291,0 days 00:00:00.229000,40.0,90.0,0.84,0.5700000000000001,0.52,COMPLETE,,,,,,,
19.0,0.0,2024-04-12 12:50:53.314293,2024-04-12 12:50:53.367292,0 days 00:00:00.052999,10.0,40.0,0.24000000000000002,0.15000000000000002,0.74,COMPLETE,,,,,,,
20.0,0.0,2024-04-12 12:50:53.368292,2024-04-12 12:50:53.645319,0 days 00:00:00.277027,60.0,70.0,0.48,0.87,0.1,COMPLETE,,,,,,,
21.0,0.0,2024-04-12 12:50:53.646318,2024-04-12 12:50:53.684291,0 days 00:00:00.037973,10.0,10.0,0.1,0.97,0.22,COMPLETE,,,,,,,
22.0,0.0,2024-04-12 12:50:53.686292,2024-04-12 12:50:53.764317,0 days 00:00:00.078025,30.0,30.0,0.2,0.93,0.18,COMPLETE,,,,,,,
23.0,0.0,2024-04-12 12:50:53.765292,2024-04-12 12:50:53.830313,0 days 00:00:00.065021,30.0,20.0,0.64,0.67,0.30000000000000004,COMPLETE,,,,,,,
24.0,0.0,2024-04-12 12:50:53.831292,2024-04-12 12:50:53.912292,0 days 00:00:00.081000,20.0,40.0,0.9,0.87,0.42000000000000004,COMPLETE,,,,,,,
25.0,0.0,2024-04-12 12:50:53.914291,2024-04-12 12:50:54.172362,0 days 00:00:00.258071,50.0,80.0,0.2,0.47000000000000003,0.36,COMPLETE,,,,,,,
26.0,0.0,2024-04-12 12:50:54.173364,2024-04-12 12:50:54.281341,0 days 00:00:00.107977,30.0,40.0,0.7,0.79,0.48,COMPLETE,,,,,,,
27.0,0.0,2024-04-12 12:50:54.282341,2024-04-12 12:50:54.330339,0 days 00:00:00.047998,10.0,20.0,0.58,0.91,0.92,COMPLETE,,,,,,,
28.0,0.0,2024-04-12 12:50:54.331341,2024-04-12 12:50:54.589367,0 days 00:00:00.258026,40.0,100.0,0.42000000000000004,0.31,0.26,COMPLETE,,,,,,,
29.0,0.0,2024-04-12 12:50:54.590364,2024-04-12 12:50:54.886369,0 days 00:00:00.296005,80.0,60.0,0.16,0.73,0.6,COMPLETE,,,,,,,
30.0,0.0,2024-04-12 12:50:54.887342,2024-04-12 12:50:55.012368,0 days 00:00:00.125026,90.0,20.0,0.76,0.11,0.9,COMPLETE,,,,,,,
31.0,0.0,2024-04-12 12:50:55.013343,2024-04-12 12:50:55.207340,0 days 00:00:00.193997,90.0,30.0,0.78,0.77,0.86,COMPLETE,,,,,,,
32.0,0.0,2024-04-12 12:50:55.208340,2024-04-12 12:50:55.356363,0 days 00:00:00.148023,70.0,30.0,0.9,0.65,0.8,COMPLETE,,,,,,,
33.0,0.0,2024-04-12 12:50:55.357369,2024-04-12 12:50:55.623363,0 days 00:00:00.265994,80.0,50.0,0.7,0.87,0.96,COMPLETE,,,,,,,
34.0,0.0,2024-04-12 12:50:55.624363,2024-04-12 12:50:55.878341,0 days 00:00:00.253978,100.0,40.0,0.6,0.81,0.86,COMPLETE,,,,,,,
35.0,0.0,2024-04-12 12:50:55.879342,2024-04-12 12:50:56.141044,0 days 00:00:00.261702,60.0,70.0,0.5,0.93,0.76,COMPLETE,,,,,,,
36.0,0.0,2024-04-12 12:50:56.142135,2024-04-12 12:50:56.197731,0 days 00:00:00.055596,20.0,20.0,0.36,0.73,0.54,COMPLETE,,,,,,,
37.0,0.0,2024-04-12 12:50:56.198710,2024-04-12 12:50:56.424562,0 days 00:00:00.225852,70.0,50.0,0.74,0.63,0.14,COMPLETE,,,,,,,
38.0,0.0,2024-04-12 12:50:56.426564,2024-04-12 12:50:56.847589,0 days 00:00:00.421025,90.0,80.0,0.66,0.33,0.94,COMPLETE,,,,,,,
39.0,0.0,2024-04-12 12:50:56.848588,2024-04-12 12:50:56.943588,0 days 00:00:00.095000,100.0,10.0,0.82,0.51,0.64,COMPLETE,,,,,,,
40.0,0.0,2024-04-12 12:50:56.944572,2024-04-12 12:50:57.092562,0 days 00:00:00.147990,30.0,70.0,0.28,0.43,0.82,COMPLETE,,,,,,,
41.0,0.0,2024-04-12 12:50:57.093563,2024-04-12 12:50:57.238562,0 days 00:00:00.144999,70.0,30.0,0.62,0.27,0.86,COMPLETE,,,,,,,
42.0,0.0,2024-04-12 12:50:57.239589,2024-04-12 12:50:57.369564,0 days 00:00:00.129975,60.0,30.0,0.56,0.17,0.96,COMPLETE,,,,,,,
43.0,0.0,2024-04-12 12:50:57.370564,2024-04-12 12:50:57.578564,0 days 00:00:00.208000,80.0,40.0,0.42000000000000004,0.8300000000000001,1.0,COMPLETE,,,,,,,
44.0,0.0,2024-04-12 12:50:57.579564,2024-04-12 12:50:57.963611,0 days 00:00:00.384047,70.0,90.0,0.7,0.37,0.74,COMPLETE,,,,,,,
45.0,0.0,2024-04-12 12:50:57.964589,2024-04-12 12:50:58.055562,0 days 00:00:00.090973,50.0,20.0,0.78,0.37,0.44000000000000006,COMPLETE,,,,,,,
46.0,0.0,2024-04-12 12:50:58.056562,2024-04-12 12:50:58.309914,0 days 00:00:00.253352,80.0,50.0,0.88,0.51,0.8,COMPLETE,,,,,,,
47.0,0.0,2024-04-12 12:50:58.310895,2024-04-12 12:50:58.839596,0 days 00:00:00.528701,90.0,100.0,0.96,0.43,0.66,COMPLETE,,,,,,,
48.0,0.0,2024-04-12 12:50:58.840596,2024-04-12 12:50:59.071674,0 days 00:00:00.231078,60.0,60.0,0.54,0.29000000000000004,0.58,COMPLETE,,,,,,,
49.0,0.0,2024-04-12 12:50:59.072686,2024-04-12 12:50:59.142701,0 days 00:00:00.070015,20.0,30.0,0.6799999999999999,0.99,0.36,COMPLETE,,,,,,,
50.0,0.0,2024-04-12 12:50:59.143676,2024-04-12 12:50:59.599674,0 days 00:00:00.455998,100.0,80.0,0.5,0.11,0.88,COMPLETE,,,,,,,
51.0,0.0,2024-04-12 12:50:59.600676,2024-04-12 12:50:59.709700,0 days 00:00:00.109024,20.0,70.0,0.72,0.8300000000000001,0.18,COMPLETE,,,,,,,
52.0,0.0,2024-04-12 12:50:59.711676,2024-04-12 12:50:59.848701,0 days 00:00:00.137025,20.0,90.0,0.64,0.91,0.14,COMPLETE,,,,,,,
53.0,0.0,2024-04-12 12:50:59.849674,2024-04-12 12:51:00.060703,0 days 00:00:00.211029,40.0,80.0,0.8,0.77,0.1,COMPLETE,,,,,,,
54.0,0.0,2024-04-12 12:51:00.061676,2024-04-12 12:51:00.136696,0 days 00:00:00.075020,10.0,70.0,0.86,0.85,0.24000000000000002,COMPLETE,,,,,,,
55.0,0.0,2024-04-12 12:51:00.137702,2024-04-12 12:51:00.192702,0 days 00:00:00.055000,30.0,10.0,0.62,0.23,0.32,COMPLETE,,,,,,,
56.0,0.0,2024-04-12 12:51:00.194678,2024-04-12 12:51:00.409504,0 days 00:00:00.214826,50.0,60.0,0.74,0.9500000000000001,0.2,COMPLETE,,,,,,,
57.0,0.0,2024-04-12 12:51:00.410524,2024-04-12 12:51:00.470139,0 days 00:00:00.059615,10.0,40.0,0.33999999999999997,0.6900000000000001,0.7,COMPLETE,,,,,,,
58.0,0.0,2024-04-12 12:51:00.471136,2024-04-12 12:51:00.730136,0 days 00:00:00.259000,40.0,100.0,0.14,0.61,0.28,COMPLETE,,,,,,,
59.0,0.0,2024-04-12 12:51:00.731132,2024-04-12 12:51:00.857137,0 days 00:00:00.126005,80.0,20.0,0.45999999999999996,0.37,0.16,COMPLETE,,,,,,,
60.0,0.0,2024-04-12 12:51:00.858113,2024-04-12 12:51:01.007119,0 days 00:00:00.149006,40.0,50.0,0.28,0.19,0.5,COMPLETE,,,,,,,
61.0,0.0,2024-04-12 12:51:01.008110,2024-04-12 12:51:01.177110,0 days 00:00:00.169000,30.0,80.0,0.42000000000000004,0.01,0.44000000000000006,COMPLETE,,,,,,,
62.0,0.0,2024-04-12 12:51:01.178110,2024-04-12 12:51:01.286111,0 days 00:00:00.108001,20.0,60.0,0.54,0.06999999999999999,0.98,COMPLETE,,,,,,,
63.0,0.0,2024-04-12 12:51:01.287111,2024-04-12 12:51:01.480135,0 days 00:00:00.193024,30.0,90.0,0.58,0.55,0.76,COMPLETE,,,,,,,
64.0,0.0,2024-04-12 12:51:01.481135,2024-04-12 12:51:01.597136,0 days 00:00:00.116001,20.0,70.0,0.38,0.89,0.92,COMPLETE,,,,,,,
65.0,0.0,2024-04-12 12:51:01.598136,2024-04-12 12:51:01.760111,0 days 00:00:00.161975,30.0,70.0,0.45999999999999996,0.7100000000000001,0.38,COMPLETE,,,,,,,
66.0,0.0,2024-04-12 12:51:01.761112,2024-04-12 12:51:01.934134,0 days 00:00:00.173022,30.0,80.0,0.66,0.77,0.1,COMPLETE,,,,,,,
67.0,0.0,2024-04-12 12:51:01.935111,2024-04-12 12:51:02.007112,0 days 00:00:00.072001,20.0,30.0,0.22,0.13,0.56,COMPLETE,,,,,,,
68.0,0.0,2024-04-12 12:51:02.008111,2024-04-12 12:51:02.478719,0 days 00:00:00.470608,90.0,90.0,0.5,0.05,0.82,COMPLETE,,,,,,,
69.0,0.0,2024-04-12 12:51:02.479826,2024-04-12 12:51:02.746544,0 days 00:00:00.266718,40.0,100.0,0.76,0.47000000000000003,0.62,COMPLETE,,,,,,,
70.0,0.0,2024-04-12 12:51:02.747544,2024-04-12 12:51:02.822567,0 days 00:00:00.075023,10.0,60.0,0.84,0.9500000000000001,0.22,COMPLETE,,,,,,,
71.0,0.0,2024-04-12 12:51:02.823564,2024-04-12 12:51:03.095542,0 days 00:00:00.271978,60.0,70.0,0.30000000000000004,0.79,0.48,COMPLETE,,,,,,,
72.0,0.0,2024-04-12 12:51:03.096570,2024-04-12 12:51:03.435549,0 days 00:00:00.338979,70.0,80.0,0.18,0.33,0.4,COMPLETE,,,,,,,
73.0,0.0,2024-04-12 12:51:03.436543,2024-04-12 12:51:03.610544,0 days 00:00:00.174001,60.0,40.0,0.26,0.75,0.45999999999999996,COMPLETE,,,,,,,
74.0,0.0,2024-04-12 12:51:03.612544,2024-04-12 12:51:03.928565,0 days 00:00:00.316021,70.0,70.0,0.38,0.81,0.52,COMPLETE,,,,,,,
75.0,0.0,2024-04-12 12:51:03.929542,2024-04-12 12:51:04.132567,0 days 00:00:00.203025,50.0,60.0,0.44000000000000006,0.89,0.33999999999999997,COMPLETE,,,,,,,
76.0,0.0,2024-04-12 12:51:04.133544,2024-04-12 12:51:04.315566,0 days 00:00:00.182022,80.0,30.0,0.14,0.67,0.84,COMPLETE,,,,,,,
77.0,0.0,2024-04-12 12:51:04.316564,2024-04-12 12:51:04.657696,0 days 00:00:00.341132,60.0,90.0,0.1,0.85,0.92,COMPLETE,,,,,,,
78.0,0.0,2024-04-12 12:51:04.658802,2024-04-12 12:51:04.974627,0 days 00:00:00.315825,70.0,70.0,0.6799999999999999,0.61,0.7,COMPLETE,,,,,,,
79.0,0.0,2024-04-12 12:51:04.975626,2024-04-12 12:51:05.445627,0 days 00:00:00.470001,100.0,80.0,0.58,0.23,0.88,COMPLETE,,,,,,,
80.0,0.0,2024-04-12 12:51:05.446627,2024-04-12 12:51:05.568652,0 days 00:00:00.122025,50.0,30.0,0.32,0.55,0.78,COMPLETE,,,,,,,
81.0,0.0,2024-04-12 12:51:05.569651,2024-04-12 12:51:05.800650,0 days 00:00:00.230999,70.0,50.0,0.54,0.47000000000000003,0.9,COMPLETE,,,,,,,
82.0,0.0,2024-04-12 12:51:05.801627,2024-04-12 12:51:05.921652,0 days 00:00:00.120025,70.0,20.0,0.62,0.59,0.98,COMPLETE,,,,,,,
83.0,0.0,2024-04-12 12:51:05.922650,2024-04-12 12:51:06.100627,0 days 00:00:00.177977,60.0,40.0,0.52,0.7100000000000001,0.14,COMPLETE,,,,,,,
84.0,0.0,2024-04-12 12:51:06.101625,2024-04-12 12:51:06.270648,0 days 00:00:00.169023,80.0,30.0,0.72,0.41000000000000003,0.84,COMPLETE,,,,,,,
85.0,0.0,2024-04-12 12:51:06.272627,2024-04-12 12:51:06.630626,0 days 00:00:00.357999,90.0,60.0,0.38,0.65,0.58,COMPLETE,,,,,,,
86.0,0.0,2024-04-12 12:51:06.631626,2024-04-12 12:51:06.728265,0 days 00:00:00.096639,20.0,50.0,0.48,0.53,0.72,COMPLETE,,,,,,,
87.0,0.0,2024-04-12 12:51:06.729916,2024-04-12 12:51:06.837270,0 days 00:00:00.107354,60.0,20.0,0.6,0.27,0.66,COMPLETE,,,,,,,
88.0,0.0,2024-04-12 12:51:06.838245,2024-04-12 12:51:06.967246,0 days 00:00:00.129001,40.0,40.0,0.24000000000000002,0.8300000000000001,0.26,COMPLETE,,,,,,,
89.0,0.0,2024-04-12 12:51:06.969245,2024-04-12 12:51:07.288245,0 days 00:00:00.319000,70.0,70.0,0.8,0.75,0.8,COMPLETE,,,,,,,
90.0,0.0,2024-04-12 12:51:07.289245,2024-04-12 12:51:07.350271,0 days 00:00:00.061026,30.0,10.0,0.6799999999999999,0.79,0.94,COMPLETE,,,,,,,
91.0,0.0,2024-04-12 12:51:07.351243,2024-04-12 12:51:07.405269,0 days 00:00:00.054026,20.0,10.0,0.42000000000000004,0.31,1.0,COMPLETE,,,,,,,
92.0,0.0,2024-04-12 12:51:07.407246,2024-04-12 12:51:07.462265,0 days 00:00:00.055019,10.0,20.0,0.33999999999999997,0.41000000000000003,0.96,COMPLETE,,,,,,,
93.0,0.0,2024-04-12 12:51:07.463244,2024-04-12 12:51:07.592246,0 days 00:00:00.129002,20.0,80.0,0.45999999999999996,0.35000000000000003,0.9,COMPLETE,,,,,,,
94.0,0.0,2024-04-12 12:51:07.593244,2024-04-12 12:51:07.907265,0 days 00:00:00.314021,80.0,60.0,0.52,0.19,0.94,COMPLETE,,,,,,,
95.0,0.0,2024-04-12 12:51:07.908269,2024-04-12 12:51:07.996269,0 days 00:00:00.088000,20.0,40.0,0.72,0.49,0.54,COMPLETE,,,,,,,
96.0,0.0,2024-04-12 12:51:07.997246,2024-04-12 12:51:08.058267,0 days 00:00:00.061021,30.0,10.0,0.4,0.87,0.98,COMPLETE,,,,,,,
97.0,0.0,2024-04-12 12:51:08.060243,2024-04-12 12:51:08.306406,0 days 00:00:00.246163,50.0,70.0,0.64,0.97,0.30000000000000004,COMPLETE,,,,,,,
98.0,0.0,2024-04-12 12:51:08.308381,2024-04-12 12:51:08.403454,0 days 00:00:00.095073,20.0,50.0,0.56,0.43,0.42000000000000004,COMPLETE,,,,,,,
99.0,0.0,2024-04-12 12:51:08.405381,2024-04-12 12:51:08.464550,0 days 00:00:00.059169,10.0,30.0,0.48,0.39,0.12000000000000001,COMPLETE,,,,,,,
100.0,0.0,2024-04-12 12:51:08.465542,2024-04-12 12:51:09.016309,0 days 00:00:00.550767,90.0,100.0,0.44000000000000006,0.6900000000000001,0.5,COMPLETE,,,,,,,
101.0,0.0,2024-04-12 12:51:09.017316,2024-04-12 12:51:09.605336,0 days 00:00:00.588020,100.0,100.0,0.58,0.09,0.38,COMPLETE,,,,,,,
102.0,0.0,2024-04-12 12:51:09.606309,2024-04-12 12:51:10.115348,0 days 00:00:00.509039,90.0,100.0,0.98,0.01,0.45999999999999996,COMPLETE,,,,,,,
103.0,0.0,2024-04-12 12:51:10.116350,2024-04-12 12:51:10.642347,0 days 00:00:00.525997,100.0,90.0,0.9,0.15000000000000002,0.2,COMPLETE,,,,,,,
104.0,0.0,2024-04-12 12:51:10.643350,2024-04-12 12:51:11.212513,0 days 00:00:00.569163,100.0,100.0,0.94,0.03,0.88,COMPLETE,,,,,,,
105.0,0.0,2024-04-12 12:51:11.213508,2024-04-12 12:51:11.731487,0 days 00:00:00.517979,100.0,90.0,0.76,0.05,0.4,COMPLETE,,,,,,,
106.0,0.0,2024-04-12 12:51:11.732489,2024-04-12 12:51:11.905513,0 days 00:00:00.173024,30.0,80.0,0.66,0.93,0.18,COMPLETE,,,,,,,
107.0,0.0,2024-04-12 12:51:11.906513,2024-04-12 12:51:12.219486,0 days 00:00:00.312973,70.0,70.0,1.0,0.09,0.33999999999999997,COMPLETE,,,,,,,
108.0,0.0,2024-04-12 12:51:12.220488,2024-04-12 12:51:12.453487,0 days 00:00:00.232999,80.0,40.0,0.94,0.81,0.44000000000000006,COMPLETE,,,,,,,
109.0,0.0,2024-04-12 12:51:12.454487,2024-04-12 12:51:12.796513,0 days 00:00:00.342026,60.0,90.0,0.52,0.89,0.82,COMPLETE,,,,,,,
110.0,0.0,2024-04-12 12:51:12.797488,2024-04-12 12:51:12.876513,0 days 00:00:00.079025,20.0,30.0,0.6,0.85,1.0,COMPLETE,,,,,,,
111.0,0.0,2024-04-12 12:51:12.877489,2024-04-12 12:51:13.141384,0 days 00:00:00.263895,40.0,100.0,0.82,0.23,0.62,COMPLETE,,,,,,,
112.0,0.0,2024-04-12 12:51:13.142489,2024-04-12 12:51:13.456666,0 days 00:00:00.314177,50.0,100.0,0.86,0.25,0.56,COMPLETE,,,,,,,
113.0,0.0,2024-04-12 12:51:13.457669,2024-04-12 12:51:13.721641,0 days 00:00:00.263972,40.0,100.0,0.74,0.31,0.52,COMPLETE,,,,,,,
114.0,0.0,2024-04-12 12:51:13.722642,2024-04-12 12:51:13.860640,0 days 00:00:00.137998,30.0,60.0,0.78,0.11,0.78,COMPLETE,,,,,,,
115.0,0.0,2024-04-12 12:51:13.861640,2024-04-12 12:51:14.004667,0 days 00:00:00.143027,20.0,90.0,0.7,0.45,0.6,COMPLETE,,,,,,,
116.0,0.0,2024-04-12 12:51:14.005642,2024-04-12 12:51:14.104666,0 days 00:00:00.099024,10.0,100.0,0.18,0.17,0.48,COMPLETE,,,,,,,
117.0,0.0,2024-04-12 12:51:14.106643,2024-04-12 12:51:14.199641,0 days 00:00:00.092998,40.0,20.0,0.62,0.27,0.86,COMPLETE,,,,,,,
118.0,0.0,2024-04-12 12:51:14.200642,2024-04-12 12:51:14.484667,0 days 00:00:00.284025,60.0,70.0,0.6799999999999999,0.5700000000000001,0.66,COMPLETE,,,,,,,
119.0,0.0,2024-04-12 12:51:14.485665,2024-04-12 12:51:14.658665,0 days 00:00:00.173000,30.0,80.0,0.4,0.35000000000000003,0.84,COMPLETE,,,,,,,
120.0,0.0,2024-04-12 12:51:14.660641,2024-04-12 12:51:14.982641,0 days 00:00:00.322000,100.0,50.0,0.5,0.63,0.74,COMPLETE,,,,,,,
121.0,0.0,2024-04-12 12:51:14.983641,2024-04-12 12:51:15.473687,0 days 00:00:00.490046,90.0,90.0,0.28,0.37,0.36,COMPLETE,,,,,,,
122.0,0.0,2024-04-12 12:51:15.474682,2024-04-12 12:51:16.067679,0 days 00:00:00.592997,100.0,100.0,0.30000000000000004,0.39,0.42000000000000004,COMPLETE,,,,,,,
123.0,0.0,2024-04-12 12:51:16.068681,2024-04-12 12:51:16.555679,0 days 00:00:00.486998,100.0,80.0,0.36,0.49,0.30000000000000004,COMPLETE,,,,,,,
124.0,0.0,2024-04-12 12:51:16.556683,2024-04-12 12:51:17.088701,0 days 00:00:00.532018,100.0,90.0,0.44000000000000006,0.45,0.16,COMPLETE,,,,,,,
125.0,0.0,2024-04-12 12:51:17.089704,2024-04-12 12:51:17.219681,0 days 00:00:00.129977,50.0,30.0,0.32,0.75,0.24000000000000002,COMPLETE,,,,,,,
126.0,0.0,2024-04-12 12:51:17.221681,2024-04-12 12:51:17.646929,0 days 00:00:00.425248,70.0,100.0,0.24000000000000002,0.33,0.4,COMPLETE,,,,,,,
127.0,0.0,2024-04-12 12:51:17.648907,2024-04-12 12:51:18.045904,0 days 00:00:00.396997,90.0,70.0,0.76,0.41000000000000003,0.32,COMPLETE,,,,,,,
128.0,0.0,2024-04-12 12:51:18.046905,2024-04-12 12:51:18.199932,0 days 00:00:00.153027,20.0,100.0,0.82,0.29000000000000004,0.45999999999999996,COMPLETE,,,,,,,
129.0,0.0,2024-04-12 12:51:18.201902,2024-04-12 12:51:18.351930,0 days 00:00:00.150028,90.0,20.0,0.22,0.73,0.12000000000000001,COMPLETE,,,,,,,
130.0,0.0,2024-04-12 12:51:18.352904,2024-04-12 12:51:18.547928,0 days 00:00:00.195024,30.0,90.0,0.12000000000000001,0.35000000000000003,0.94,COMPLETE,,,,,,,
131.0,0.0,2024-04-12 12:51:18.548905,2024-04-12 12:51:18.763903,0 days 00:00:00.214998,50.0,60.0,0.72,0.91,0.6799999999999999,COMPLETE,,,,,,,
132.0,0.0,2024-04-12 12:51:18.764904,2024-04-12 12:51:18.960930,0 days 00:00:00.196026,40.0,70.0,0.64,0.21000000000000002,0.58,COMPLETE,,,,,,,
133.0,0.0,2024-04-12 12:51:18.961904,2024-04-12 12:51:19.164940,0 days 00:00:00.203036,50.0,60.0,0.66,0.03,0.62,COMPLETE,,,,,,,
134.0,0.0,2024-04-12 12:51:19.166904,2024-04-12 12:51:19.517332,0 days 00:00:00.350428,80.0,70.0,0.4,0.25,0.64,COMPLETE,,,,,,,
135.0,0.0,2024-04-12 12:51:19.518427,2024-04-12 12:51:19.860961,0 days 00:00:00.342534,70.0,80.0,0.7,0.06999999999999999,0.5,COMPLETE,,,,,,,
136.0,0.0,2024-04-12 12:51:19.861965,2024-04-12 12:51:20.071314,0 days 00:00:00.209349,60.0,50.0,0.64,0.81,0.38,COMPLETE,,,,,,,
137.0,0.0,2024-04-12 12:51:20.072339,2024-04-12 12:51:20.287341,0 days 00:00:00.215002,100.0,30.0,0.48,0.53,0.72,COMPLETE,,,,,,,
138.0,0.0,2024-04-12 12:51:20.289316,2024-04-12 12:51:20.361340,0 days 00:00:00.072024,40.0,10.0,0.78,0.13,0.6,COMPLETE,,,,,,,
139.0,0.0,2024-04-12 12:51:20.363315,2024-04-12 12:51:20.601340,0 days 00:00:00.238025,50.0,70.0,0.6799999999999999,0.29000000000000004,0.92,COMPLETE,,,,,,,
140.0,0.0,2024-04-12 12:51:20.603318,2024-04-12 12:51:20.738341,0 days 00:00:00.135023,20.0,80.0,0.45999999999999996,0.39,0.78,COMPLETE,,,,,,,
141.0,0.0,2024-04-12 12:51:20.740317,2024-04-12 12:51:20.962337,0 days 00:00:00.222020,40.0,80.0,1.0,0.5700000000000001,0.44000000000000006,COMPLETE,,,,,,,
142.0,0.0,2024-04-12 12:51:20.963336,2024-04-12 12:51:21.142340,0 days 00:00:00.179004,40.0,60.0,0.9,0.63,0.33999999999999997,COMPLETE,,,,,,,
143.0,0.0,2024-04-12 12:51:21.143315,2024-04-12 12:51:21.338349,0 days 00:00:00.195034,30.0,90.0,0.96,0.65,0.52,COMPLETE,,,,,,,
144.0,0.0,2024-04-12 12:51:21.339317,2024-04-12 12:51:21.480340,0 days 00:00:00.141023,40.0,40.0,0.98,0.53,0.98,COMPLETE,,,,,,,
145.0,0.0,2024-04-12 12:51:21.481316,2024-04-12 12:51:21.868297,0 days 00:00:00.386981,60.0,100.0,0.92,0.77,0.4,COMPLETE,,,,,,,
146.0,0.0,2024-04-12 12:51:21.869295,2024-04-12 12:51:22.165297,0 days 00:00:00.296002,50.0,90.0,0.56,0.59,0.56,COMPLETE,,,,,,,
147.0,0.0,2024-04-12 12:51:22.167274,2024-04-12 12:51:22.343297,0 days 00:00:00.176023,30.0,80.0,0.74,0.21000000000000002,0.96,COMPLETE,,,,,,,
148.0,0.0,2024-04-12 12:51:22.345271,2024-04-12 12:51:22.666296,0 days 00:00:00.321025,70.0,70.0,0.98,0.6900000000000001,0.42000000000000004,COMPLETE,,,,,,,
149.0,0.0,2024-04-12 12:51:22.667272,2024-04-12 12:51:22.870270,0 days 00:00:00.202998,40.0,70.0,0.6,0.8300000000000001,0.9,COMPLETE,,,,,,,
150.0,0.0,2024-04-12 12:51:22.871293,2024-04-12 12:51:22.986292,0 days 00:00:00.114999,20.0,60.0,0.8,0.99,0.82,COMPLETE,,,,,,,
151.0,0.0,2024-04-12 12:51:22.988272,2024-04-12 12:51:23.301270,0 days 00:00:00.312998,100.0,50.0,0.54,0.15000000000000002,0.98,COMPLETE,,,,,,,
152.0,0.0,2024-04-12 12:51:23.302271,2024-04-12 12:51:23.574269,0 days 00:00:00.271998,80.0,50.0,0.48,0.25,1.0,COMPLETE,,,,,,,
153.0,0.0,2024-04-12 12:51:23.576270,2024-04-12 12:51:23.766272,0 days 00:00:00.190002,90.0,30.0,0.36,0.21000000000000002,0.96,COMPLETE,,,,,,,
154.0,0.0,2024-04-12 12:51:23.768271,2024-04-12 12:51:24.034484,0 days 00:00:00.266213,100.0,40.0,0.5,0.45,1.0,COMPLETE,,,,,,,
155.0,0.0,2024-04-12 12:51:24.035483,2024-04-12 12:51:24.292505,0 days 00:00:00.257022,80.0,50.0,0.52,0.17,0.86,COMPLETE,,,,,,,
156.0,0.0,2024-04-12 12:51:24.293505,2024-04-12 12:51:24.894510,0 days 00:00:00.601005,100.0,100.0,0.86,0.29000000000000004,0.45999999999999996,COMPLETE,,,,,,,
